[14:03:22] [main/INFO]: Setting user: Player580
[14:03:24] [Client thread/INFO]: LWJGL Version: 2.9.1
[14:03:33] [Client thread/INFO]: Reloading ResourceManager: Default, FMLFileResourcePack:Forge Mod Loader, FMLFileResourcePack:Minecraft Forge, FMLFileResourcePack:Rebel's Turd Mod
[14:03:34] [Sound Library Loader/INFO]: Sound engine started
[14:03:38] [Client thread/INFO]: Created: 16x16 textures/blocks-atlas
[14:03:38] [Client thread/INFO]: Created: 16x16 textures/items-atlas
[14:03:38] [Client thread/INFO]: Reloading ResourceManager: Default, FMLFileResourcePack:Forge Mod Loader, FMLFileResourcePack:Minecraft Forge, FMLFileResourcePack:Rebel's Turd Mod
[14:03:38] [Client thread/INFO]: Created: 512x256 textures/blocks-atlas
[14:03:38] [Client thread/INFO]: Created: 256x256 textures/items-atlas
[14:03:39] [Sound Library Loader/INFO]: Sound engine started
[14:03:46] [Server thread/INFO]: Starting integrated minecraft server version 1.7.10
[14:03:46] [Server thread/INFO]: Generating keypair
[14:03:46] [Server thread/INFO]: Preparing start region for level 0
[14:03:47] [Server thread/INFO]: Preparing spawn area: 45%
[14:03:48] [Server thread/INFO]: Changing view distance to 8, from 10
[14:03:49] [Server thread/INFO]: Player580[local:E:69865c7e] logged in with entity id 353 at (-154.5694352891176, 64.0, 288.6511001296008)
[14:03:49] [Server thread/INFO]: Player580 joined the game
[14:04:01] [Client thread/ERROR]: ########## GL ERROR ##########
[14:04:01] [Client thread/ERROR]: @ Post render
[14:04:01] [Client thread/ERROR]: 1284: Stack underflow
[14:04:06] [Server thread/INFO]: Saving and pausing game...
[14:04:06] [Server thread/INFO]: Saving chunks for level 'New World'/Overworld
[14:04:07] [Server thread/INFO]: Saving chunks for level 'New World'/Nether
[14:04:07] [Server thread/INFO]: Saving chunks for level 'New World'/The End
[14:04:43] [Server thread/INFO]: Stopping server
[14:04:43] [Server thread/INFO]: Saving players
[14:04:43] [Server thread/INFO]: Saving worlds
[14:04:43] [Server thread/INFO]: Saving chunks for level 'New World'/Overworld
[14:04:44] [Server thread/INFO]: Saving chunks for level 'New World'/Nether
[14:04:44] [Server thread/INFO]: Saving chunks for level 'New World'/The End
[14:04:45] [Client thread/INFO]: Stopping!
[14:04:55] [main/INFO]: Setting user: Player825
[14:04:59] [Client thread/INFO]: LWJGL Version: 2.9.1
