#
# A fatal error has been detected by the Java Runtime Environment:
#
#  EXCEPTION_ACCESS_VIOLATION (0xc0000005) at pc=0x59454d51, pid=3912, tid=0x00001724
#
# JRE version: Java(TM) SE Runtime Environment (8.0_112-b15) (build 1.8.0_112-b15)
# Java VM: Java HotSpot(TM) Client VM (25.112-b15 mixed mode windows-x86 )
# Problematic frame:
# C  [nvoglv32.DLL+0xa84d51]
#
# Failed to write core dump. Minidumps are not enabled by default on client versions of Windows
#
# If you would like to submit a bug report, please visit:
#   http://bugreport.java.com/bugreport/crash.jsp
# The crash happened outside the Java Virtual Machine in native code.
# See problematic frame for where to report the bug.
#

---------------  T H R E A D  ---------------

Current thread (0x00d11400):  JavaThread "Client thread" [_thread_in_native, id=5924, stack(0x002f0000,0x00340000)]

siginfo: ExceptionCode=0xc0000005, reading address 0x00000008

Registers:
EAX=0x00000000, EBX=0x00000000, ECX=0x00000000, EDX=0x00000008
ESP=0x0033d8b8, EBP=0x0033d8c4, ESI=0x00000000, EDI=0x00000000
EIP=0x59454d51, EFLAGS=0x00010246

Top of Stack: (sp=0x0033d8b8)
0x0033d8b8:   00000000 00000000 00000000 0033d8e4
0x0033d8c8:   59458006 00000000 0033dd74 7117ce60
0x0033d8d8:   00000000 0033d934 4adb071c 0033d90c
0x0033d8e8:   5945673a 4acd0020 00000000 0033d934
0x0033d8f8:   0033dd74 00000000 7117ce60 582969c0
0x0033d908:   4acd0020 0033dd44 59540123 4acd0020
0x0033d918:   7117ce60 582969c0 0033d934 0033dd74
0x0033d928:   0033def4 582969c0 7117ce60 00000000 

Instructions: (pc=0x59454d51)
0x59454d31:   cc cc cc cc cc cc cc cc cc cc cc cc cc cc cc 55
0x59454d41:   8b ec 8b 45 08 8b 4d 08 53 56 8b 75 08 32 db 57
0x59454d51:   0f b7 78 08 85 ff 7e 20 83 c0 24 8d 64 24 00 0f
0x59454d61:   b7 50 fc 4a 74 22 83 ea 2c 75 07 b3 01 8b 08 8b 


Register to memory mapping:

EAX=0x00000000 is an unknown value
EBX=0x00000000 is an unknown value
ECX=0x00000000 is an unknown value
EDX=0x00000008 is an unknown value
ESP=0x0033d8b8 is pointing into the stack for thread: 0x00d11400
EBP=0x0033d8c4 is pointing into the stack for thread: 0x00d11400
ESI=0x00000000 is an unknown value
EDI=0x00000000 is an unknown value


Stack: [0x002f0000,0x00340000],  sp=0x0033d8b8,  free space=310k
Native frames: (J=compiled Java code, j=interpreted, Vv=VM code, C=native code)
C  [nvoglv32.DLL+0xa84d51]
C  [nvoglv32.DLL+0xa88006]
C  [nvoglv32.DLL+0xa8673a]
C  [nvoglv32.DLL+0xb70123]
C  [nvoglv32.DLL+0xb705f4]
C  [nvoglv32.DLL+0xaa31a9]
C  [nvoglv32.DLL+0xaa33e0]
C  [nvoglv32.DLL+0xaa380d]
C  [nvoglv32.DLL+0xb70bb6]
C  [nvoglv32.DLL+0xb3d733]
C  [nvoglv32.DLL+0xb38b41]
C  [nvoglv32.DLL+0xc2ad81]
C  [nvoglv32.DLL+0xc23615]
C  [lwjgl.dll+0x8389]
J 5942 C1 net.minecraft.client.model.ModelRenderer.render(F)V (411 bytes) @ 0x02d947f8 [0x02d93c30+0xbc8]
J 8433 C1 net.minecraft.client.model.ModelBiped.render(Lnet/minecraft/entity/Entity;FFFFFF)V (220 bytes) @ 0x02c4e0c4 [0x02c4d9e0+0x6e4]
J 5943 C1 net.minecraft.client.renderer.entity.RendererLivingEntity.doRender(Lnet/minecraft/entity/EntityLivingBase;DDDFF)V (1308 bytes) @ 0x03054964 [0x030533a0+0x15c4]
J 8835 C1 net.minecraft.client.renderer.entity.RenderBiped.doRender(Lnet/minecraft/entity/EntityLiving;DDDFF)V (131 bytes) @ 0x0301c834 [0x0301c630+0x204]
J 8825 C1 net.minecraft.client.renderer.entity.RenderZombie.doRender(Lnet/minecraft/entity/Entity;DDDFF)V (18 bytes) @ 0x03018cf4 [0x03018c50+0xa4]
J 3609 C1 net.minecraft.client.renderer.entity.RenderManager.func_147939_a(Lnet/minecraft/entity/Entity;DDDFFZ)Z (271 bytes) @ 0x02e8d3c8 [0x02e8d2e0+0xe8]
J 3607 C1 net.minecraft.client.renderer.entity.RenderManager.renderEntityStatic(Lnet/minecraft/entity/Entity;FZ)Z (192 bytes) @ 0x02e8c2b4 [0x02e8bff0+0x2c4]
J 3449 C1 net.minecraft.client.renderer.RenderGlobal.renderEntities(Lnet/minecraft/entity/EntityLivingBase;Lnet/minecraft/client/renderer/culling/ICamera;F)V (889 bytes) @ 0x02e1debc [0x02e1d2c0+0xbfc]
J 4212 C1 net.minecraft.client.renderer.EntityRenderer.renderWorld(FJ)V (1565 bytes) @ 0x02ff5d00 [0x02ff47d0+0x1530]
J 2424 C1 net.minecraft.client.renderer.EntityRenderer.updateCameraAndRender(F)V (874 bytes) @ 0x02c562ac [0x02c55b50+0x75c]
J 2357 C1 net.minecraft.client.Minecraft.runGameLoop()V (769 bytes) @ 0x02c24434 [0x02c23c30+0x804]
j  net.minecraft.client.Minecraft.run()V+61
j  net.minecraft.client.main.Main.main([Ljava/lang/String;)V+998
v  ~StubRoutines::call_stub
V  [jvm.dll+0x15a945]
V  [jvm.dll+0x220d0e]
V  [jvm.dll+0x15a9de]
V  [jvm.dll+0x167178]
V  [jvm.dll+0x1673e3]
V  [jvm.dll+0x103be3]
C  [java.dll+0x3b26]
j  sun.reflect.NativeMethodAccessorImpl.invoke(Ljava/lang/Object;[Ljava/lang/Object;)Ljava/lang/Object;+100
j  sun.reflect.DelegatingMethodAccessorImpl.invoke(Ljava/lang/Object;[Ljava/lang/Object;)Ljava/lang/Object;+6
j  java.lang.reflect.Method.invoke(Ljava/lang/Object;[Ljava/lang/Object;)Ljava/lang/Object;+56
j  net.minecraft.launchwrapper.Launch.launch([Ljava/lang/String;)V+661
j  net.minecraft.launchwrapper.Launch.main([Ljava/lang/String;)V+8
j  net.minecraftforge.gradle.GradleStartCommon.launch([Ljava/lang/String;)V+181
j  GradleStart.main([Ljava/lang/String;)V+11
v  ~StubRoutines::call_stub
V  [jvm.dll+0x15a945]
V  [jvm.dll+0x220d0e]
V  [jvm.dll+0x15a9de]
V  [jvm.dll+0xdc707]
V  [jvm.dll+0xe4c9f]
C  [javaw.exe+0x22ab]
C  [javaw.exe+0xaebf]
C  [javaw.exe+0xaf49]
C  [kernel32.dll+0x1338a]
C  [ntdll.dll+0x3bf32]
C  [ntdll.dll+0x3bf05]
C  0x00000000

Java frames: (J=compiled Java code, j=interpreted, Vv=VM code)
J 3458  org.lwjgl.opengl.GL11.nglCallList(IJ)V (0 bytes) @ 0x02e28bab [0x02e28b60+0x4b]
J 5942 C1 net.minecraft.client.model.ModelRenderer.render(F)V (411 bytes) @ 0x02d947f8 [0x02d93c30+0xbc8]
J 8433 C1 net.minecraft.client.model.ModelBiped.render(Lnet/minecraft/entity/Entity;FFFFFF)V (220 bytes) @ 0x02c4e0c4 [0x02c4d9e0+0x6e4]
J 5943 C1 net.minecraft.client.renderer.entity.RendererLivingEntity.doRender(Lnet/minecraft/entity/EntityLivingBase;DDDFF)V (1308 bytes) @ 0x03054964 [0x030533a0+0x15c4]
J 8835 C1 net.minecraft.client.renderer.entity.RenderBiped.doRender(Lnet/minecraft/entity/EntityLiving;DDDFF)V (131 bytes) @ 0x0301c834 [0x0301c630+0x204]
J 8825 C1 net.minecraft.client.renderer.entity.RenderZombie.doRender(Lnet/minecraft/entity/Entity;DDDFF)V (18 bytes) @ 0x03018cf4 [0x03018c50+0xa4]
J 3609 C1 net.minecraft.client.renderer.entity.RenderManager.func_147939_a(Lnet/minecraft/entity/Entity;DDDFFZ)Z (271 bytes) @ 0x02e8d3c8 [0x02e8d2e0+0xe8]
J 3607 C1 net.minecraft.client.renderer.entity.RenderManager.renderEntityStatic(Lnet/minecraft/entity/Entity;FZ)Z (192 bytes) @ 0x02e8c2b4 [0x02e8bff0+0x2c4]
J 3449 C1 net.minecraft.client.renderer.RenderGlobal.renderEntities(Lnet/minecraft/entity/EntityLivingBase;Lnet/minecraft/client/renderer/culling/ICamera;F)V (889 bytes) @ 0x02e1debc [0x02e1d2c0+0xbfc]
J 4212 C1 net.minecraft.client.renderer.EntityRenderer.renderWorld(FJ)V (1565 bytes) @ 0x02ff5d00 [0x02ff47d0+0x1530]
J 2424 C1 net.minecraft.client.renderer.EntityRenderer.updateCameraAndRender(F)V (874 bytes) @ 0x02c562ac [0x02c55b50+0x75c]
J 2357 C1 net.minecraft.client.Minecraft.runGameLoop()V (769 bytes) @ 0x02c24434 [0x02c23c30+0x804]
j  net.minecraft.client.Minecraft.run()V+61
j  net.minecraft.client.main.Main.main([Ljava/lang/String;)V+998
v  ~StubRoutines::call_stub
j  sun.reflect.NativeMethodAccessorImpl.invoke0(Ljava/lang/reflect/Method;Ljava/lang/Object;[Ljava/lang/Object;)Ljava/lang/Object;+0
j  sun.reflect.NativeMethodAccessorImpl.invoke(Ljava/lang/Object;[Ljava/lang/Object;)Ljava/lang/Object;+100
j  sun.reflect.DelegatingMethodAccessorImpl.invoke(Ljava/lang/Object;[Ljava/lang/Object;)Ljava/lang/Object;+6
j  java.lang.reflect.Method.invoke(Ljava/lang/Object;[Ljava/lang/Object;)Ljava/lang/Object;+56
j  net.minecraft.launchwrapper.Launch.launch([Ljava/lang/String;)V+661
j  net.minecraft.launchwrapper.Launch.main([Ljava/lang/String;)V+8
j  net.minecraftforge.gradle.GradleStartCommon.launch([Ljava/lang/String;)V+181
j  GradleStart.main([Ljava/lang/String;)V+11
v  ~StubRoutines::call_stub

---------------  P R O C E S S  ---------------

Java Threads: ( => current thread )
  0x51872000 JavaThread "File IO Thread" [_thread_blocked, id=4224, stack(0x6d810000,0x6d860000)]
  0x51871000 JavaThread "Chunk I/O Executor Thread-1" daemon [_thread_blocked, id=3428, stack(0x6bde0000,0x6be30000)]
  0x51870800 JavaThread "Netty IO #1" daemon [_thread_in_native, id=3272, stack(0x48a80000,0x48ad0000)]
  0x51870400 JavaThread "Netty Client IO #0" daemon [_thread_in_native, id=6012, stack(0x4ab70000,0x4abc0000)]
  0x535c8800 JavaThread "Netty IO #0" daemon [_thread_in_native, id=3372, stack(0x488c0000,0x48910000)]
  0x54567800 JavaThread "Server thread" [_thread_blocked, id=5680, stack(0x4eb20000,0x4eb70000)]
  0x68830400 JavaThread "Snooper Timer" daemon [_thread_blocked, id=3088, stack(0x4e8e0000,0x4e930000)]
  0x62f20800 JavaThread "Thread-11" [_thread_blocked, id=6076, stack(0x65210000,0x65260000)]
  0x67e40c00 JavaThread "Thread-10" [_thread_blocked, id=3408, stack(0x5dcf0000,0x5dd40000)]
  0x47e00800 JavaThread "LWJGL Timer" daemon [_thread_blocked, id=2512, stack(0x4fe20000,0x4fe70000)]
  0x47a5dc00 JavaThread "Java2D Disposer" daemon [_thread_blocked, id=6032, stack(0x498a0000,0x498f0000)]
  0x478d3c00 JavaThread "Timer hack thread" daemon [_thread_blocked, id=3836, stack(0x49440000,0x49490000)]
  0x47ae2400 JavaThread "Snooper Timer" daemon [_thread_blocked, id=1804, stack(0x49370000,0x493c0000)]
  0x46662800 JavaThread "Service Thread" daemon [_thread_blocked, id=2568, stack(0x47180000,0x471d0000)]
  0x46637c00 JavaThread "C1 CompilerThread0" daemon [_thread_blocked, id=4396, stack(0x470b0000,0x47100000)]
  0x46631000 JavaThread "Attach Listener" daemon [_thread_blocked, id=5936, stack(0x47100000,0x47150000)]
  0x46630000 JavaThread "Signal Dispatcher" daemon [_thread_blocked, id=5800, stack(0x46e40000,0x46e90000)]
  0x46639800 JavaThread "Surrogate Locker Thread (Concurrent GC)" daemon [_thread_blocked, id=3832, stack(0x46d90000,0x46de0000)]
  0x46623000 JavaThread "Finalizer" daemon [_thread_blocked, id=5156, stack(0x46c80000,0x46cd0000)]
  0x4661d400 JavaThread "Reference Handler" daemon [_thread_blocked, id=6068, stack(0x46c10000,0x46c60000)]
=>0x00d11400 JavaThread "Client thread" [_thread_in_native, id=5924, stack(0x002f0000,0x00340000)]

Other Threads:
  0x465fa400 VMThread [stack: 0x463b0000,0x46400000] [id=3376]
  0x46663400 WatcherThread [stack: 0x47230000,0x47280000] [id=4656]

VM state:not at safepoint (normal execution)

VM Mutex/Monitor currently owned by a thread: None

Heap:
 par new generation   total 235968K, used 109963K [0x04800000, 0x14800000, 0x14800000)
  eden space 209792K,  42% used [0x04800000, 0x09e38888, 0x114e0000)
  from space 26176K,  82% used [0x12e70000, 0x1439a620, 0x14800000)
  to   space 26176K,   0% used [0x114e0000, 0x114e0000, 0x12e70000)
 concurrent mark-sweep generation total 786432K, used 128092K [0x14800000, 0x44800000, 0x44800000)
 Metaspace       used 22797K, capacity 23043K, committed 23168K, reserved 23936K

Card table byte_map: [0x44800000,0x44a10000] byte_map_base: 0x447dc000

Marking Bits: (CMSBitMap*) 0x00d832d0
 Bits: [0x44ba0000, 0x463a0000)

Mod Union Table: (CMSBitMap*) 0x00d83330
 Bits: [0x00510000, 0x00540000)

Polling page: 0x00170000

CodeCache: size=32768Kb used=7457Kb max_used=8941Kb free=25310Kb
 bounds [0x02770000, 0x03078000, 0x04770000]
 total_blobs=3225 nmethods=2823 adapters=330
 compilation: enabled

Compilation events (10 events):
Event: 407.464 Thread 0x46637c00 9456             net.minecraft.tileentity.TileEntityChest::checkForAdjacentChests (293 bytes)
Event: 407.464 Thread 0x46637c00 nmethod 9456 0x02baa2c8 code [0x02baa470, 0x02baa890]
Event: 407.503 Thread 0x46637c00 9457             java.nio.DirectIntBufferU::put (18 bytes)
Event: 407.503 Thread 0x46637c00 nmethod 9457 0x02baa048 code [0x02baa140, 0x02baa1f0]
Event: 407.508 Thread 0x46637c00 9458             java.awt.image.IndexColorModel::setRGBs (240 bytes)
Event: 407.514 Thread 0x46637c00 nmethod 9458 0x02ba92c8 code [0x02ba9440, 0x02ba9998]
Event: 407.612 Thread 0x46637c00 9459             java.lang.Class::getName (21 bytes)
Event: 407.613 Thread 0x46637c00 nmethod 9459 0x02a4b7c8 code [0x02a4b8c0, 0x02a4b97c]
Event: 407.615 Thread 0x46637c00 9460             com.sun.imageio.plugins.png.PNGImageReader::decodeAverageFilter (128 bytes)
Event: 407.616 Thread 0x46637c00 nmethod 9460 0x029ec708 code [0x029ec820, 0x029eca60]

GC Heap History (10 events):
Event: 361.586 GC heap before
{Heap before GC invocations=32 (full 15):
 par new generation   total 235968K, used 229627K [0x04800000, 0x14800000, 0x14800000)
  eden space 209792K, 100% used [0x04800000, 0x114e0000, 0x114e0000)
  from space 26176K,  75% used [0x114e0000, 0x1283ef50, 0x12e70000)
  to   space 26176K,   0% used [0x12e70000, 0x12e70000, 0x14800000)
 concurrent mark-sweep generation total 786432K, used 118923K [0x14800000, 0x44800000, 0x44800000)
 Metaspace       used 22714K, capacity 22915K, committed 23040K, reserved 23936K
Event: 361.593 GC heap after
Heap after GC invocations=33 (full 15):
 par new generation   total 235968K, used 23070K [0x04800000, 0x14800000, 0x14800000)
  eden space 209792K,   0% used [0x04800000, 0x04800000, 0x114e0000)
  from space 26176K,  88% used [0x12e70000, 0x144f7820, 0x14800000)
  to   space 26176K,   0% used [0x114e0000, 0x114e0000, 0x12e70000)
 concurrent mark-sweep generation total 786432K, used 123533K [0x14800000, 0x44800000, 0x44800000)
 Metaspace       used 22714K, capacity 22915K, committed 23040K, reserved 23936K
}
Event: 373.335 GC heap before
{Heap before GC invocations=33 (full 15):
 par new generation   total 235968K, used 232862K [0x04800000, 0x14800000, 0x14800000)
  eden space 209792K, 100% used [0x04800000, 0x114e0000, 0x114e0000)
  from space 26176K,  88% used [0x12e70000, 0x144f7820, 0x14800000)
  to   space 26176K,   0% used [0x114e0000, 0x114e0000, 0x12e70000)
 concurrent mark-sweep generation total 786432K, used 123533K [0x14800000, 0x44800000, 0x44800000)
 Metaspace       used 22714K, capacity 22915K, committed 23040K, reserved 23936K
Event: 373.342 GC heap after
Heap after GC invocations=34 (full 15):
 par new generation   total 235968K, used 19103K [0x04800000, 0x14800000, 0x14800000)
  eden space 209792K,   0% used [0x04800000, 0x04800000, 0x114e0000)
  from space 26176K,  72% used [0x114e0000, 0x12787e90, 0x12e70000)
  to   space 26176K,   0% used [0x12e70000, 0x12e70000, 0x14800000)
 concurrent mark-sweep generation total 786432K, used 128092K [0x14800000, 0x44800000, 0x44800000)
 Metaspace       used 22714K, capacity 22915K, committed 23040K, reserved 23936K
}
Event: 384.424 GC heap before
{Heap before GC invocations=34 (full 15):
 par new generation   total 235968K, used 228895K [0x04800000, 0x14800000, 0x14800000)
  eden space 209792K, 100% used [0x04800000, 0x114e0000, 0x114e0000)
  from space 26176K,  72% used [0x114e0000, 0x12787e90, 0x12e70000)
  to   space 26176K,   0% used [0x12e70000, 0x12e70000, 0x14800000)
 concurrent mark-sweep generation total 786432K, used 128092K [0x14800000, 0x44800000, 0x44800000)
 Metaspace       used 22714K, capacity 22915K, committed 23040K, reserved 23936K
Event: 384.429 GC heap after
Heap after GC invocations=35 (full 15):
 par new generation   total 235968K, used 16285K [0x04800000, 0x14800000, 0x14800000)
  eden space 209792K,   0% used [0x04800000, 0x04800000, 0x114e0000)
  from space 26176K,  62% used [0x12e70000, 0x13e576e8, 0x14800000)
  to   space 26176K,   0% used [0x114e0000, 0x114e0000, 0x12e70000)
 concurrent mark-sweep generation total 786432K, used 128092K [0x14800000, 0x44800000, 0x44800000)
 Metaspace       used 22714K, capacity 22915K, committed 23040K, reserved 23936K
}
Event: 394.595 GC heap before
{Heap before GC invocations=35 (full 15):
 par new generation   total 235968K, used 226077K [0x04800000, 0x14800000, 0x14800000)
  eden space 209792K, 100% used [0x04800000, 0x114e0000, 0x114e0000)
  from space 26176K,  62% used [0x12e70000, 0x13e576e8, 0x14800000)
  to   space 26176K,   0% used [0x114e0000, 0x114e0000, 0x12e70000)
 concurrent mark-sweep generation total 786432K, used 128092K [0x14800000, 0x44800000, 0x44800000)
 Metaspace       used 22795K, capacity 23043K, committed 23168K, reserved 23936K
Event: 394.600 GC heap after
Heap after GC invocations=36 (full 15):
 par new generation   total 235968K, used 16172K [0x04800000, 0x14800000, 0x14800000)
  eden space 209792K,   0% used [0x04800000, 0x04800000, 0x114e0000)
  from space 26176K,  61% used [0x114e0000, 0x124ab268, 0x12e70000)
  to   space 26176K,   0% used [0x12e70000, 0x12e70000, 0x14800000)
 concurrent mark-sweep generation total 786432K, used 128092K [0x14800000, 0x44800000, 0x44800000)
 Metaspace       used 22795K, capacity 23043K, committed 23168K, reserved 23936K
}
Event: 407.508 GC heap before
{Heap before GC invocations=36 (full 15):
 par new generation   total 235968K, used 211794K [0x04800000, 0x14800000, 0x14800000)
  eden space 209792K,  93% used [0x04800000, 0x10709888, 0x114e0000)
  from space 26176K,  61% used [0x114e0000, 0x124ab268, 0x12e70000)
  to   space 26176K,   0% used [0x12e70000, 0x12e70000, 0x14800000)
 concurrent mark-sweep generation total 786432K, used 128092K [0x14800000, 0x44800000, 0x44800000)
 Metaspace       used 22797K, capacity 23043K, committed 23168K, reserved 23936K
Event: 407.514 GC heap after
Heap after GC invocations=37 (full 15):
 par new generation   total 235968K, used 21673K [0x04800000, 0x14800000, 0x14800000)
  eden space 209792K,   0% used [0x04800000, 0x04800000, 0x114e0000)
  from space 26176K,  82% used [0x12e70000, 0x1439a620, 0x14800000)
  to   space 26176K,   0% used [0x114e0000, 0x114e0000, 0x12e70000)
 concurrent mark-sweep generation total 786432K, used 128092K [0x14800000, 0x44800000, 0x44800000)
 Metaspace       used 22797K, capacity 23043K, committed 23168K, reserved 23936K
}

Deoptimization events (0 events):
No events

Internal exceptions (10 events):
Event: 407.517 Thread 0x67e40c00 Exception <a 'java/lang/InterruptedException': sleep interrupted> (0x05984468) thrown at [C:\re\workspace\8-2-build-windows-i586-cygwin\jdk8u112\7884\hotspot\src\share\vm\prims\jvm.cpp, line 3228]
Event: 407.529 Thread 0x67e40c00 Exception <a 'java/lang/InterruptedException': sleep interrupted> (0x059846e8) thrown at [C:\re\workspace\8-2-build-windows-i586-cygwin\jdk8u112\7884\hotspot\src\share\vm\prims\jvm.cpp, line 3228]
Event: 407.543 Thread 0x67e40c00 Exception <a 'java/lang/InterruptedException': sleep interrupted> (0x05984968) thrown at [C:\re\workspace\8-2-build-windows-i586-cygwin\jdk8u112\7884\hotspot\src\share\vm\prims\jvm.cpp, line 3228]
Event: 407.557 Thread 0x67e40c00 Exception <a 'java/lang/InterruptedException': sleep interrupted> (0x05984be8) thrown at [C:\re\workspace\8-2-build-windows-i586-cygwin\jdk8u112\7884\hotspot\src\share\vm\prims\jvm.cpp, line 3228]
Event: 407.558 Thread 0x67e40c00 Exception <a 'java/lang/InterruptedException': sleep interrupted> (0x05984e28) thrown at [C:\re\workspace\8-2-build-windows-i586-cygwin\jdk8u112\7884\hotspot\src\share\vm\prims\jvm.cpp, line 3228]
Event: 407.569 Thread 0x67e40c00 Exception <a 'java/lang/InterruptedException': sleep interrupted> (0x059850a8) thrown at [C:\re\workspace\8-2-build-windows-i586-cygwin\jdk8u112\7884\hotspot\src\share\vm\prims\jvm.cpp, line 3228]
Event: 407.583 Thread 0x67e40c00 Exception <a 'java/lang/InterruptedException': sleep interrupted> (0x05985328) thrown at [C:\re\workspace\8-2-build-windows-i586-cygwin\jdk8u112\7884\hotspot\src\share\vm\prims\jvm.cpp, line 3228]
Event: 407.596 Thread 0x67e40c00 Exception <a 'java/lang/InterruptedException': sleep interrupted> (0x059855a8) thrown at [C:\re\workspace\8-2-build-windows-i586-cygwin\jdk8u112\7884\hotspot\src\share\vm\prims\jvm.cpp, line 3228]
Event: 407.610 Thread 0x67e40c00 Exception <a 'java/lang/InterruptedException': sleep interrupted> (0x05985828) thrown at [C:\re\workspace\8-2-build-windows-i586-cygwin\jdk8u112\7884\hotspot\src\share\vm\prims\jvm.cpp, line 3228]
Event: 407.611 Thread 0x67e40c00 Exception <a 'java/lang/InterruptedException': sleep interrupted> (0x05985a68) thrown at [C:\re\workspace\8-2-build-windows-i586-cygwin\jdk8u112\7884\hotspot\src\share\vm\prims\jvm.cpp, line 3228]

Events (10 events):
Event: 407.517 Thread 0x46637c00 flushing nmethod 0x02a1f788
Event: 407.517 Thread 0x46637c00 flushing nmethod 0x02a1f9c8
Event: 407.517 Thread 0x46637c00 flushing nmethod 0x02a1ff48
Event: 407.517 Thread 0x46637c00 flushing nmethod 0x02a46f88
Event: 407.517 Thread 0x46637c00 flushing nmethod 0x02a4b788
Event: 407.517 Thread 0x46637c00 flushing nmethod 0x02a82408
Event: 407.613 Thread 0x46637c00 flushing nmethod 0x02c7e208
Event: 407.616 Thread 0x46637c00 flushing nmethod 0x02d4af48
Event: 407.616 Thread 0x46637c00 flushing nmethod 0x02d5e448
Event: 407.617 Thread 0x46637c00 flushing nmethod 0x02dd4848


Dynamic libraries:
0x00e60000 - 0x00e93000 	C:\Program Files (x86)\Java\jre1.8.0_112\bin\javaw.exe
0x776e0000 - 0x77860000 	C:\Windows\SysWOW64\ntdll.dll
0x75ac0000 - 0x75bd0000 	C:\Windows\syswow64\kernel32.dll
0x76f20000 - 0x76f67000 	C:\Windows\syswow64\KERNELBASE.dll
0x770e0000 - 0x77181000 	C:\Windows\syswow64\ADVAPI32.dll
0x75bd0000 - 0x75c7c000 	C:\Windows\syswow64\msvcrt.dll
0x75100000 - 0x75119000 	C:\Windows\SysWOW64\sechost.dll
0x76f80000 - 0x77070000 	C:\Windows\syswow64\RPCRT4.dll
0x75060000 - 0x750c0000 	C:\Windows\syswow64\SspiCli.dll
0x75050000 - 0x7505c000 	C:\Windows\syswow64\CRYPTBASE.dll
0x76e20000 - 0x76f20000 	C:\Windows\syswow64\USER32.dll
0x75700000 - 0x75790000 	C:\Windows\syswow64\GDI32.dll
0x755f0000 - 0x755fa000 	C:\Windows\syswow64\LPK.dll
0x75550000 - 0x755ed000 	C:\Windows\syswow64\USP10.dll
0x72780000 - 0x7291e000 	C:\Windows\WinSxS\x86_microsoft.windows.common-controls_6595b64144ccf1df_6.0.7601.17514_none_41e6975e2bd6f2b2\COMCTL32.dll
0x77080000 - 0x770d7000 	C:\Windows\syswow64\SHLWAPI.dll
0x76d40000 - 0x76da0000 	C:\Windows\system32\IMM32.DLL
0x75290000 - 0x7535c000 	C:\Windows\syswow64\MSCTF.dll
0x6eb30000 - 0x6ebef000 	C:\Program Files (x86)\Java\jre1.8.0_112\bin\msvcr100.dll
0x664c0000 - 0x6688e000 	C:\Program Files (x86)\Java\jre1.8.0_112\bin\client\jvm.dll
0x72f90000 - 0x72f97000 	C:\Windows\system32\WSOCK32.dll
0x75360000 - 0x75395000 	C:\Windows\syswow64\WS2_32.dll
0x76f70000 - 0x76f76000 	C:\Windows\syswow64\NSI.dll
0x74480000 - 0x744b2000 	C:\Windows\system32\WINMM.dll
0x74f80000 - 0x74f89000 	C:\Windows\system32\VERSION.dll
0x75120000 - 0x75125000 	C:\Windows\syswow64\PSAPI.DLL
0x6e170000 - 0x6e17c000 	C:\Program Files (x86)\Java\jre1.8.0_112\bin\verify.dll
0x6d0a0000 - 0x6d0c1000 	C:\Program Files (x86)\Java\jre1.8.0_112\bin\java.dll
0x6d870000 - 0x6d883000 	C:\Program Files (x86)\Java\jre1.8.0_112\bin\zip.dll
0x76090000 - 0x76cdb000 	C:\Windows\syswow64\SHELL32.dll
0x75130000 - 0x7528c000 	C:\Windows\syswow64\ole32.dll
0x750f0000 - 0x750fb000 	C:\Windows\syswow64\profapi.dll
0x6eb20000 - 0x6eb2a000 	C:\Program Files (x86)\Java\jre1.8.0_112\bin\management.dll
0x6c7d0000 - 0x6c7e6000 	C:\Program Files (x86)\Java\jre1.8.0_112\bin\net.dll
0x72f00000 - 0x72f3c000 	C:\Windows\system32\mswsock.dll
0x71820000 - 0x71826000 	C:\Windows\System32\wship6.dll
0x6dfd0000 - 0x6dfdf000 	C:\Program Files (x86)\Java\jre1.8.0_112\bin\nio.dll
0x74ba0000 - 0x74bb0000 	C:\Windows\system32\NLAapi.dll
0x74bb0000 - 0x74bc0000 	C:\Windows\system32\napinsp.dll
0x74b80000 - 0x74b92000 	C:\Windows\system32\pnrpnsp.dll
0x74b30000 - 0x74b74000 	C:\Windows\system32\DNSAPI.dll
0x74b20000 - 0x74b28000 	C:\Windows\System32\winrnr.dll
0x74af0000 - 0x74b11000 	C:\Program Files (x86)\Bonjour\mdnsNSP.dll
0x72b20000 - 0x72b3c000 	C:\Windows\system32\Iphlpapi.DLL
0x72e90000 - 0x72e97000 	C:\Windows\system32\WINNSI.DLL
0x74ac0000 - 0x74ae7000 	C:\Program Files (x86)\Common Files\Microsoft Shared\Windows Live\WLIDNSP.DLL
0x72f40000 - 0x72f5e000 	C:\Program Files (x86)\Common Files\Netop\WebFilterLSP32.dll
0x75620000 - 0x756af000 	C:\Windows\syswow64\OLEAUT32.dll
0x747b0000 - 0x74819000 	C:\Windows\system32\MSVCP100.dll
0x750c0000 - 0x750ee000 	C:\Windows\syswow64\WINTRUST.dll
0x757a0000 - 0x758c0000 	C:\Windows\syswow64\CRYPT32.dll
0x753d0000 - 0x753dc000 	C:\Windows\syswow64\MSASN1.dll
0x72ee0000 - 0x72eeb000 	C:\Program Files (x86)\Common Files\Netop\WebFilterLogger32.dll
0x72ed0000 - 0x72ed5000 	C:\Windows\System32\wshtcpip.dll
0x74c00000 - 0x74c80000 	C:\Windows\system32\uxtheme.dll
0x74a60000 - 0x74a66000 	C:\Windows\system32\rasadhlp.dll
0x77190000 - 0x77213000 	C:\Windows\syswow64\CLBCatQ.DLL
0x74940000 - 0x74978000 	C:\Windows\System32\fwpuclnt.dll
0x72ea0000 - 0x72ecd000 	C:\Program Files (x86)\Netop\Vision\Plugins\WebLock\WebFilterMgr32.dll
0x72e60000 - 0x72e8f000 	C:\Windows\system32\XmlLite.dll
0x72e30000 - 0x72e56000 	C:\Windows\system32\ATL100.DLL
0x74ef0000 - 0x74f11000 	C:\Windows\system32\ntmarta.dll
0x756b0000 - 0x756f5000 	C:\Windows\syswow64\WLDAP32.dll
0x72970000 - 0x72986000 	C:\Windows\system32\CRYPTSP.dll
0x72930000 - 0x7296b000 	C:\Windows\system32\rsaenh.dll
0x72920000 - 0x7292e000 	C:\Windows\system32\RpcRtRemote.dll
0x72700000 - 0x72713000 	C:\Windows\system32\dwmapi.dll
0x46b80000 - 0x46bcd000 	C:\Users\1203038\.gradle\caches\minecraft\net\minecraft\minecraft_natives\1.7.10\lwjgl.dll
0x6ea50000 - 0x6eb18000 	C:\Windows\system32\OPENGL32.dll
0x6ea20000 - 0x6ea42000 	C:\Windows\system32\GLU32.dll
0x6e930000 - 0x6ea17000 	C:\Windows\system32\DDRAW.dll
0x6e920000 - 0x6e926000 	C:\Windows\system32\DCIMAN32.dll
0x75ec0000 - 0x7605d000 	C:\Windows\syswow64\SETUPAPI.dll
0x772b0000 - 0x772d7000 	C:\Windows\syswow64\CFGMGR32.dll
0x753e0000 - 0x753f2000 	C:\Windows\syswow64\DEVOBJ.dll
0x75600000 - 0x75617000 	C:\Windows\syswow64\USERENV.dll
0x74cb0000 - 0x74cbd000 	C:\Windows\system32\dhcpcsvc6.DLL
0x74c90000 - 0x74ca2000 	C:\Windows\system32\dhcpcsvc.DLL
0x6e7d0000 - 0x6e916000 	C:\Program Files (x86)\Java\jre1.8.0_112\bin\awt.dll
0x589d0000 - 0x5a233000 	C:\Windows\system32\nvoglv32.DLL
0x72f80000 - 0x72f8d000 	C:\Windows\system32\WTSAPI32.dll
0x71aa0000 - 0x71b8b000 	C:\Windows\system32\dbghelp.dll
0x6b930000 - 0x6b9a9000 	C:\Windows\system32\mscms.dll
0x6c7f0000 - 0x6c828000 	C:\Windows\system32\icm32.dll
0x726b0000 - 0x726d9000 	C:\Windows\system32\WINSTA.dll
0x70a40000 - 0x70a7a000 	C:\Users\1203038\.gradle\caches\minecraft\net\minecraft\minecraft_natives\1.7.10\avutil-ttv-51.dll
0x65980000 - 0x6599d000 	C:\Users\1203038\.gradle\caches\minecraft\net\minecraft\minecraft_natives\1.7.10\swresample-ttv-0.dll
0x49f90000 - 0x4a019000 	C:\Users\1203038\.gradle\caches\minecraft\net\minecraft\minecraft_natives\1.7.10\libmp3lame-ttv.dll
0x5e000000 - 0x5ef80000 	C:\Users\1203038\.gradle\caches\minecraft\net\minecraft\minecraft_natives\1.7.10\libmfxsw32.dll
0x6e6c0000 - 0x6e7c3000 	C:\Users\1203038\.gradle\caches\minecraft\net\minecraft\minecraft_natives\1.7.10\twitchsdk.dll
0x758d0000 - 0x75ab4000 	C:\Windows\syswow64\WININET.dll
0x76070000 - 0x76074000 	C:\Windows\syswow64\api-ms-win-downlevel-user32-l1-1-0.dll
0x776b0000 - 0x776b4000 	C:\Windows\syswow64\api-ms-win-downlevel-shlwapi-l1-1-0.dll
0x758c0000 - 0x758c4000 	C:\Windows\syswow64\api-ms-win-downlevel-version-l1-1-0.dll
0x75790000 - 0x75793000 	C:\Windows\syswow64\api-ms-win-downlevel-normaliz-l1-1-0.dll
0x76060000 - 0x76063000 	C:\Windows\syswow64\normaliz.DLL
0x75c80000 - 0x75eb2000 	C:\Windows\syswow64\iertutil.dll
0x76080000 - 0x76085000 	C:\Windows\syswow64\api-ms-win-downlevel-advapi32-l1-1-0.dll
0x46460000 - 0x46479000 	C:\Windows\system32\OpenAL32.dll
0x6fbd0000 - 0x6fc09000 	C:\Windows\system32\MMDevAPI.DLL
0x71260000 - 0x71355000 	C:\Windows\system32\PROPSYS.dll
0x6e690000 - 0x6e6c0000 	C:\Windows\system32\wdmaud.drv
0x6e100000 - 0x6e104000 	C:\Windows\system32\ksuser.dll
0x6ff60000 - 0x6ff67000 	C:\Windows\system32\AVRT.dll
0x6fc10000 - 0x6fc46000 	C:\Windows\system32\AUDIOSES.DLL
0x6e680000 - 0x6e688000 	C:\Windows\system32\msacm32.drv
0x6e660000 - 0x6e674000 	C:\Windows\system32\MSACM32.dll
0x6e650000 - 0x6e657000 	C:\Windows\system32\midimap.dll
0x5df80000 - 0x5dff2000 	C:\Windows\system32\dsound.dll
0x6df90000 - 0x6dfb5000 	C:\Windows\system32\POWRPROF.dll
0x5d5c0000 - 0x5da18000 	C:\Windows\system32\wrap_oal.dll
0x5db40000 - 0x5dba5000 	C:\Users\1203038\.gradle\caches\minecraft\net\minecraft\minecraft_natives\1.7.10\OpenAL32.dll
0x46c60000 - 0x46c80000 	C:\Program Files (x86)\Java\jre1.8.0_112\bin\sunec.dll
0x717d0000 - 0x717d9000 	C:\Program Files (x86)\Java\jre1.8.0_112\bin\sunmscapi.dll

VM Arguments:
jvm_args: -Xincgc -Xmx1024M -Xms1024M -Dfile.encoding=Cp1252 
java_command: GradleStart
java_class_path (initial): G:\Eclipse_Workspace\Turd Mod\bin;C:\Users\1203038\.gradle\caches\minecraft\net\minecraftforge\forge\1.7.10-10.13.4.1614-1.7.10\forgeSrc-1.7.10-10.13.4.1614-1.7.10.jar;C:\Users\1203038\.gradle\caches\modules-2\files-2.1\net.minecraft\launchwrapper\1.12\111e7bea9c968cdb3d06ef4632bf7ff0824d0f36\launchwrapper-1.12.jar;C:\Users\1203038\.gradle\caches\modules-2\files-2.1\com.google.code.findbugs\jsr305\1.3.9\40719ea6961c0cb6afaeb6a921eaa1f6afd4cfdf\jsr305-1.3.9.jar;C:\Users\1203038\.gradle\caches\modules-2\files-2.1\org.ow2.asm\asm-debug-all\5.0.3\f9e364ae2a66ce2a543012a4668856e84e5dab74\asm-debug-all-5.0.3.jar;C:\Users\1203038\.gradle\caches\modules-2\files-2.1\com.typesafe.akka\akka-actor_2.11\2.3.3\ed62e9fc709ca0f2ff1a3220daa8b70a2870078e\akka-actor_2.11-2.3.3.jar;C:\Users\1203038\.gradle\caches\modules-2\files-2.1\com.typesafe\config\1.2.1\f771f71fdae3df231bcd54d5ca2d57f0bf93f467\config-1.2.1.jar;C:\Users\1203038\.gradle\caches\modules-2\files-2.1\org.scala-lang\scala-actors-migration_2.11\1.1.0\dfa8bc42b181d5b9f1a5dd147f8ae308b893eb6f\scala-actors-migration_2.11-1.1.0.jar;C:\Users\1203038\.gradle\caches\modules-2\files-2.1\org.scala-lang\scala-compiler\2.11.1\56ea2e6c025e0821f28d73ca271218b8dd04926a\scala-compiler-2.11.1.jar;C:\Users\1203038\.gradle\caches\modules-2\files-2.1\org.scala-lang.plugins\scala-continuations-library_2.11\1.0.2\e517c53a7e9acd6b1668c5a35eccbaa3bab9aac\scala-continuations-library_2.11-1.0.2.jar;C:\Users\1203038\.gradle\caches\modules-2\files-2.1\org.scala-lang.plugins\scala-continuations-plugin_2.11.1\1.0.2\f361a3283452c57fa30c1ee69448995de23c60f7\scala-continuations-plugin_2.11.1-1.0.2.jar;C:\Users\1203038\.gradle\caches\modules-2\files-2.1\org.scala-lang\scala-library\2.11.1\e11da23da3eabab9f4777b9220e60d44c1aab6a\scala-library-2.11.1.jar;C:\Users\1203038\.gradle\caches\modules-2\files-2.1\org.scala-lang\scala-parser-combinators_2.11\1.0.1\f05d7345bf5a58924f2837c6c1f4d73a938e1ff0\scala-parser-combinators_2.11-1.
Launcher Type: SUN_STANDARD

Environment Variables:
PATH=C:/Program Files (x86)/Java/jre1.8.0_112/bin/client;C:/Program Files (x86)/Java/jre1.8.0_112/bin;C:/Program Files (x86)/Java/jre1.8.0_112/lib/i386;C:\ProgramData\Oracle\Java\javapath;C:\Program Files\Common Files\Microsoft Shared\Windows Live;C:\Program Files (x86)\Common Files\Microsoft Shared\Windows Live;C:\Windows\system32;C:\Windows;C:\Windows\System32\Wbem;C:\Windows\System32\WindowsPowerShell\v1.0\;C:\Program Files (x86)\QuickTime\QTSystem\;C:\Program Files (x86)\Windows Live\Shared;C:\Program Files (x86)\Common Files\Netop\;C:\Program Files (x86)\Netop\Vision\XL\;C:\Windows\system32\config\systemprofile\.dnx\bin;C:\Program Files\Microsoft DNX\Dnvm\;C:\Program Files\Microsoft SQL Server\130\Tools\Binn\;C:\Program Files\Microsoft SQL Server\110\Tools\Binn\;C:\Program Files (x86)\Windows Kits\8.1\Windows Performance Toolkit\;C:\Program Files (x86)\nodejs\;C:\Program Files\Git\cmd;G:\Eclipse_Workspace\Turd Mod\src\main\java\com\turd\block;
USERNAME=1203038
OS=Windows_NT
PROCESSOR_IDENTIFIER=Intel64 Family 6 Model 60 Stepping 3, GenuineIntel



---------------  S Y S T E M  ---------------

OS:Call to GetFileVersionInfoSize failed

CPU:total 4 (4 cores per cpu, 1 threads per core) family 6 model 60 stepping 3, cmov, cx8, fxsr, mmx, sse, sse2, sse3, ssse3, sse4.1, sse4.2, popcnt, avx, avx2, aes, clmul, erms, lzcnt, tsc, tscinvbit, bmi1, bmi2

Memory: 4k page, physical 6213540k(2990560k free), swap 12425220k(8214376k free)

vm_info: Java HotSpot(TM) Client VM (25.112-b15) for windows-x86 JRE (1.8.0_112-b15), built on Sep 22 2016 21:03:20 by "java_re" with MS VC++ 10.0 (VS2010)

time: Thu Feb 02 12:46:10 2017
elapsed time: 407 seconds (0d 0h 6m 47s)

