#
# A fatal error has been detected by the Java Runtime Environment:
#
#  EXCEPTION_ACCESS_VIOLATION (0xc0000005) at pc=0x4a643471, pid=2160, tid=0x000028bc
#
# JRE version: Java(TM) SE Runtime Environment (8.0_121-b13) (build 1.8.0_121-b13)
# Java VM: Java HotSpot(TM) Client VM (25.121-b13 mixed mode windows-x86 )
# Problematic frame:
# C  [nvoglv32.DLL+0xa83471]
#
# Failed to write core dump. Minidumps are not enabled by default on client versions of Windows
#
# If you would like to submit a bug report, please visit:
#   http://bugreport.java.com/bugreport/crash.jsp
# The crash happened outside the Java Virtual Machine in native code.
# See problematic frame for where to report the bug.
#

---------------  T H R E A D  ---------------

Current thread (0x02142800):  JavaThread "Client thread" [_thread_in_native, id=10428, stack(0x00990000,0x009e0000)]

siginfo: ExceptionCode=0xc0000005, reading address 0x00000008

Registers:
EAX=0x00000000, EBX=0x00000000, ECX=0x00000000, EDX=0x00000000
ESP=0x009dd974, EBP=0x009dd980, ESI=0x00000000, EDI=0x00000000
EIP=0x4a643471, EFLAGS=0x00010246

Top of Stack: (sp=0x009dd974)
0x009dd974:   00000000 00000000 00000000 009dd9a0
0x009dd984:   4a646716 00000000 009dde28 00101e68
0x009dd994:   00000000 009dd9f0 4dc62744 009dd9c8
0x009dd9a4:   4a644e5a 4db82020 00000000 009dd9f0
0x009dd9b4:   009dde28 00000000 00101e68 4e0f3470
0x009dd9c4:   4db82020 009dddf8 4a72e873 4db82020
0x009dd9d4:   00101e68 4e0f3470 009dd9f0 009dde28
0x009dd9e4:   009ddfa8 4e0f3470 00101e68 00000000 

Instructions: (pc=0x4a643471)
0x4a643451:   cc cc cc cc cc cc cc cc cc cc cc cc cc cc cc 55
0x4a643461:   8b ec 8b 45 08 8b 4d 08 53 56 8b 75 08 32 db 57
0x4a643471:   0f b7 78 08 85 ff 7e 20 83 c0 24 8d 64 24 00 0f
0x4a643481:   b7 50 fc 4a 74 22 83 ea 2c 75 07 b3 01 8b 08 8b 


Register to memory mapping:

EAX=0x00000000 is an unknown value
EBX=0x00000000 is an unknown value
ECX=0x00000000 is an unknown value
EDX=0x00000000 is an unknown value
ESP=0x009dd974 is pointing into the stack for thread: 0x02142800
EBP=0x009dd980 is pointing into the stack for thread: 0x02142800
ESI=0x00000000 is an unknown value
EDI=0x00000000 is an unknown value


Stack: [0x00990000,0x009e0000],  sp=0x009dd974,  free space=310k
Native frames: (J=compiled Java code, j=interpreted, Vv=VM code, C=native code)
C  [nvoglv32.DLL+0xa83471]
C  [nvoglv32.DLL+0xa86716]
C  [nvoglv32.DLL+0xa84e5a]
C  [nvoglv32.DLL+0xb6e873]
C  [nvoglv32.DLL+0xb6ed44]
C  [nvoglv32.DLL+0xaa1689]
C  [nvoglv32.DLL+0xaa18c0]
C  [nvoglv32.DLL+0xaa1ced]
C  [nvoglv32.DLL+0xb6f306]
C  [nvoglv32.DLL+0xb3c1f3]
C  [nvoglv32.DLL+0xb375f0]
C  [nvoglv32.DLL+0xb6b9bc]
C  [nvoglv32.DLL+0x85fc29]
C  [nvoglv32.DLL+0x914825]
C  [nvoglv32.DLL+0x13bbdc]
C  [lwjgl.dll+0x8389]
J 3786 C1 net.minecraft.client.model.ModelRenderer.render(F)V (411 bytes) @ 0x029e3778 [0x029e2bb0+0xbc8]
J 4365 C1 net.minecraft.client.model.ModelBiped.render(Lnet/minecraft/entity/Entity;FFFFFF)V (220 bytes) @ 0x02b3ce74 [0x02b3cc70+0x204]
J 3846 C1 net.minecraft.client.renderer.entity.RendererLivingEntity.doRender(Lnet/minecraft/entity/EntityLivingBase;DDDFF)V (1308 bytes) @ 0x029f9d24 [0x029f8760+0x15c4]
J 4575 C1 net.minecraft.client.renderer.entity.RenderBiped.doRender(Lnet/minecraft/entity/EntityLiving;DDDFF)V (131 bytes) @ 0x02b9ee34 [0x02b9ec30+0x204]
j  net.minecraft.client.renderer.entity.RenderBiped.doRender(Lnet/minecraft/entity/Entity;DDDFF)V+14
J 4317 C1 net.minecraft.client.renderer.entity.RenderManager.func_147939_a(Lnet/minecraft/entity/Entity;DDDFFZ)Z (271 bytes) @ 0x02b1cd48 [0x02b1cc60+0xe8]
J 4316 C1 net.minecraft.client.renderer.entity.RenderManager.renderEntityStatic(Lnet/minecraft/entity/Entity;FZ)Z (192 bytes) @ 0x02b1c0f4 [0x02b1be30+0x2c4]
J 3724 C1 net.minecraft.client.renderer.RenderGlobal.renderEntities(Lnet/minecraft/entity/EntityLivingBase;Lnet/minecraft/client/renderer/culling/ICamera;F)V (889 bytes) @ 0x029bd47c [0x029bc880+0xbfc]
J 3967 C1 net.minecraft.client.renderer.EntityRenderer.renderWorld(FJ)V (1565 bytes) @ 0x02a54380 [0x02a52e50+0x1530]
J 4529 C1 net.minecraft.client.renderer.EntityRenderer.updateCameraAndRender(F)V (874 bytes) @ 0x02b84cfc [0x02b843c0+0x93c]
J 4419 C1 net.minecraft.client.Minecraft.runGameLoop()V (769 bytes) @ 0x02b50ba0 [0x02b50370+0x830]
j  net.minecraft.client.Minecraft.run()V+61
j  net.minecraft.client.main.Main.main([Ljava/lang/String;)V+998
v  ~StubRoutines::call_stub
V  [jvm.dll+0x15aa85]
V  [jvm.dll+0x220d7e]
V  [jvm.dll+0x15ab1e]
V  [jvm.dll+0x1672c8]
V  [jvm.dll+0x167533]
V  [jvm.dll+0x103f33]
C  [java.dll+0x3b26]
j  sun.reflect.NativeMethodAccessorImpl.invoke(Ljava/lang/Object;[Ljava/lang/Object;)Ljava/lang/Object;+100
j  sun.reflect.DelegatingMethodAccessorImpl.invoke(Ljava/lang/Object;[Ljava/lang/Object;)Ljava/lang/Object;+6
j  java.lang.reflect.Method.invoke(Ljava/lang/Object;[Ljava/lang/Object;)Ljava/lang/Object;+56
j  net.minecraft.launchwrapper.Launch.launch([Ljava/lang/String;)V+661
j  net.minecraft.launchwrapper.Launch.main([Ljava/lang/String;)V+8
j  net.minecraftforge.gradle.GradleStartCommon.launch([Ljava/lang/String;)V+181
j  GradleStart.main([Ljava/lang/String;)V+11
v  ~StubRoutines::call_stub
V  [jvm.dll+0x15aa85]
V  [jvm.dll+0x220d7e]
V  [jvm.dll+0x15ab1e]
V  [jvm.dll+0xdca47]
V  [jvm.dll+0xe4fdf]
C  [javaw.exe+0x22ab]
C  [javaw.exe+0xaebf]
C  [javaw.exe+0xaf49]
C  [KERNEL32.DLL+0x162c4]
C  [ntdll.dll+0x60fd9]
C  [ntdll.dll+0x60fa4]
C  0x00000000

Java frames: (J=compiled Java code, j=interpreted, Vv=VM code)
J 3779  org.lwjgl.opengl.GL11.nglCallList(IJ)V (0 bytes) @ 0x029e0e2b [0x029e0de0+0x4b]
J 3786 C1 net.minecraft.client.model.ModelRenderer.render(F)V (411 bytes) @ 0x029e3778 [0x029e2bb0+0xbc8]
J 4365 C1 net.minecraft.client.model.ModelBiped.render(Lnet/minecraft/entity/Entity;FFFFFF)V (220 bytes) @ 0x02b3ce74 [0x02b3cc70+0x204]
J 3846 C1 net.minecraft.client.renderer.entity.RendererLivingEntity.doRender(Lnet/minecraft/entity/EntityLivingBase;DDDFF)V (1308 bytes) @ 0x029f9d24 [0x029f8760+0x15c4]
J 4575 C1 net.minecraft.client.renderer.entity.RenderBiped.doRender(Lnet/minecraft/entity/EntityLiving;DDDFF)V (131 bytes) @ 0x02b9ee34 [0x02b9ec30+0x204]
j  net.minecraft.client.renderer.entity.RenderBiped.doRender(Lnet/minecraft/entity/Entity;DDDFF)V+14
J 4317 C1 net.minecraft.client.renderer.entity.RenderManager.func_147939_a(Lnet/minecraft/entity/Entity;DDDFFZ)Z (271 bytes) @ 0x02b1cd48 [0x02b1cc60+0xe8]
J 4316 C1 net.minecraft.client.renderer.entity.RenderManager.renderEntityStatic(Lnet/minecraft/entity/Entity;FZ)Z (192 bytes) @ 0x02b1c0f4 [0x02b1be30+0x2c4]
J 3724 C1 net.minecraft.client.renderer.RenderGlobal.renderEntities(Lnet/minecraft/entity/EntityLivingBase;Lnet/minecraft/client/renderer/culling/ICamera;F)V (889 bytes) @ 0x029bd47c [0x029bc880+0xbfc]
J 3967 C1 net.minecraft.client.renderer.EntityRenderer.renderWorld(FJ)V (1565 bytes) @ 0x02a54380 [0x02a52e50+0x1530]
J 4529 C1 net.minecraft.client.renderer.EntityRenderer.updateCameraAndRender(F)V (874 bytes) @ 0x02b84cfc [0x02b843c0+0x93c]
J 4419 C1 net.minecraft.client.Minecraft.runGameLoop()V (769 bytes) @ 0x02b50ba0 [0x02b50370+0x830]
j  net.minecraft.client.Minecraft.run()V+61
j  net.minecraft.client.main.Main.main([Ljava/lang/String;)V+998
v  ~StubRoutines::call_stub
j  sun.reflect.NativeMethodAccessorImpl.invoke0(Ljava/lang/reflect/Method;Ljava/lang/Object;[Ljava/lang/Object;)Ljava/lang/Object;+0
j  sun.reflect.NativeMethodAccessorImpl.invoke(Ljava/lang/Object;[Ljava/lang/Object;)Ljava/lang/Object;+100
j  sun.reflect.DelegatingMethodAccessorImpl.invoke(Ljava/lang/Object;[Ljava/lang/Object;)Ljava/lang/Object;+6
j  java.lang.reflect.Method.invoke(Ljava/lang/Object;[Ljava/lang/Object;)Ljava/lang/Object;+56
j  net.minecraft.launchwrapper.Launch.launch([Ljava/lang/String;)V+661
j  net.minecraft.launchwrapper.Launch.main([Ljava/lang/String;)V+8
j  net.minecraftforge.gradle.GradleStartCommon.launch([Ljava/lang/String;)V+181
j  GradleStart.main([Ljava/lang/String;)V+11
v  ~StubRoutines::call_stub

---------------  P R O C E S S  ---------------

Java Threads: ( => current thread )
  0x66d5d000 JavaThread "pool-2-thread-1" [_thread_blocked, id=6460, stack(0x616b0000,0x61700000)]
  0x66d5f000 JavaThread "Chunk I/O Executor Thread-1" daemon [_thread_blocked, id=7460, stack(0x5a7a0000,0x5a7f0000)]
  0x66d5e800 JavaThread "Netty IO #3" daemon [_thread_in_native, id=9348, stack(0x5a610000,0x5a660000)]
  0x66d5e000 JavaThread "Netty Client IO #1" daemon [_thread_in_native, id=13224, stack(0x5a580000,0x5a5d0000)]
  0x66d5d400 JavaThread "Netty IO #2" daemon [_thread_in_native, id=12644, stack(0x5a4f0000,0x5a540000)]
  0x66d5dc00 JavaThread "Server thread" [_thread_in_native, id=13176, stack(0x5a4a0000,0x5a4f0000)]
  0x66d5c400 JavaThread "Snooper Timer" daemon [_thread_blocked, id=4476, stack(0x54940000,0x54990000)]
  0x66d5fc00 JavaThread "File IO Thread" [_thread_blocked, id=7852, stack(0x580f0000,0x58140000)]
  0x66d5c800 JavaThread "Netty IO #1" daemon [_thread_in_native, id=11680, stack(0x57f10000,0x57f60000)]
  0x6479ac00 JavaThread "Netty Client IO #0" daemon [_thread_in_native, id=12832, stack(0x57d70000,0x57dc0000)]
  0x78a14400 JavaThread "Netty IO #0" daemon [_thread_in_native, id=13156, stack(0x54d70000,0x54dc0000)]
  0x71b00400 JavaThread "Snooper Timer" daemon [_thread_blocked, id=1368, stack(0x548f0000,0x54940000)]
  0x79605800 JavaThread "Thread-11" [_thread_blocked, id=11948, stack(0x58740000,0x58790000)]
  0x604f0800 JavaThread "Thread-10" [_thread_blocked, id=12080, stack(0x58060000,0x580b0000)]
  0x48974800 JavaThread "LWJGL Timer" daemon [_thread_blocked, id=10560, stack(0x54d20000,0x54d70000)]
  0x46c2a800 JavaThread "Java2D Disposer" daemon [_thread_blocked, id=11836, stack(0x485f0000,0x48640000)]
  0x479ed400 JavaThread "Timer hack thread" daemon [_thread_blocked, id=12008, stack(0x48560000,0x485b0000)]
  0x47311400 JavaThread "Snooper Timer" daemon [_thread_blocked, id=2796, stack(0x48510000,0x48560000)]
  0x46908800 JavaThread "Service Thread" daemon [_thread_blocked, id=9436, stack(0x471e0000,0x47230000)]
  0x468dd000 JavaThread "C1 CompilerThread0" daemon [_thread_blocked, id=9644, stack(0x47150000,0x471a0000)]
  0x468d8400 JavaThread "Attach Listener" daemon [_thread_blocked, id=7412, stack(0x470a0000,0x470f0000)]
  0x468e0400 JavaThread "Signal Dispatcher" daemon [_thread_blocked, id=11048, stack(0x47010000,0x47060000)]
  0x468df800 JavaThread "Surrogate Locker Thread (Concurrent GC)" daemon [_thread_blocked, id=1592, stack(0x46f80000,0x46fd0000)]
  0x468c9000 JavaThread "Finalizer" daemon [_thread_blocked, id=12040, stack(0x46e00000,0x46e50000)]
  0x468c4c00 JavaThread "Reference Handler" daemon [_thread_blocked, id=12212, stack(0x46d70000,0x46dc0000)]
=>0x02142800 JavaThread "Client thread" [_thread_in_native, id=10428, stack(0x00990000,0x009e0000)]

Other Threads:
  0x468ae000 VMThread [stack: 0x46ce0000,0x46d30000] [id=4820]
  0x46914400 WatcherThread [stack: 0x47270000,0x472c0000] [id=10624]

VM state:not at safepoint (normal execution)

VM Mutex/Monitor currently owned by a thread: None

Heap:
 par new generation   total 314560K, used 80019K [0x04800000, 0x19d50000, 0x19d50000)
  eden space 279616K,  16% used [0x04800000, 0x07404ea0, 0x15910000)
  from space 34944K, 100% used [0x17b30000, 0x19d50000, 0x19d50000)
  to   space 34944K,   0% used [0x15910000, 0x15910000, 0x17b30000)
 concurrent mark-sweep generation total 699072K, used 192767K [0x19d50000, 0x44800000, 0x44800000)
 Metaspace       used 23286K, capacity 23531K, committed 23680K, reserved 23936K

Card table byte_map: [0x44800000,0x44a10000] byte_map_base: 0x447dc000

Marking Bits: (CMSBitMap*) 0x02215330
 Bits: [0x44b70000, 0x460c5800)

Mod Union Table: (CMSBitMap*) 0x02215390
 Bits: [0x02260000, 0x0228aab0)

Polling page: 0x009e0000

CodeCache: size=32768Kb used=10067Kb max_used=10067Kb free=22700Kb
 bounds [0x022a0000, 0x02c78000, 0x042a0000]
 total_blobs=5113 nmethods=4693 adapters=348
 compilation: enabled

Compilation events (10 events):
Event: 44.431 Thread 0x468dd000 4754             java.util.GregorianCalendar::computeFields (1571 bytes)
Event: 44.434 Thread 0x468dd000 nmethod 4754 0x02c6e388 code [0x02c6e700, 0x02c70848]
Event: 44.484 Thread 0x468dd000 4755             org.apache.logging.log4j.core.pattern.ThreadPatternConverter::format (12 bytes)
Event: 44.484 Thread 0x468dd000 nmethod 4755 0x02c73c88 code [0x02c73d90, 0x02c73e8c]
Event: 44.535 Thread 0x468dd000 4756   !         org.apache.logging.log4j.core.pattern.DatePatternConverter::format (65 bytes)
Event: 44.536 Thread 0x468dd000 nmethod 4756 0x02c73fc8 code [0x02c74110, 0x02c74520]
Event: 44.536 Thread 0x468dd000 4757             org.apache.logging.log4j.core.pattern.ExtendedThrowablePatternConverter::format (223 bytes)
Event: 44.536 Thread 0x468dd000 nmethod 4757 0x02c74988 code [0x02c74b70, 0x02c75128]
Event: 44.637 Thread 0x468dd000 4759             java.io.RandomAccessFile::write (8 bytes)
Event: 44.637 Thread 0x468dd000 nmethod 4759 0x02c75d08 code [0x02c75e00, 0x02c75e9c]

GC Heap History (10 events):
Event: 24.928 GC heap before
{Heap before GC invocations=13 (full 9):
 par new generation   total 314560K, used 216917K [0x04800000, 0x19d50000, 0x19d50000)
  eden space 279616K,  77% used [0x04800000, 0x11bd5558, 0x15910000)
  from space 34944K,   0% used [0x15910000, 0x15910000, 0x17b30000)
  to   space 34944K,   0% used [0x17b30000, 0x17b30000, 0x19d50000)
 concurrent mark-sweep generation total 699072K, used 62688K [0x19d50000, 0x44800000, 0x44800000)
 Metaspace       used 20918K, capacity 21107K, committed 21248K, reserved 21888K
Event: 24.942 GC heap after
Heap after GC invocations=14 (full 9):
 par new generation   total 314560K, used 34944K [0x04800000, 0x19d50000, 0x19d50000)
  eden space 279616K,   0% used [0x04800000, 0x04800000, 0x15910000)
  from space 34944K, 100% used [0x17b30000, 0x19d50000, 0x19d50000)
  to   space 34944K,   0% used [0x15910000, 0x15910000, 0x17b30000)
 concurrent mark-sweep generation total 699072K, used 83900K [0x19d50000, 0x44800000, 0x44800000)
 Metaspace       used 20918K, capacity 21107K, committed 21248K, reserved 21888K
}
Event: 27.254 GC heap before
{Heap before GC invocations=14 (full 10):
 par new generation   total 314560K, used 313742K [0x04800000, 0x19d50000, 0x19d50000)
  eden space 279616K,  99% used [0x04800000, 0x15843848, 0x15910000)
  from space 34944K, 100% used [0x17b30000, 0x19d50000, 0x19d50000)
  to   space 34944K,   0% used [0x15910000, 0x15910000, 0x17b30000)
 concurrent mark-sweep generation total 699072K, used 83900K [0x19d50000, 0x44800000, 0x44800000)
 Metaspace       used 23227K, capacity 23464K, committed 23552K, reserved 23936K
Event: 27.272 GC heap after
Heap after GC invocations=15 (full 10):
 par new generation   total 314560K, used 34944K [0x04800000, 0x19d50000, 0x19d50000)
  eden space 279616K,   0% used [0x04800000, 0x04800000, 0x15910000)
  from space 34944K, 100% used [0x15910000, 0x17b30000, 0x17b30000)
  to   space 34944K,   0% used [0x17b30000, 0x17b30000, 0x19d50000)
 concurrent mark-sweep generation total 699072K, used 121982K [0x19d50000, 0x44800000, 0x44800000)
 Metaspace       used 23227K, capacity 23464K, committed 23552K, reserved 23936K
}
Event: 32.472 GC heap before
{Heap before GC invocations=15 (full 10):
 par new generation   total 314560K, used 314560K [0x04800000, 0x19d50000, 0x19d50000)
  eden space 279616K, 100% used [0x04800000, 0x15910000, 0x15910000)
  from space 34944K, 100% used [0x15910000, 0x17b30000, 0x17b30000)
  to   space 34944K,   0% used [0x17b30000, 0x17b30000, 0x19d50000)
 concurrent mark-sweep generation total 699072K, used 120792K [0x19d50000, 0x44800000, 0x44800000)
 Metaspace       used 23272K, capacity 23499K, committed 23680K, reserved 23936K
Event: 32.492 GC heap after
Heap after GC invocations=16 (full 10):
 par new generation   total 314560K, used 34944K [0x04800000, 0x19d50000, 0x19d50000)
  eden space 279616K,   0% used [0x04800000, 0x04800000, 0x15910000)
  from space 34944K, 100% used [0x17b30000, 0x19d50000, 0x19d50000)
  to   space 34944K,   0% used [0x15910000, 0x15910000, 0x17b30000)
 concurrent mark-sweep generation total 699072K, used 148523K [0x19d50000, 0x44800000, 0x44800000)
 Metaspace       used 23272K, capacity 23499K, committed 23680K, reserved 23936K
}
Event: 37.541 GC heap before
{Heap before GC invocations=16 (full 11):
 par new generation   total 314560K, used 304178K [0x04800000, 0x19d50000, 0x19d50000)
  eden space 279616K,  96% used [0x04800000, 0x14eecbb8, 0x15910000)
  from space 34944K, 100% used [0x17b30000, 0x19d50000, 0x19d50000)
  to   space 34944K,   0% used [0x15910000, 0x15910000, 0x17b30000)
 concurrent mark-sweep generation total 699072K, used 148523K [0x19d50000, 0x44800000, 0x44800000)
 Metaspace       used 23282K, capacity 23531K, committed 23680K, reserved 23936K
Event: 37.560 GC heap after
Heap after GC invocations=17 (full 11):
 par new generation   total 314560K, used 34944K [0x04800000, 0x19d50000, 0x19d50000)
  eden space 279616K,   0% used [0x04800000, 0x04800000, 0x15910000)
  from space 34944K, 100% used [0x15910000, 0x17b30000, 0x17b30000)
  to   space 34944K,   0% used [0x17b30000, 0x17b30000, 0x19d50000)
 concurrent mark-sweep generation total 699072K, used 178347K [0x19d50000, 0x44800000, 0x44800000)
 Metaspace       used 23282K, capacity 23531K, committed 23680K, reserved 23936K
}
Event: 44.028 GC heap before
{Heap before GC invocations=17 (full 11):
 par new generation   total 314560K, used 314560K [0x04800000, 0x19d50000, 0x19d50000)
  eden space 279616K, 100% used [0x04800000, 0x15910000, 0x15910000)
  from space 34944K, 100% used [0x15910000, 0x17b30000, 0x17b30000)
  to   space 34944K,   0% used [0x17b30000, 0x17b30000, 0x19d50000)
 concurrent mark-sweep generation total 699072K, used 173191K [0x19d50000, 0x44800000, 0x44800000)
 Metaspace       used 23286K, capacity 23531K, committed 23680K, reserved 23936K
Event: 44.042 GC heap after
Heap after GC invocations=18 (full 11):
 par new generation   total 314560K, used 34944K [0x04800000, 0x19d50000, 0x19d50000)
  eden space 279616K,   0% used [0x04800000, 0x04800000, 0x15910000)
  from space 34944K, 100% used [0x17b30000, 0x19d50000, 0x19d50000)
  to   space 34944K,   0% used [0x15910000, 0x15910000, 0x17b30000)
 concurrent mark-sweep generation total 699072K, used 192767K [0x19d50000, 0x44800000, 0x44800000)
 Metaspace       used 23286K, capacity 23531K, committed 23680K, reserved 23936K
}

Deoptimization events (0 events):
No events

Internal exceptions (10 events):
Event: 44.523 Thread 0x604f0800 Exception <a 'java/lang/InterruptedException': sleep interrupted> (0x04d8ee10) thrown at [C:\workspace\8-2-build-windows-i586-cygwin\jdk8u121\8372\hotspot\src\share\vm\prims\jvm.cpp, line 3228]
Event: 44.535 Thread 0x604f0800 Exception <a 'java/lang/InterruptedException': sleep interrupted> (0x04d8f090) thrown at [C:\workspace\8-2-build-windows-i586-cygwin\jdk8u121\8372\hotspot\src\share\vm\prims\jvm.cpp, line 3228]
Event: 44.552 Thread 0x604f0800 Exception <a 'java/lang/InterruptedException': sleep interrupted> (0x04d8f310) thrown at [C:\workspace\8-2-build-windows-i586-cygwin\jdk8u121\8372\hotspot\src\share\vm\prims\jvm.cpp, line 3228]
Event: 44.564 Thread 0x604f0800 Exception <a 'java/lang/InterruptedException': sleep interrupted> (0x04d8f590) thrown at [C:\workspace\8-2-build-windows-i586-cygwin\jdk8u121\8372\hotspot\src\share\vm\prims\jvm.cpp, line 3228]
Event: 44.574 Thread 0x604f0800 Exception <a 'java/lang/InterruptedException': sleep interrupted> (0x04d8f810) thrown at [C:\workspace\8-2-build-windows-i586-cygwin\jdk8u121\8372\hotspot\src\share\vm\prims\jvm.cpp, line 3228]
Event: 44.586 Thread 0x604f0800 Exception <a 'java/lang/InterruptedException': sleep interrupted> (0x04d8fa90) thrown at [C:\workspace\8-2-build-windows-i586-cygwin\jdk8u121\8372\hotspot\src\share\vm\prims\jvm.cpp, line 3228]
Event: 44.598 Thread 0x604f0800 Exception <a 'java/lang/InterruptedException': sleep interrupted> (0x04d8fd10) thrown at [C:\workspace\8-2-build-windows-i586-cygwin\jdk8u121\8372\hotspot\src\share\vm\prims\jvm.cpp, line 3228]
Event: 44.613 Thread 0x604f0800 Exception <a 'java/lang/InterruptedException': sleep interrupted> (0x04d8ff90) thrown at [C:\workspace\8-2-build-windows-i586-cygwin\jdk8u121\8372\hotspot\src\share\vm\prims\jvm.cpp, line 3228]
Event: 44.624 Thread 0x604f0800 Exception <a 'java/lang/InterruptedException': sleep interrupted> (0x04d90210) thrown at [C:\workspace\8-2-build-windows-i586-cygwin\jdk8u121\8372\hotspot\src\share\vm\prims\jvm.cpp, line 3228]
Event: 44.637 Thread 0x604f0800 Exception <a 'java/lang/InterruptedException': sleep interrupted> (0x04d90490) thrown at [C:\workspace\8-2-build-windows-i586-cygwin\jdk8u121\8372\hotspot\src\share\vm\prims\jvm.cpp, line 3228]

Events (10 events):
Event: 42.444 Executing VM operation: RevokeBias
Event: 42.445 Executing VM operation: RevokeBias done
Event: 42.798 Executing VM operation: RevokeBias
Event: 42.798 Executing VM operation: RevokeBias done
Event: 44.028 Executing VM operation: GenCollectForAllocation
Event: 44.042 Executing VM operation: GenCollectForAllocation done
Event: 44.234 Executing VM operation: RevokeBias
Event: 44.234 Executing VM operation: RevokeBias done
Event: 44.243 Executing VM operation: RevokeBias
Event: 44.243 Executing VM operation: RevokeBias done


Dynamic libraries:
0x00330000 - 0x00363000 	C:\Program Files (x86)\Java\jre1.8.0_121\bin\javaw.exe
0x77a40000 - 0x77bc3000 	C:\WINDOWS\SYSTEM32\ntdll.dll
0x767a0000 - 0x76880000 	C:\WINDOWS\System32\KERNEL32.DLL
0x77330000 - 0x774d1000 	C:\WINDOWS\System32\KERNELBASE.dll
0x75f80000 - 0x75ff7000 	C:\WINDOWS\System32\ADVAPI32.dll
0x76f20000 - 0x76fde000 	C:\WINDOWS\System32\msvcrt.dll
0x760e0000 - 0x76121000 	C:\WINDOWS\System32\sechost.dll
0x74690000 - 0x74751000 	C:\WINDOWS\System32\RPCRT4.dll
0x74500000 - 0x7451e000 	C:\WINDOWS\System32\SspiCli.dll
0x744f0000 - 0x744fa000 	C:\WINDOWS\System32\CRYPTBASE.dll
0x76130000 - 0x7618a000 	C:\WINDOWS\System32\bcryptPrimitives.dll
0x765d0000 - 0x7672f000 	C:\WINDOWS\System32\USER32.dll
0x77a20000 - 0x77a35000 	C:\WINDOWS\System32\win32u.dll
0x76190000 - 0x761bb000 	C:\WINDOWS\System32\GDI32.dll
0x74520000 - 0x7467b000 	C:\WINDOWS\System32\gdi32full.dll
0x740e0000 - 0x742ea000 	C:\WINDOWS\WinSxS\x86_microsoft.windows.common-controls_6595b64144ccf1df_6.0.14393.447_none_89c64d28dafea4b9\COMCTL32.dll
0x75d50000 - 0x75f61000 	C:\WINDOWS\System32\combase.dll
0x76e40000 - 0x76f20000 	C:\WINDOWS\System32\ucrtbase.dll
0x77210000 - 0x77235000 	C:\WINDOWS\System32\IMM32.DLL
0x5ceb0000 - 0x5cf6f000 	C:\Program Files (x86)\Java\jre1.8.0_121\bin\msvcr100.dll
0x65d30000 - 0x660fe000 	C:\Program Files (x86)\Java\jre1.8.0_121\bin\client\jvm.dll
0x74680000 - 0x74686000 	C:\WINDOWS\System32\PSAPI.DLL
0x73ea0000 - 0x73ea8000 	C:\WINDOWS\SYSTEM32\WSOCK32.dll
0x6c0a0000 - 0x6c0c4000 	C:\WINDOWS\SYSTEM32\WINMM.dll
0x74450000 - 0x74458000 	C:\WINDOWS\SYSTEM32\VERSION.dll
0x76730000 - 0x76793000 	C:\WINDOWS\System32\WS2_32.dll
0x6c020000 - 0x6c043000 	C:\WINDOWS\SYSTEM32\WINMMBASE.dll
0x760a0000 - 0x760d6000 	C:\WINDOWS\System32\cfgmgr32.dll
0x71af0000 - 0x71afc000 	C:\Program Files (x86)\Java\jre1.8.0_121\bin\verify.dll
0x71ac0000 - 0x71ae1000 	C:\Program Files (x86)\Java\jre1.8.0_121\bin\java.dll
0x71aa0000 - 0x71ab3000 	C:\Program Files (x86)\Java\jre1.8.0_121\bin\zip.dll
0x74810000 - 0x75be9000 	C:\WINDOWS\System32\SHELL32.dll
0x768d0000 - 0x76e3e000 	C:\WINDOWS\System32\windows.storage.dll
0x76880000 - 0x768c5000 	C:\WINDOWS\System32\powrprof.dll
0x747c0000 - 0x74806000 	C:\WINDOWS\System32\shlwapi.dll
0x77800000 - 0x7780d000 	C:\WINDOWS\System32\kernel.appcore.dll
0x76000000 - 0x76088000 	C:\WINDOWS\System32\shcore.dll
0x77530000 - 0x7753f000 	C:\WINDOWS\System32\profapi.dll
0x61ee0000 - 0x61eea000 	C:\Program Files (x86)\Java\jre1.8.0_121\bin\management.dll
0x71a80000 - 0x71a96000 	C:\Program Files (x86)\Java\jre1.8.0_121\bin\net.dll
0x6e4a0000 - 0x6e4ee000 	C:\WINDOWS\system32\mswsock.dll
0x71a70000 - 0x71a7f000 	C:\Program Files (x86)\Java\jre1.8.0_121\bin\nio.dll
0x6e310000 - 0x6e322000 	C:\WINDOWS\system32\napinsp.dll
0x6e2f0000 - 0x6e306000 	C:\WINDOWS\system32\pnrpnsp.dll
0x6e2d0000 - 0x6e2e4000 	C:\WINDOWS\system32\NLAapi.dll
0x6ecf0000 - 0x6ed6c000 	C:\WINDOWS\SYSTEM32\DNSAPI.dll
0x76090000 - 0x76097000 	C:\WINDOWS\System32\NSI.dll
0x73f60000 - 0x73f8f000 	C:\WINDOWS\SYSTEM32\IPHLPAPI.DLL
0x6e2c0000 - 0x6e2cc000 	C:\WINDOWS\System32\winrnr.dll
0x6e2a0000 - 0x6e2b1000 	C:\WINDOWS\System32\wshbth.dll
0x6e390000 - 0x6e3b1000 	C:\Program Files (x86)\Bonjour\mdnsNSP.dll
0x6e380000 - 0x6e388000 	C:\Windows\System32\rasadhlp.dll
0x6e330000 - 0x6e379000 	C:\WINDOWS\System32\fwpuclnt.dll
0x74460000 - 0x7447b000 	C:\WINDOWS\SYSTEM32\bcrypt.dll
0x47cd0000 - 0x47d1d000 	C:\Users\Aaron\.gradle\caches\minecraft\net\minecraft\minecraft_natives\1.7.10\lwjgl.dll
0x5cdd0000 - 0x5ceb0000 	C:\WINDOWS\SYSTEM32\OPENGL32.dll
0x61b20000 - 0x61b45000 	C:\WINDOWS\SYSTEM32\GLU32.dll
0x5a8f0000 - 0x5a9dd000 	C:\WINDOWS\SYSTEM32\DDRAW.dll
0x652c0000 - 0x652c7000 	C:\WINDOWS\SYSTEM32\DCIMAN32.dll
0x72f90000 - 0x72fa3000 	C:\WINDOWS\SYSTEM32\CRYPTSP.dll
0x72f60000 - 0x72f8f000 	C:\WINDOWS\system32\rsaenh.dll
0x73f40000 - 0x73f5a000 	C:\WINDOWS\SYSTEM32\USERENV.dll
0x719b0000 - 0x719c3000 	C:\WINDOWS\SYSTEM32\dhcpcsvc6.DLL
0x71990000 - 0x719a4000 	C:\WINDOWS\SYSTEM32\dhcpcsvc.DLL
0x6c750000 - 0x6c896000 	C:\Program Files (x86)\Java\jre1.8.0_121\bin\awt.dll
0x77920000 - 0x779b4000 	C:\WINDOWS\System32\OLEAUT32.dll
0x778a0000 - 0x7791b000 	C:\WINDOWS\System32\msvcp_win.dll
0x6a6d0000 - 0x6a762000 	C:\WINDOWS\SYSTEM32\apphelp.dll
0x6cb60000 - 0x6cbd5000 	C:\WINDOWS\system32\uxtheme.dll
0x75bf0000 - 0x75d25000 	C:\WINDOWS\System32\MSCTF.dll
0x6bf30000 - 0x6bf4f000 	C:\WINDOWS\system32\dwmapi.dll
0x49bc0000 - 0x4b423000 	C:\WINDOWS\SYSTEM32\nvoglv32.DLL
0x761c0000 - 0x765cb000 	C:\WINDOWS\System32\SETUPAPI.dll
0x6cc10000 - 0x6cd55000 	C:\WINDOWS\SYSTEM32\dbghelp.dll
0x73f90000 - 0x73f9f000 	C:\WINDOWS\SYSTEM32\WTSAPI32.dll
0x74400000 - 0x74422000 	C:\WINDOWS\SYSTEM32\DEVOBJ.dll
0x774e0000 - 0x77524000 	C:\WINDOWS\System32\WINTRUST.dll
0x77200000 - 0x7720e000 	C:\WINDOWS\System32\MSASN1.dll
0x77080000 - 0x771fd000 	C:\WINDOWS\System32\CRYPT32.dll
0x743d0000 - 0x743f8000 	C:\WINDOWS\SYSTEM32\ntmarta.dll
0x65640000 - 0x656c5000 	C:\WINDOWS\SYSTEM32\mscms.dll
0x65840000 - 0x6587d000 	C:\WINDOWS\SYSTEM32\icm32.dll
0x68a00000 - 0x68a43000 	C:\WINDOWS\SYSTEM32\WINSTA.dll
0x70a40000 - 0x70a7a000 	C:\Users\Aaron\.gradle\caches\minecraft\net\minecraft\minecraft_natives\1.7.10\avutil-ttv-51.dll
0x65980000 - 0x6599d000 	C:\Users\Aaron\.gradle\caches\minecraft\net\minecraft\minecraft_natives\1.7.10\swresample-ttv-0.dll
0x6eb80000 - 0x6ec09000 	C:\Users\Aaron\.gradle\caches\minecraft\net\minecraft\minecraft_natives\1.7.10\libmp3lame-ttv.dll
0x51550000 - 0x524d0000 	C:\Users\Aaron\.gradle\caches\minecraft\net\minecraft\minecraft_natives\1.7.10\libmfxsw32.dll
0x58ab0000 - 0x58bb3000 	C:\Users\Aaron\.gradle\caches\minecraft\net\minecraft\minecraft_natives\1.7.10\twitchsdk.dll
0x77240000 - 0x7732a000 	C:\WINDOWS\System32\ole32.dll
0x6b550000 - 0x6b77f000 	C:\WINDOWS\SYSTEM32\WININET.dll
0x58280000 - 0x582e5000 	C:\Users\Aaron\.gradle\caches\minecraft\net\minecraft\minecraft_natives\1.7.10\OpenAL32.dll
0x77810000 - 0x77894000 	C:\WINDOWS\System32\clbcatq.dll
0x583e0000 - 0x58438000 	C:\WINDOWS\System32\MMDevApi.dll
0x656d0000 - 0x6581f000 	C:\WINDOWS\System32\PROPSYS.dll
0x58440000 - 0x584c9000 	C:\WINDOWS\SYSTEM32\dsound.dll
0x65a20000 - 0x65a9b000 	C:\WINDOWS\SYSTEM32\AUDIOSES.DLL
0x58630000 - 0x586ff000 	C:\WINDOWS\SYSTEM32\wintypes.dll
0x58600000 - 0x58620000 	C:\Program Files (x86)\Java\jre1.8.0_121\bin\sunec.dll
0x57f80000 - 0x57f89000 	C:\Program Files (x86)\Java\jre1.8.0_121\bin\sunmscapi.dll

VM Arguments:
jvm_args: -Xincgc -Xmx1024M -Xms1024M -Dfile.encoding=Cp1252 
java_command: GradleStart
java_class_path (initial): E:\Eclipse_Workspace\Turd Mod\bin;C:\Users\Aaron\.gradle\caches\minecraft\net\minecraftforge\forge\1.7.10-10.13.4.1614-1.7.10\forgeSrc-1.7.10-10.13.4.1614-1.7.10.jar;C:\Users\Aaron\.gradle\caches\modules-2\files-2.1\net.minecraft\launchwrapper\1.12\111e7bea9c968cdb3d06ef4632bf7ff0824d0f36\launchwrapper-1.12.jar;C:\Users\Aaron\.gradle\caches\modules-2\files-2.1\com.google.code.findbugs\jsr305\1.3.9\40719ea6961c0cb6afaeb6a921eaa1f6afd4cfdf\jsr305-1.3.9.jar;C:\Users\Aaron\.gradle\caches\modules-2\files-2.1\org.ow2.asm\asm-debug-all\5.0.3\f9e364ae2a66ce2a543012a4668856e84e5dab74\asm-debug-all-5.0.3.jar;C:\Users\Aaron\.gradle\caches\modules-2\files-2.1\com.typesafe.akka\akka-actor_2.11\2.3.3\ed62e9fc709ca0f2ff1a3220daa8b70a2870078e\akka-actor_2.11-2.3.3.jar;C:\Users\Aaron\.gradle\caches\modules-2\files-2.1\com.typesafe\config\1.2.1\f771f71fdae3df231bcd54d5ca2d57f0bf93f467\config-1.2.1.jar;C:\Users\Aaron\.gradle\caches\modules-2\files-2.1\org.scala-lang\scala-actors-migration_2.11\1.1.0\dfa8bc42b181d5b9f1a5dd147f8ae308b893eb6f\scala-actors-migration_2.11-1.1.0.jar;C:\Users\Aaron\.gradle\caches\modules-2\files-2.1\org.scala-lang\scala-compiler\2.11.1\56ea2e6c025e0821f28d73ca271218b8dd04926a\scala-compiler-2.11.1.jar;C:\Users\Aaron\.gradle\caches\modules-2\files-2.1\org.scala-lang.plugins\scala-continuations-library_2.11\1.0.2\e517c53a7e9acd6b1668c5a35eccbaa3bab9aac\scala-continuations-library_2.11-1.0.2.jar;C:\Users\Aaron\.gradle\caches\modules-2\files-2.1\org.scala-lang.plugins\scala-continuations-plugin_2.11.1\1.0.2\f361a3283452c57fa30c1ee69448995de23c60f7\scala-continuations-plugin_2.11.1-1.0.2.jar;C:\Users\Aaron\.gradle\caches\modules-2\files-2.1\org.scala-lang\scala-library\2.11.1\e11da23da3eabab9f4777b9220e60d44c1aab6a\scala-library-2.11.1.jar;C:\Users\Aaron\.gradle\caches\modules-2\files-2.1\org.scala-lang\scala-parser-combinators_2.11\1.0.1\f05d7345bf5a58924f2837c6c1f4d73a938e1ff0\scala-parser-combinators_2.11-1.0.1.jar;C:\Users\Aaron\.
Launcher Type: SUN_STANDARD

Environment Variables:
PATH=C:/Program Files (x86)/Java/jre1.8.0_121/bin/client;C:/Program Files (x86)/Java/jre1.8.0_121/bin;C:/Program Files (x86)/Java/jre1.8.0_121/lib/i386;C:\ProgramData\Oracle\Java\javapath;C:\Program Files (x86)\Razer Chroma SDK\bin;C:\Program Files\Razer Chroma SDK\bin;C:\Program Files (x86)\Intel\iCLS Client\;C:\Program Files\Intel\iCLS Client\;C:\Windows\system32;C:\Windows;C:\Windows\System32\Wbem;C:\Windows\System32\WindowsPowerShell\v1.0\;C:\Program Files\Intel\Intel(R) Management Engine Components\DAL;C:\Program Files (x86)\Intel\Intel(R) Management Engine Components\DAL;C:\Program Files\Intel\Intel(R) Management Engine Components\IPT;C:\Program Files (x86)\Intel\Intel(R) Management Engine Components\IPT;C:\Program Files (x86)\Windows Live\Shared;C:\Program Files (x86)\NVIDIA Corporation\PhysX\Common;C:\WINDOWS\system32;C:\WINDOWS;C:\WINDOWS\System32\Wbem;C:\WINDOWS\System32\WindowsPowerShell\v1.0\;C:\Program Files (x86)\Skype\Phone\;C:\WINDOWS\system32;C:\WINDOWS;C:\WINDOWS\System32\Wbem;C:\WINDOWS\System32\WindowsPowerShell\v1.0\;C:\Users\Aaron\AppData\Local\Microsoft\WindowsApps;;C:\Users\Aaron\Documents\Eclipse\eclipse;
USERNAME=Aaron
OS=Windows_NT
PROCESSOR_IDENTIFIER=Intel64 Family 6 Model 60 Stepping 3, GenuineIntel



---------------  S Y S T E M  ---------------

OS: Windows 10.0 , 64 bit Build 14393 (10.0.14393.0)

CPU:total 8 (4 cores per cpu, 2 threads per core) family 6 model 60 stepping 3, cmov, cx8, fxsr, mmx, sse, sse2, sse3, ssse3, sse4.1, sse4.2, popcnt, avx, avx2, aes, clmul, erms, lzcnt, ht, tsc, tscinvbit, bmi1, bmi2

Memory: 4k page, physical 16717748k(12229936k free), swap 19208116k(13715400k free)

vm_info: Java HotSpot(TM) Client VM (25.121-b13) for windows-x86 JRE (1.8.0_121-b13), built on Dec 12 2016 18:17:00 by "java_re" with MS VC++ 10.0 (VS2010)

time: Thu Feb 02 16:24:25 2017
elapsed time: 44 seconds (0d 0h 0m 44s)

