#
# A fatal error has been detected by the Java Runtime Environment:
#
#  EXCEPTION_ACCESS_VIOLATION (0xc0000005) at pc=0x691a3471, pid=7052, tid=0x000020b0
#
# JRE version: Java(TM) SE Runtime Environment (8.0_121-b13) (build 1.8.0_121-b13)
# Java VM: Java HotSpot(TM) Client VM (25.121-b13 mixed mode windows-x86 )
# Problematic frame:
# C  [nvoglv32.DLL+0xa83471]
#
# Failed to write core dump. Minidumps are not enabled by default on client versions of Windows
#
# If you would like to submit a bug report, please visit:
#   http://bugreport.java.com/bugreport/crash.jsp
# The crash happened outside the Java Virtual Machine in native code.
# See problematic frame for where to report the bug.
#

---------------  T H R E A D  ---------------

Current thread (0x023f2800):  JavaThread "Client thread" [_thread_in_native, id=8368, stack(0x00be0000,0x00c30000)]

siginfo: ExceptionCode=0xc0000005, reading address 0x00000008

Registers:
EAX=0x00000000, EBX=0x00000000, ECX=0x00000000, EDX=0x00000000
ESP=0x00c2d55c, EBP=0x00c2d568, ESI=0x00000000, EDI=0x00000000
EIP=0x691a3471, EFLAGS=0x00010246

Top of Stack: (sp=0x00c2d55c)
0x00c2d55c:   00000000 00000000 00000000 00c2d588
0x00c2d56c:   691a6716 00000000 00c2db8c 00c2da14
0x00c2d57c:   00000000 00c2d6a0 00c2da14 00c2d5b0
0x00c2d58c:   691a3baf 4c59b020 00000000 00c2d6a0
0x00c2d59c:   00c2db8c 00000001 4c59b020 6acd3230
0x00c2d5ac:   00c2da14 00c2d9d8 6924e901 4c59b020
0x00c2d5bc:   00c2da14 6acd3230 00c2d6a0 00c2db8c
0x00c2d5cc:   4c430000 00c2e970 00c2dbec 00000000 

Instructions: (pc=0x691a3471)
0x691a3451:   cc cc cc cc cc cc cc cc cc cc cc cc cc cc cc 55
0x691a3461:   8b ec 8b 45 08 8b 4d 08 53 56 8b 75 08 32 db 57
0x691a3471:   0f b7 78 08 85 ff 7e 20 83 c0 24 8d 64 24 00 0f
0x691a3481:   b7 50 fc 4a 74 22 83 ea 2c 75 07 b3 01 8b 08 8b 


Register to memory mapping:

EAX=0x00000000 is an unknown value
EBX=0x00000000 is an unknown value
ECX=0x00000000 is an unknown value
EDX=0x00000000 is an unknown value
ESP=0x00c2d55c is pointing into the stack for thread: 0x023f2800
EBP=0x00c2d568 is pointing into the stack for thread: 0x023f2800
ESI=0x00000000 is an unknown value
EDI=0x00000000 is an unknown value


Stack: [0x00be0000,0x00c30000],  sp=0x00c2d55c,  free space=309k
Native frames: (J=compiled Java code, j=interpreted, Vv=VM code, C=native code)
C  [nvoglv32.DLL+0xa83471]
C  [nvoglv32.DLL+0xa86716]
C  [nvoglv32.DLL+0xa83baf]
C  [nvoglv32.DLL+0xb2e901]
C  [nvoglv32.DLL+0xb51954]
C  [nvoglv32.DLL+0xaa1689]
C  [nvoglv32.DLL+0xaa18c0]
C  [nvoglv32.DLL+0xaa1ced]
C  [nvoglv32.DLL+0xb52651]
C  [nvoglv32.DLL+0xb4b8b8]
C  [nvoglv32.DLL+0xbae15]
C  [nvoglv32.DLL+0x8c1cc1]
C  [nvoglv32.DLL+0x8c17a6]
C  [nvoglv32.DLL+0x145a28]
C  [lwjgl.dll+0x88ac]
j  org.lwjgl.opengl.GL11.glCopyTexSubImage2D(IIIIIIII)V+31
j  net.minecraft.client.gui.GuiMainMenu.rotateAndBlurSkybox(F)V+52
j  net.minecraft.client.gui.GuiMainMenu.renderSkybox(IIF)V+30
j  net.minecraft.client.gui.GuiMainMenu.drawScreen(IIF)V+10
J 4655 C1 net.minecraft.client.renderer.EntityRenderer.updateCameraAndRender(F)V (874 bytes) @ 0x02f08a38 [0x02f07680+0x13b8]
J 4585 C1 net.minecraft.client.Minecraft.runGameLoop()V (769 bytes) @ 0x02eed3e0 [0x02eecbb0+0x830]
j  net.minecraft.client.Minecraft.run()V+61
j  net.minecraft.client.main.Main.main([Ljava/lang/String;)V+998
v  ~StubRoutines::call_stub
V  [jvm.dll+0x15aa85]
V  [jvm.dll+0x220d7e]
V  [jvm.dll+0x15ab1e]
V  [jvm.dll+0x1672c8]
V  [jvm.dll+0x167533]
V  [jvm.dll+0x103f33]
C  [java.dll+0x3b26]
j  sun.reflect.NativeMethodAccessorImpl.invoke(Ljava/lang/Object;[Ljava/lang/Object;)Ljava/lang/Object;+100
j  sun.reflect.DelegatingMethodAccessorImpl.invoke(Ljava/lang/Object;[Ljava/lang/Object;)Ljava/lang/Object;+6
j  java.lang.reflect.Method.invoke(Ljava/lang/Object;[Ljava/lang/Object;)Ljava/lang/Object;+56
j  net.minecraft.launchwrapper.Launch.launch([Ljava/lang/String;)V+661
j  net.minecraft.launchwrapper.Launch.main([Ljava/lang/String;)V+8
j  net.minecraftforge.gradle.GradleStartCommon.launch([Ljava/lang/String;)V+181
j  GradleStart.main([Ljava/lang/String;)V+11
v  ~StubRoutines::call_stub
V  [jvm.dll+0x15aa85]
V  [jvm.dll+0x220d7e]
V  [jvm.dll+0x15ab1e]
V  [jvm.dll+0xdca47]
V  [jvm.dll+0xe4fdf]
C  [javaw.exe+0x22ab]
C  [javaw.exe+0xaebf]
C  [javaw.exe+0xaf49]
C  [KERNEL32.DLL+0x162c4]
C  [ntdll.dll+0x60fd9]
C  [ntdll.dll+0x60fa4]
C  0x00000000

Java frames: (J=compiled Java code, j=interpreted, Vv=VM code)
j  org.lwjgl.opengl.GL11.nglCopyTexSubImage2D(IIIIIIIIJ)V+0
j  org.lwjgl.opengl.GL11.glCopyTexSubImage2D(IIIIIIII)V+31
j  net.minecraft.client.gui.GuiMainMenu.rotateAndBlurSkybox(F)V+52
j  net.minecraft.client.gui.GuiMainMenu.renderSkybox(IIF)V+30
j  net.minecraft.client.gui.GuiMainMenu.drawScreen(IIF)V+10
J 4655 C1 net.minecraft.client.renderer.EntityRenderer.updateCameraAndRender(F)V (874 bytes) @ 0x02f08a38 [0x02f07680+0x13b8]
J 4585 C1 net.minecraft.client.Minecraft.runGameLoop()V (769 bytes) @ 0x02eed3e0 [0x02eecbb0+0x830]
j  net.minecraft.client.Minecraft.run()V+61
j  net.minecraft.client.main.Main.main([Ljava/lang/String;)V+998
v  ~StubRoutines::call_stub
j  sun.reflect.NativeMethodAccessorImpl.invoke0(Ljava/lang/reflect/Method;Ljava/lang/Object;[Ljava/lang/Object;)Ljava/lang/Object;+0
j  sun.reflect.NativeMethodAccessorImpl.invoke(Ljava/lang/Object;[Ljava/lang/Object;)Ljava/lang/Object;+100
j  sun.reflect.DelegatingMethodAccessorImpl.invoke(Ljava/lang/Object;[Ljava/lang/Object;)Ljava/lang/Object;+6
j  java.lang.reflect.Method.invoke(Ljava/lang/Object;[Ljava/lang/Object;)Ljava/lang/Object;+56
j  net.minecraft.launchwrapper.Launch.launch([Ljava/lang/String;)V+661
j  net.minecraft.launchwrapper.Launch.main([Ljava/lang/String;)V+8
j  net.minecraftforge.gradle.GradleStartCommon.launch([Ljava/lang/String;)V+181
j  GradleStart.main([Ljava/lang/String;)V+11
v  ~StubRoutines::call_stub

---------------  P R O C E S S  ---------------

Java Threads: ( => current thread )
  0x57918800 JavaThread "File IO Thread" [_thread_blocked, id=7704, stack(0x5cd60000,0x5cdb0000)]
  0x57919c00 JavaThread "Chunk I/O Executor Thread-1" daemon [_thread_blocked, id=1164, stack(0x587c0000,0x58810000)]
  0x57917000 JavaThread "Netty IO #1" daemon [_thread_in_native, id=2440, stack(0x53820000,0x53870000)]
  0x55f99c00 JavaThread "Netty Client IO #0" daemon [_thread_in_native, id=4404, stack(0x534d0000,0x53520000)]
  0x5eff4c00 JavaThread "Netty IO #0" daemon [_thread_in_native, id=8764, stack(0x53440000,0x53490000)]
  0x560a4800 JavaThread "Thread-11" [_thread_blocked, id=6788, stack(0x5a200000,0x5a250000)]
  0x7857fc00 JavaThread "Thread-10" [_thread_blocked, id=11732, stack(0x59b90000,0x59be0000)]
  0x48ab3000 JavaThread "LWJGL Timer" daemon [_thread_blocked, id=9220, stack(0x53790000,0x537e0000)]
  0x46e99400 JavaThread "Java2D Disposer" daemon [_thread_blocked, id=10932, stack(0x49c10000,0x49c60000)]
  0x47c3c000 JavaThread "Timer hack thread" daemon [_thread_blocked, id=10504, stack(0x48690000,0x486e0000)]
  0x47bed000 JavaThread "Snooper Timer" daemon [_thread_blocked, id=12076, stack(0x48600000,0x48650000)]
  0x46b58400 JavaThread "Service Thread" daemon [_thread_blocked, id=8812, stack(0x47430000,0x47480000)]
  0x46b2e000 JavaThread "C1 CompilerThread0" daemon [_thread_blocked, id=8044, stack(0x473a0000,0x473f0000)]
  0x46b27c00 JavaThread "Attach Listener" daemon [_thread_blocked, id=7860, stack(0x472f0000,0x47340000)]
  0x46b34000 JavaThread "Signal Dispatcher" daemon [_thread_blocked, id=7644, stack(0x47260000,0x472b0000)]
  0x46b33400 JavaThread "Surrogate Locker Thread (Concurrent GC)" daemon [_thread_blocked, id=7948, stack(0x471d0000,0x47220000)]
  0x46b19c00 JavaThread "Finalizer" daemon [_thread_blocked, id=5672, stack(0x47050000,0x470a0000)]
  0x46b15800 JavaThread "Reference Handler" daemon [_thread_blocked, id=12136, stack(0x46fc0000,0x47010000)]
=>0x023f2800 JavaThread "Client thread" [_thread_in_native, id=8368, stack(0x00be0000,0x00c30000)]

Other Threads:
  0x46afec00 VMThread [stack: 0x46f30000,0x46f80000] [id=5028]
  0x46b63c00 WatcherThread [stack: 0x474c0000,0x47510000] [id=12436]

VM state:not at safepoint (normal execution)

VM Mutex/Monitor currently owned by a thread: None

Heap:
 par new generation   total 314560K, used 5156K [0x04c00000, 0x1a150000, 0x1a150000)
  eden space 279616K,   1% used [0x04c00000, 0x05109330, 0x15d10000)
  from space 34944K,   0% used [0x17f30000, 0x17f30000, 0x1a150000)
  to   space 34944K,   0% used [0x15d10000, 0x15d10000, 0x17f30000)
 concurrent mark-sweep generation total 699072K, used 204573K [0x1a150000, 0x44c00000, 0x44c00000)
 Metaspace       used 22824K, capacity 23063K, committed 23168K, reserved 23936K

Card table byte_map: [0x44c00000,0x44e10000] byte_map_base: 0x44bda000

Marking Bits: (CMSBitMap*) 0x024c6078
 Bits: [0x44e10000, 0x46365800)

Mod Union Table: (CMSBitMap*) 0x024c60d8
 Bits: [0x025a0000, 0x025caab0)

Polling page: 0x00c30000

CodeCache: size=32768Kb used=9313Kb max_used=11115Kb free=23455Kb
 bounds [0x025e0000, 0x030c0000, 0x045e0000]
 total_blobs=4454 nmethods=4051 adapters=331
 compilation: enabled

Compilation events (10 events):
Event: 84.814 Thread 0x46b2e000 5593             java.util.Arrays::binarySearch0 (72 bytes)
Event: 84.814 Thread 0x46b2e000 nmethod 5593 0x028fe2c8 code [0x028fe3c0, 0x028fe4a0]
Event: 84.814 Thread 0x46b2e000 5594             net.minecraft.block.BlockFire::rebuildFireInfo (125 bytes)
Event: 84.815 Thread 0x46b2e000 nmethod 5594 0x028fd748 code [0x028fd8e0, 0x028fdcc4]
Event: 84.815 Thread 0x46b2e000 5595             java.lang.reflect.Field::getModifiers (5 bytes)
Event: 84.816 Thread 0x46b2e000 nmethod 5595 0x02977388 code [0x02977480, 0x02977500]
Event: 84.816 Thread 0x46b2e000 5596             java.lang.ThreadLocal$ThreadLocalMap::cleanSomeSlots (60 bytes)
Event: 84.816 Thread 0x46b2e000 nmethod 5596 0x028fd408 code [0x028fd510, 0x028fd62c]
Event: 84.993 Thread 0x46b2e000 5597             java.lang.String::toUpperCase (439 bytes)
Event: 84.994 Thread 0x46b2e000 nmethod 5597 0x028fbfc8 code [0x028fc1d0, 0x028fc9f0]

GC Heap History (10 events):
Event: 50.318 GC heap before
{Heap before GC invocations=17 (full 11):
 par new generation   total 314560K, used 300790K [0x04c00000, 0x1a150000, 0x1a150000)
  eden space 279616K, 100% used [0x04c00000, 0x15d10000, 0x15d10000)
  from space 34944K,  60% used [0x17f30000, 0x193ddb40, 0x1a150000)
  to   space 34944K,   0% used [0x15d10000, 0x15d10000, 0x17f30000)
 concurrent mark-sweep generation total 699072K, used 201545K [0x1a150000, 0x44c00000, 0x44c00000)
 Metaspace       used 22797K, capacity 23031K, committed 23168K, reserved 23936K
Event: 50.323 GC heap after
Heap after GC invocations=18 (full 11):
 par new generation   total 314560K, used 33579K [0x04c00000, 0x1a150000, 0x1a150000)
  eden space 279616K,   0% used [0x04c00000, 0x04c00000, 0x15d10000)
  from space 34944K,  96% used [0x15d10000, 0x17ddaf78, 0x17f30000)
  to   space 34944K,   0% used [0x17f30000, 0x17f30000, 0x1a150000)
 concurrent mark-sweep generation total 699072K, used 201545K [0x1a150000, 0x44c00000, 0x44c00000)
 Metaspace       used 22797K, capacity 23031K, committed 23168K, reserved 23936K
}
Event: 60.083 GC heap before
{Heap before GC invocations=18 (full 11):
 par new generation   total 314560K, used 313195K [0x04c00000, 0x1a150000, 0x1a150000)
  eden space 279616K, 100% used [0x04c00000, 0x15d10000, 0x15d10000)
  from space 34944K,  96% used [0x15d10000, 0x17ddaf78, 0x17f30000)
  to   space 34944K,   0% used [0x17f30000, 0x17f30000, 0x1a150000)
 concurrent mark-sweep generation total 699072K, used 201545K [0x1a150000, 0x44c00000, 0x44c00000)
 Metaspace       used 22800K, capacity 23031K, committed 23168K, reserved 23936K
Event: 60.093 GC heap after
Heap after GC invocations=19 (full 11):
 par new generation   total 314560K, used 32678K [0x04c00000, 0x1a150000, 0x1a150000)
  eden space 279616K,   0% used [0x04c00000, 0x04c00000, 0x15d10000)
  from space 34944K,  93% used [0x17f30000, 0x19f19bc0, 0x1a150000)
  to   space 34944K,   0% used [0x15d10000, 0x15d10000, 0x17f30000)
 concurrent mark-sweep generation total 699072K, used 213520K [0x1a150000, 0x44c00000, 0x44c00000)
 Metaspace       used 22800K, capacity 23031K, committed 23168K, reserved 23936K
}
Event: 66.472 GC heap before
{Heap before GC invocations=19 (full 11):
 par new generation   total 314560K, used 312294K [0x04c00000, 0x1a150000, 0x1a150000)
  eden space 279616K, 100% used [0x04c00000, 0x15d10000, 0x15d10000)
  from space 34944K,  93% used [0x17f30000, 0x19f19bc0, 0x1a150000)
  to   space 34944K,   0% used [0x15d10000, 0x15d10000, 0x17f30000)
 concurrent mark-sweep generation total 699072K, used 188300K [0x1a150000, 0x44c00000, 0x44c00000)
 Metaspace       used 22802K, capacity 23031K, committed 23168K, reserved 23936K
Event: 66.478 GC heap after
Heap after GC invocations=20 (full 11):
 par new generation   total 314560K, used 34944K [0x04c00000, 0x1a150000, 0x1a150000)
  eden space 279616K,   0% used [0x04c00000, 0x04c00000, 0x15d10000)
  from space 34944K, 100% used [0x15d10000, 0x17f30000, 0x17f30000)
  to   space 34944K,   0% used [0x17f30000, 0x17f30000, 0x1a150000)
 concurrent mark-sweep generation total 699072K, used 195575K [0x1a150000, 0x44c00000, 0x44c00000)
 Metaspace       used 22802K, capacity 23031K, committed 23168K, reserved 23936K
}
Event: 73.923 GC heap before
{Heap before GC invocations=20 (full 12):
 par new generation   total 314560K, used 314560K [0x04c00000, 0x1a150000, 0x1a150000)
  eden space 279616K, 100% used [0x04c00000, 0x15d10000, 0x15d10000)
  from space 34944K, 100% used [0x15d10000, 0x17f30000, 0x17f30000)
  to   space 34944K,   0% used [0x17f30000, 0x17f30000, 0x1a150000)
 concurrent mark-sweep generation total 699072K, used 195575K [0x1a150000, 0x44c00000, 0x44c00000)
 Metaspace       used 22803K, capacity 23031K, committed 23168K, reserved 23936K
Event: 73.930 GC heap after
Heap after GC invocations=21 (full 12):
 par new generation   total 314560K, used 28737K [0x04c00000, 0x1a150000, 0x1a150000)
  eden space 279616K,   0% used [0x04c00000, 0x04c00000, 0x15d10000)
  from space 34944K,  82% used [0x17f30000, 0x19b40738, 0x1a150000)
  to   space 34944K,   0% used [0x15d10000, 0x15d10000, 0x17f30000)
 concurrent mark-sweep generation total 699072K, used 206141K [0x1a150000, 0x44c00000, 0x44c00000)
 Metaspace       used 22803K, capacity 23031K, committed 23168K, reserved 23936K
}
Event: 84.818 GC heap before
{Heap before GC invocations=21 (full 12):
 par new generation   total 314560K, used 257899K [0x04c00000, 0x1a150000, 0x1a150000)
  eden space 279616K,  81% used [0x04c00000, 0x12bca878, 0x15d10000)
  from space 34944K,  82% used [0x17f30000, 0x19b40738, 0x1a150000)
  to   space 34944K,   0% used [0x15d10000, 0x15d10000, 0x17f30000)
 concurrent mark-sweep generation total 699072K, used 206141K [0x1a150000, 0x44c00000, 0x44c00000)
 Metaspace       used 22820K, capacity 23031K, committed 23168K, reserved 23936K
Event: 84.992 GC heap after
Heap after GC invocations=22 (full 13):
 par new generation   total 314560K, used 0K [0x04c00000, 0x1a150000, 0x1a150000)
  eden space 279616K,   0% used [0x04c00000, 0x04c00000, 0x15d10000)
  from space 34944K,   0% used [0x17f30000, 0x17f30000, 0x1a150000)
  to   space 34944K,   0% used [0x15d10000, 0x15d10000, 0x17f30000)
 concurrent mark-sweep generation total 699072K, used 204573K [0x1a150000, 0x44c00000, 0x44c00000)
 Metaspace       used 22820K, capacity 23031K, committed 23168K, reserved 23936K
}

Deoptimization events (0 events):
No events

Internal exceptions (10 events):
Event: 83.795 Thread 0x7857fc00 Exception <a 'java/lang/InterruptedException': sleep interrupted> (0x11bc0350) thrown at [C:\workspace\8-2-build-windows-i586-cygwin\jdk8u121\8372\hotspot\src\share\vm\prims\jvm.cpp, line 3228]
Event: 83.803 Thread 0x7857fc00 Exception <a 'java/lang/InterruptedException': sleep interrupted> (0x11bc05d0) thrown at [C:\workspace\8-2-build-windows-i586-cygwin\jdk8u121\8372\hotspot\src\share\vm\prims\jvm.cpp, line 3228]
Event: 83.811 Thread 0x7857fc00 Exception <a 'java/lang/InterruptedException': sleep interrupted> (0x11bc0850) thrown at [C:\workspace\8-2-build-windows-i586-cygwin\jdk8u121\8372\hotspot\src\share\vm\prims\jvm.cpp, line 3228]
Event: 83.820 Thread 0x7857fc00 Exception <a 'java/lang/InterruptedException': sleep interrupted> (0x11bc0ad0) thrown at [C:\workspace\8-2-build-windows-i586-cygwin\jdk8u121\8372\hotspot\src\share\vm\prims\jvm.cpp, line 3228]
Event: 83.828 Thread 0x7857fc00 Exception <a 'java/lang/InterruptedException': sleep interrupted> (0x11bc0d50) thrown at [C:\workspace\8-2-build-windows-i586-cygwin\jdk8u121\8372\hotspot\src\share\vm\prims\jvm.cpp, line 3228]
Event: 83.836 Thread 0x7857fc00 Exception <a 'java/lang/InterruptedException': sleep interrupted> (0x11bc0fd0) thrown at [C:\workspace\8-2-build-windows-i586-cygwin\jdk8u121\8372\hotspot\src\share\vm\prims\jvm.cpp, line 3228]
Event: 83.845 Thread 0x7857fc00 Exception <a 'java/lang/InterruptedException': sleep interrupted> (0x11bc1250) thrown at [C:\workspace\8-2-build-windows-i586-cygwin\jdk8u121\8372\hotspot\src\share\vm\prims\jvm.cpp, line 3228]
Event: 83.853 Thread 0x7857fc00 Exception <a 'java/lang/InterruptedException': sleep interrupted> (0x11bc14d0) thrown at [C:\workspace\8-2-build-windows-i586-cygwin\jdk8u121\8372\hotspot\src\share\vm\prims\jvm.cpp, line 3228]
Event: 83.861 Thread 0x7857fc00 Exception <a 'java/lang/InterruptedException': sleep interrupted> (0x11bc1750) thrown at [C:\workspace\8-2-build-windows-i586-cygwin\jdk8u121\8372\hotspot\src\share\vm\prims\jvm.cpp, line 3228]
Event: 84.817 Thread 0x7857fc00 Exception <a 'java/lang/InterruptedException': sleep interrupted> (0x11bc24d0) thrown at [C:\workspace\8-2-build-windows-i586-cygwin\jdk8u121\8372\hotspot\src\share\vm\prims\jvm.cpp, line 3228]

Events (10 events):
Event: 84.995 Thread 0x46b2e000 flushing nmethod 0x0297a6c8
Event: 84.995 Thread 0x46b2e000 flushing nmethod 0x0297a8c8
Event: 84.995 Thread 0x46b2e000 flushing nmethod 0x0297ad88
Event: 84.995 Thread 0x46b2e000 flushing nmethod 0x0297af88
Event: 84.995 Thread 0x46b2e000 flushing nmethod 0x0297b208
Event: 84.995 Thread 0x46b2e000 flushing nmethod 0x0297b4c8
Event: 84.995 Thread 0x46b2e000 flushing nmethod 0x0297b6c8
Event: 84.995 Thread 0x46b2e000 flushing nmethod 0x0297b8c8
Event: 84.995 Thread 0x46b2e000 flushing nmethod 0x0297bac8
Event: 84.995 Thread 0x46b2e000 flushing nmethod 0x0297bcc8


Dynamic libraries:
0x00330000 - 0x00363000 	C:\Program Files (x86)\Java\jre1.8.0_121\bin\javaw.exe
0x77a40000 - 0x77bc3000 	C:\WINDOWS\SYSTEM32\ntdll.dll
0x767a0000 - 0x76880000 	C:\WINDOWS\System32\KERNEL32.DLL
0x77330000 - 0x774d1000 	C:\WINDOWS\System32\KERNELBASE.dll
0x75f80000 - 0x75ff7000 	C:\WINDOWS\System32\ADVAPI32.dll
0x76f20000 - 0x76fde000 	C:\WINDOWS\System32\msvcrt.dll
0x760e0000 - 0x76121000 	C:\WINDOWS\System32\sechost.dll
0x74690000 - 0x74751000 	C:\WINDOWS\System32\RPCRT4.dll
0x74500000 - 0x7451e000 	C:\WINDOWS\System32\SspiCli.dll
0x744f0000 - 0x744fa000 	C:\WINDOWS\System32\CRYPTBASE.dll
0x76130000 - 0x7618a000 	C:\WINDOWS\System32\bcryptPrimitives.dll
0x765d0000 - 0x7672f000 	C:\WINDOWS\System32\USER32.dll
0x77a20000 - 0x77a35000 	C:\WINDOWS\System32\win32u.dll
0x76190000 - 0x761bb000 	C:\WINDOWS\System32\GDI32.dll
0x74520000 - 0x7467b000 	C:\WINDOWS\System32\gdi32full.dll
0x740e0000 - 0x742ea000 	C:\WINDOWS\WinSxS\x86_microsoft.windows.common-controls_6595b64144ccf1df_6.0.14393.447_none_89c64d28dafea4b9\COMCTL32.dll
0x75d50000 - 0x75f61000 	C:\WINDOWS\System32\combase.dll
0x76e40000 - 0x76f20000 	C:\WINDOWS\System32\ucrtbase.dll
0x77210000 - 0x77235000 	C:\WINDOWS\System32\IMM32.DLL
0x5ceb0000 - 0x5cf6f000 	C:\Program Files (x86)\Java\jre1.8.0_121\bin\msvcr100.dll
0x65d30000 - 0x660fe000 	C:\Program Files (x86)\Java\jre1.8.0_121\bin\client\jvm.dll
0x74680000 - 0x74686000 	C:\WINDOWS\System32\PSAPI.DLL
0x73ea0000 - 0x73ea8000 	C:\WINDOWS\SYSTEM32\WSOCK32.dll
0x6c0a0000 - 0x6c0c4000 	C:\WINDOWS\SYSTEM32\WINMM.dll
0x74450000 - 0x74458000 	C:\WINDOWS\SYSTEM32\VERSION.dll
0x76730000 - 0x76793000 	C:\WINDOWS\System32\WS2_32.dll
0x6c020000 - 0x6c043000 	C:\WINDOWS\SYSTEM32\WINMMBASE.dll
0x760a0000 - 0x760d6000 	C:\WINDOWS\System32\cfgmgr32.dll
0x71af0000 - 0x71afc000 	C:\Program Files (x86)\Java\jre1.8.0_121\bin\verify.dll
0x71ac0000 - 0x71ae1000 	C:\Program Files (x86)\Java\jre1.8.0_121\bin\java.dll
0x71aa0000 - 0x71ab3000 	C:\Program Files (x86)\Java\jre1.8.0_121\bin\zip.dll
0x74810000 - 0x75be9000 	C:\WINDOWS\System32\SHELL32.dll
0x768d0000 - 0x76e3e000 	C:\WINDOWS\System32\windows.storage.dll
0x76880000 - 0x768c5000 	C:\WINDOWS\System32\powrprof.dll
0x747c0000 - 0x74806000 	C:\WINDOWS\System32\shlwapi.dll
0x77800000 - 0x7780d000 	C:\WINDOWS\System32\kernel.appcore.dll
0x76000000 - 0x76088000 	C:\WINDOWS\System32\shcore.dll
0x77530000 - 0x7753f000 	C:\WINDOWS\System32\profapi.dll
0x61ee0000 - 0x61eea000 	C:\Program Files (x86)\Java\jre1.8.0_121\bin\management.dll
0x71a80000 - 0x71a96000 	C:\Program Files (x86)\Java\jre1.8.0_121\bin\net.dll
0x6e4a0000 - 0x6e4ee000 	C:\WINDOWS\system32\mswsock.dll
0x71a70000 - 0x71a7f000 	C:\Program Files (x86)\Java\jre1.8.0_121\bin\nio.dll
0x6e310000 - 0x6e322000 	C:\WINDOWS\system32\napinsp.dll
0x6e2f0000 - 0x6e306000 	C:\WINDOWS\system32\pnrpnsp.dll
0x6e2d0000 - 0x6e2e4000 	C:\WINDOWS\system32\NLAapi.dll
0x6ecf0000 - 0x6ed6c000 	C:\WINDOWS\SYSTEM32\DNSAPI.dll
0x76090000 - 0x76097000 	C:\WINDOWS\System32\NSI.dll
0x73f60000 - 0x73f8f000 	C:\WINDOWS\SYSTEM32\IPHLPAPI.DLL
0x6e2c0000 - 0x6e2cc000 	C:\WINDOWS\System32\winrnr.dll
0x6e2a0000 - 0x6e2b1000 	C:\WINDOWS\System32\wshbth.dll
0x6e390000 - 0x6e3b1000 	C:\Program Files (x86)\Bonjour\mdnsNSP.dll
0x6e380000 - 0x6e388000 	C:\Windows\System32\rasadhlp.dll
0x6e330000 - 0x6e379000 	C:\WINDOWS\System32\fwpuclnt.dll
0x74460000 - 0x7447b000 	C:\WINDOWS\SYSTEM32\bcrypt.dll
0x47e20000 - 0x47e6d000 	C:\Users\Aaron\.gradle\caches\minecraft\net\minecraft\minecraft_natives\1.7.10\lwjgl.dll
0x5cdd0000 - 0x5ceb0000 	C:\WINDOWS\SYSTEM32\OPENGL32.dll
0x61b20000 - 0x61b45000 	C:\WINDOWS\SYSTEM32\GLU32.dll
0x5a8f0000 - 0x5a9dd000 	C:\WINDOWS\SYSTEM32\DDRAW.dll
0x652c0000 - 0x652c7000 	C:\WINDOWS\SYSTEM32\DCIMAN32.dll
0x72f90000 - 0x72fa3000 	C:\WINDOWS\SYSTEM32\CRYPTSP.dll
0x72f60000 - 0x72f8f000 	C:\WINDOWS\system32\rsaenh.dll
0x73f40000 - 0x73f5a000 	C:\WINDOWS\SYSTEM32\USERENV.dll
0x719b0000 - 0x719c3000 	C:\WINDOWS\SYSTEM32\dhcpcsvc6.DLL
0x71990000 - 0x719a4000 	C:\WINDOWS\SYSTEM32\dhcpcsvc.DLL
0x6c7d0000 - 0x6c916000 	C:\Program Files (x86)\Java\jre1.8.0_121\bin\awt.dll
0x77920000 - 0x779b4000 	C:\WINDOWS\System32\OLEAUT32.dll
0x778a0000 - 0x7791b000 	C:\WINDOWS\System32\msvcp_win.dll
0x6a6d0000 - 0x6a762000 	C:\WINDOWS\SYSTEM32\apphelp.dll
0x6cb60000 - 0x6cbd5000 	C:\WINDOWS\system32\uxtheme.dll
0x75bf0000 - 0x75d25000 	C:\WINDOWS\System32\MSCTF.dll
0x6bf30000 - 0x6bf4f000 	C:\WINDOWS\system32\dwmapi.dll
0x68720000 - 0x69f83000 	C:\WINDOWS\SYSTEM32\nvoglv32.DLL
0x761c0000 - 0x765cb000 	C:\WINDOWS\System32\SETUPAPI.dll
0x73f90000 - 0x73f9f000 	C:\WINDOWS\SYSTEM32\WTSAPI32.dll
0x6cc10000 - 0x6cd55000 	C:\WINDOWS\SYSTEM32\dbghelp.dll
0x74400000 - 0x74422000 	C:\WINDOWS\SYSTEM32\DEVOBJ.dll
0x774e0000 - 0x77524000 	C:\WINDOWS\System32\WINTRUST.dll
0x77200000 - 0x7720e000 	C:\WINDOWS\System32\MSASN1.dll
0x77080000 - 0x771fd000 	C:\WINDOWS\System32\CRYPT32.dll
0x743d0000 - 0x743f8000 	C:\WINDOWS\SYSTEM32\ntmarta.dll
0x65640000 - 0x656c5000 	C:\WINDOWS\SYSTEM32\mscms.dll
0x65840000 - 0x6587d000 	C:\WINDOWS\SYSTEM32\icm32.dll
0x4fc10000 - 0x4fc53000 	C:\WINDOWS\SYSTEM32\WINSTA.dll
0x70a40000 - 0x70a7a000 	C:\Users\Aaron\.gradle\caches\minecraft\net\minecraft\minecraft_natives\1.7.10\avutil-ttv-51.dll
0x65980000 - 0x6599d000 	C:\Users\Aaron\.gradle\caches\minecraft\net\minecraft\minecraft_natives\1.7.10\swresample-ttv-0.dll
0x6eb80000 - 0x6ec09000 	C:\Users\Aaron\.gradle\caches\minecraft\net\minecraft\minecraft_natives\1.7.10\libmp3lame-ttv.dll
0x4ffb0000 - 0x50f30000 	C:\Users\Aaron\.gradle\caches\minecraft\net\minecraft\minecraft_natives\1.7.10\libmfxsw32.dll
0x58ab0000 - 0x58bb3000 	C:\Users\Aaron\.gradle\caches\minecraft\net\minecraft\minecraft_natives\1.7.10\twitchsdk.dll
0x77240000 - 0x7732a000 	C:\WINDOWS\System32\ole32.dll
0x6b550000 - 0x6b77f000 	C:\WINDOWS\SYSTEM32\WININET.dll
0x59d70000 - 0x59dd5000 	C:\Users\Aaron\.gradle\caches\minecraft\net\minecraft\minecraft_natives\1.7.10\OpenAL32.dll
0x77810000 - 0x77894000 	C:\WINDOWS\System32\clbcatq.dll
0x59ec0000 - 0x59f18000 	C:\WINDOWS\System32\MMDevApi.dll
0x656d0000 - 0x6581f000 	C:\WINDOWS\System32\PROPSYS.dll
0x59f20000 - 0x59fa9000 	C:\WINDOWS\SYSTEM32\dsound.dll
0x65a20000 - 0x65a9b000 	C:\WINDOWS\SYSTEM32\AUDIOSES.DLL
0x5a0e0000 - 0x5a1af000 	C:\WINDOWS\SYSTEM32\wintypes.dll
0x53520000 - 0x53540000 	C:\Program Files (x86)\Java\jre1.8.0_121\bin\sunec.dll
0x53540000 - 0x53549000 	C:\Program Files (x86)\Java\jre1.8.0_121\bin\sunmscapi.dll

VM Arguments:
jvm_args: -Xincgc -Xmx1024M -Xms1024M -Dfile.encoding=Cp1252 
java_command: GradleStart
java_class_path (initial): E:\Eclipse_Workspace\Turd Mod\bin;C:\Users\Aaron\.gradle\caches\minecraft\net\minecraftforge\forge\1.7.10-10.13.4.1614-1.7.10\forgeSrc-1.7.10-10.13.4.1614-1.7.10.jar;C:\Users\Aaron\.gradle\caches\modules-2\files-2.1\net.minecraft\launchwrapper\1.12\111e7bea9c968cdb3d06ef4632bf7ff0824d0f36\launchwrapper-1.12.jar;C:\Users\Aaron\.gradle\caches\modules-2\files-2.1\com.google.code.findbugs\jsr305\1.3.9\40719ea6961c0cb6afaeb6a921eaa1f6afd4cfdf\jsr305-1.3.9.jar;C:\Users\Aaron\.gradle\caches\modules-2\files-2.1\org.ow2.asm\asm-debug-all\5.0.3\f9e364ae2a66ce2a543012a4668856e84e5dab74\asm-debug-all-5.0.3.jar;C:\Users\Aaron\.gradle\caches\modules-2\files-2.1\com.typesafe.akka\akka-actor_2.11\2.3.3\ed62e9fc709ca0f2ff1a3220daa8b70a2870078e\akka-actor_2.11-2.3.3.jar;C:\Users\Aaron\.gradle\caches\modules-2\files-2.1\com.typesafe\config\1.2.1\f771f71fdae3df231bcd54d5ca2d57f0bf93f467\config-1.2.1.jar;C:\Users\Aaron\.gradle\caches\modules-2\files-2.1\org.scala-lang\scala-actors-migration_2.11\1.1.0\dfa8bc42b181d5b9f1a5dd147f8ae308b893eb6f\scala-actors-migration_2.11-1.1.0.jar;C:\Users\Aaron\.gradle\caches\modules-2\files-2.1\org.scala-lang\scala-compiler\2.11.1\56ea2e6c025e0821f28d73ca271218b8dd04926a\scala-compiler-2.11.1.jar;C:\Users\Aaron\.gradle\caches\modules-2\files-2.1\org.scala-lang.plugins\scala-continuations-library_2.11\1.0.2\e517c53a7e9acd6b1668c5a35eccbaa3bab9aac\scala-continuations-library_2.11-1.0.2.jar;C:\Users\Aaron\.gradle\caches\modules-2\files-2.1\org.scala-lang.plugins\scala-continuations-plugin_2.11.1\1.0.2\f361a3283452c57fa30c1ee69448995de23c60f7\scala-continuations-plugin_2.11.1-1.0.2.jar;C:\Users\Aaron\.gradle\caches\modules-2\files-2.1\org.scala-lang\scala-library\2.11.1\e11da23da3eabab9f4777b9220e60d44c1aab6a\scala-library-2.11.1.jar;C:\Users\Aaron\.gradle\caches\modules-2\files-2.1\org.scala-lang\scala-parser-combinators_2.11\1.0.1\f05d7345bf5a58924f2837c6c1f4d73a938e1ff0\scala-parser-combinators_2.11-1.0.1.jar;C:\Users\Aaron\.
Launcher Type: SUN_STANDARD

Environment Variables:
PATH=C:/Program Files (x86)/Java/jre1.8.0_121/bin/client;C:/Program Files (x86)/Java/jre1.8.0_121/bin;C:/Program Files (x86)/Java/jre1.8.0_121/lib/i386;C:\ProgramData\Oracle\Java\javapath;C:\Program Files (x86)\Razer Chroma SDK\bin;C:\Program Files\Razer Chroma SDK\bin;C:\Program Files (x86)\Intel\iCLS Client\;C:\Program Files\Intel\iCLS Client\;C:\Windows\system32;C:\Windows;C:\Windows\System32\Wbem;C:\Windows\System32\WindowsPowerShell\v1.0\;C:\Program Files\Intel\Intel(R) Management Engine Components\DAL;C:\Program Files (x86)\Intel\Intel(R) Management Engine Components\DAL;C:\Program Files\Intel\Intel(R) Management Engine Components\IPT;C:\Program Files (x86)\Intel\Intel(R) Management Engine Components\IPT;C:\Program Files (x86)\Windows Live\Shared;C:\Program Files (x86)\NVIDIA Corporation\PhysX\Common;C:\WINDOWS\system32;C:\WINDOWS;C:\WINDOWS\System32\Wbem;C:\WINDOWS\System32\WindowsPowerShell\v1.0\;C:\Program Files (x86)\Skype\Phone\;C:\WINDOWS\system32;C:\WINDOWS;C:\WINDOWS\System32\Wbem;C:\WINDOWS\System32\WindowsPowerShell\v1.0\;C:\Users\Aaron\AppData\Local\Microsoft\WindowsApps;;C:\Users\Aaron\Documents\Eclipse\eclipse;
USERNAME=Aaron
OS=Windows_NT
PROCESSOR_IDENTIFIER=Intel64 Family 6 Model 60 Stepping 3, GenuineIntel



---------------  S Y S T E M  ---------------

OS: Windows 10.0 , 64 bit Build 14393 (10.0.14393.0)

CPU:total 8 (4 cores per cpu, 2 threads per core) family 6 model 60 stepping 3, cmov, cx8, fxsr, mmx, sse, sse2, sse3, ssse3, sse4.1, sse4.2, popcnt, avx, avx2, aes, clmul, erms, lzcnt, ht, tsc, tscinvbit, bmi1, bmi2

Memory: 4k page, physical 16717748k(12196240k free), swap 19208116k(13732044k free)

vm_info: Java HotSpot(TM) Client VM (25.121-b13) for windows-x86 JRE (1.8.0_121-b13), built on Dec 12 2016 18:17:00 by "java_re" with MS VC++ 10.0 (VS2010)

time: Thu Feb 02 16:23:19 2017
elapsed time: 85 seconds (0d 0h 1m 25s)

