#
# A fatal error has been detected by the Java Runtime Environment:
#
#  EXCEPTION_ACCESS_VIOLATION (0xc0000005) at pc=0x59e54d51, pid=5736, tid=0x00001378
#
# JRE version: Java(TM) SE Runtime Environment (8.0_112-b15) (build 1.8.0_112-b15)
# Java VM: Java HotSpot(TM) Client VM (25.112-b15 mixed mode windows-x86 )
# Problematic frame:
# C  [nvoglv32.DLL+0xa84d51]
#
# Failed to write core dump. Minidumps are not enabled by default on client versions of Windows
#
# If you would like to submit a bug report, please visit:
#   http://bugreport.java.com/bugreport/crash.jsp
# The crash happened outside the Java Virtual Machine in native code.
# See problematic frame for where to report the bug.
#

---------------  T H R E A D  ---------------

Current thread (0x00b91400):  JavaThread "Client thread" [_thread_in_native, id=4984, stack(0x00d60000,0x00db0000)]

siginfo: ExceptionCode=0xc0000005, reading address 0x00000008

Registers:
EAX=0x00000000, EBX=0x00000000, ECX=0x00000000, EDX=0x00000008
ESP=0x00dae4a4, EBP=0x00dae4b0, ESI=0x00000000, EDI=0x00000000
EIP=0x59e54d51, EFLAGS=0x00010246

Top of Stack: (sp=0x00dae4a4)
0x00dae4a4:   00000000 00000000 00000000 00dae4d0
0x00dae4b4:   59e58006 00000000 00dae960 6e2abd30
0x00dae4c4:   00000000 00dae520 4ac4071c 00dae4f8
0x00dae4d4:   59e5673a 4ab60020 00000000 00dae520
0x00dae4e4:   00dae960 00000000 6e2abd30 78813aa0
0x00dae4f4:   4ab60020 00dae930 59f40123 4ab60020
0x00dae504:   6e2abd30 78813aa0 00dae520 00dae960
0x00dae514:   00daeae0 78813aa0 6e2abd30 00000000 

Instructions: (pc=0x59e54d51)
0x59e54d31:   cc cc cc cc cc cc cc cc cc cc cc cc cc cc cc 55
0x59e54d41:   8b ec 8b 45 08 8b 4d 08 53 56 8b 75 08 32 db 57
0x59e54d51:   0f b7 78 08 85 ff 7e 20 83 c0 24 8d 64 24 00 0f
0x59e54d61:   b7 50 fc 4a 74 22 83 ea 2c 75 07 b3 01 8b 08 8b 


Register to memory mapping:

EAX=0x00000000 is an unknown value
EBX=0x00000000 is an unknown value
ECX=0x00000000 is an unknown value
EDX=0x00000008 is an unknown value
ESP=0x00dae4a4 is pointing into the stack for thread: 0x00b91400
EBP=0x00dae4b0 is pointing into the stack for thread: 0x00b91400
ESI=0x00000000 is an unknown value
EDI=0x00000000 is an unknown value


Stack: [0x00d60000,0x00db0000],  sp=0x00dae4a4,  free space=313k
Native frames: (J=compiled Java code, j=interpreted, Vv=VM code, C=native code)
C  [nvoglv32.DLL+0xa84d51]
C  [nvoglv32.DLL+0xa88006]
C  [nvoglv32.DLL+0xa8673a]
C  [nvoglv32.DLL+0xb70123]
C  [nvoglv32.DLL+0xb705f4]
C  [nvoglv32.DLL+0xaa31a9]
C  [nvoglv32.DLL+0xaa33e0]
C  [nvoglv32.DLL+0xaa380d]
C  [nvoglv32.DLL+0xb70bb6]
C  [nvoglv32.DLL+0xb3d733]
C  [nvoglv32.DLL+0xb38b41]
C  [nvoglv32.DLL+0xc2ad81]
C  [nvoglv32.DLL+0xc23d2a]
C  [lwjgl.dll+0x9c03]
J 2167 C1 net.minecraft.client.renderer.Tessellator.draw()I (405 bytes) @ 0x0295175c [0x02951130+0x62c]
j  net.minecraft.client.renderer.RenderBlocks.renderBlockAsItem(Lnet/minecraft/block/Block;IF)V+3131
j  net.minecraft.client.renderer.entity.RenderItem.renderItemIntoGUI(Lnet/minecraft/client/gui/FontRenderer;Lnet/minecraft/client/renderer/texture/TextureManager;Lnet/minecraft/item/ItemStack;IIZ)V+271
j  net.minecraft.client.renderer.entity.RenderItem.renderItemAndEffectIntoGUI(Lnet/minecraft/client/gui/FontRenderer;Lnet/minecraft/client/renderer/texture/TextureManager;Lnet/minecraft/item/ItemStack;II)V+51
J 3686 C1 net.minecraft.client.gui.GuiIngame.renderInventorySlot(IIIF)V (156 bytes) @ 0x02c3d224 [0x02c3cdd0+0x454]
J 3670 C1 net.minecraftforge.client.GuiIngameForge.renderHotbar(IIF)V (219 bytes) @ 0x02c33dd0 [0x02c33600+0x7d0]
J 4395 C1 net.minecraftforge.client.GuiIngameForge.renderGameOverlay(FZII)V (587 bytes) @ 0x02dc1130 [0x02dc0980+0x7b0]
J 4343 C1 net.minecraft.client.renderer.EntityRenderer.updateCameraAndRender(F)V (874 bytes) @ 0x02da2880 [0x02da19c0+0xec0]
J 4122 C1 net.minecraft.client.Minecraft.runGameLoop()V (769 bytes) @ 0x02d24860 [0x02d24030+0x830]
j  net.minecraft.client.Minecraft.run()V+61
j  net.minecraft.client.main.Main.main([Ljava/lang/String;)V+998
v  ~StubRoutines::call_stub
V  [jvm.dll+0x15a945]
V  [jvm.dll+0x220d0e]
V  [jvm.dll+0x15a9de]
V  [jvm.dll+0x167178]
V  [jvm.dll+0x1673e3]
V  [jvm.dll+0x103be3]
C  [java.dll+0x3b26]
j  sun.reflect.NativeMethodAccessorImpl.invoke(Ljava/lang/Object;[Ljava/lang/Object;)Ljava/lang/Object;+100
j  sun.reflect.DelegatingMethodAccessorImpl.invoke(Ljava/lang/Object;[Ljava/lang/Object;)Ljava/lang/Object;+6
j  java.lang.reflect.Method.invoke(Ljava/lang/Object;[Ljava/lang/Object;)Ljava/lang/Object;+56
j  net.minecraft.launchwrapper.Launch.launch([Ljava/lang/String;)V+661
j  net.minecraft.launchwrapper.Launch.main([Ljava/lang/String;)V+8
j  net.minecraftforge.gradle.GradleStartCommon.launch([Ljava/lang/String;)V+181
j  GradleStart.main([Ljava/lang/String;)V+11
v  ~StubRoutines::call_stub
V  [jvm.dll+0x15a945]
V  [jvm.dll+0x220d0e]
V  [jvm.dll+0x15a9de]
V  [jvm.dll+0xdc707]
V  [jvm.dll+0xe4c9f]
C  [javaw.exe+0x22ab]
C  [javaw.exe+0xaebf]
C  [javaw.exe+0xaf49]
C  [kernel32.dll+0x1338a]
C  [ntdll.dll+0x3bf32]
C  [ntdll.dll+0x3bf05]
C  0x00000000

Java frames: (J=compiled Java code, j=interpreted, Vv=VM code)
J 2182  org.lwjgl.opengl.GL11.nglDrawArrays(IIIJ)V (0 bytes) @ 0x02958e76 [0x02958e20+0x56]
J 2167 C1 net.minecraft.client.renderer.Tessellator.draw()I (405 bytes) @ 0x0295175c [0x02951130+0x62c]
j  net.minecraft.client.renderer.RenderBlocks.renderBlockAsItem(Lnet/minecraft/block/Block;IF)V+3131
j  net.minecraft.client.renderer.entity.RenderItem.renderItemIntoGUI(Lnet/minecraft/client/gui/FontRenderer;Lnet/minecraft/client/renderer/texture/TextureManager;Lnet/minecraft/item/ItemStack;IIZ)V+271
j  net.minecraft.client.renderer.entity.RenderItem.renderItemAndEffectIntoGUI(Lnet/minecraft/client/gui/FontRenderer;Lnet/minecraft/client/renderer/texture/TextureManager;Lnet/minecraft/item/ItemStack;II)V+51
J 3686 C1 net.minecraft.client.gui.GuiIngame.renderInventorySlot(IIIF)V (156 bytes) @ 0x02c3d224 [0x02c3cdd0+0x454]
J 3670 C1 net.minecraftforge.client.GuiIngameForge.renderHotbar(IIF)V (219 bytes) @ 0x02c33dd0 [0x02c33600+0x7d0]
J 4395 C1 net.minecraftforge.client.GuiIngameForge.renderGameOverlay(FZII)V (587 bytes) @ 0x02dc1130 [0x02dc0980+0x7b0]
J 4343 C1 net.minecraft.client.renderer.EntityRenderer.updateCameraAndRender(F)V (874 bytes) @ 0x02da2880 [0x02da19c0+0xec0]
J 4122 C1 net.minecraft.client.Minecraft.runGameLoop()V (769 bytes) @ 0x02d24860 [0x02d24030+0x830]
j  net.minecraft.client.Minecraft.run()V+61
j  net.minecraft.client.main.Main.main([Ljava/lang/String;)V+998
v  ~StubRoutines::call_stub
j  sun.reflect.NativeMethodAccessorImpl.invoke0(Ljava/lang/reflect/Method;Ljava/lang/Object;[Ljava/lang/Object;)Ljava/lang/Object;+0
j  sun.reflect.NativeMethodAccessorImpl.invoke(Ljava/lang/Object;[Ljava/lang/Object;)Ljava/lang/Object;+100
j  sun.reflect.DelegatingMethodAccessorImpl.invoke(Ljava/lang/Object;[Ljava/lang/Object;)Ljava/lang/Object;+6
j  java.lang.reflect.Method.invoke(Ljava/lang/Object;[Ljava/lang/Object;)Ljava/lang/Object;+56
j  net.minecraft.launchwrapper.Launch.launch([Ljava/lang/String;)V+661
j  net.minecraft.launchwrapper.Launch.main([Ljava/lang/String;)V+8
j  net.minecraftforge.gradle.GradleStartCommon.launch([Ljava/lang/String;)V+181
j  GradleStart.main([Ljava/lang/String;)V+11
v  ~StubRoutines::call_stub

---------------  P R O C E S S  ---------------

Java Threads: ( => current thread )
  0x56859000 JavaThread "File IO Thread" [_thread_blocked, id=2240, stack(0x4eea0000,0x4eef0000)]
  0x56858800 JavaThread "pool-2-thread-1" [_thread_blocked, id=5512, stack(0x5c330000,0x5c380000)]
  0x56858400 JavaThread "Netty IO #1" daemon [_thread_in_native, id=2000, stack(0x4a6c0000,0x4a710000)]
  0x474f3c00 JavaThread "Netty Client IO #0" daemon [_thread_in_native, id=3608, stack(0x4f360000,0x4f3b0000)]
  0x50548800 JavaThread "Netty IO #0" daemon [_thread_in_native, id=4820, stack(0x4fbe0000,0x4fc30000)]
  0x5be4f800 JavaThread "Server thread" [_thread_in_native, id=3056, stack(0x4fb90000,0x4fbe0000)]
  0x5dac0400 JavaThread "Snooper Timer" daemon [_thread_blocked, id=6104, stack(0x4c160000,0x4c1b0000)]
  0x6ee98c00 JavaThread "Thread-11" [_thread_blocked, id=5532, stack(0x4a8b0000,0x4a900000)]
  0x6ee98400 JavaThread "Thread-10" [_thread_blocked, id=5244, stack(0x5c2a0000,0x5c2f0000)]
  0x47b37400 JavaThread "LWJGL Timer" daemon [_thread_blocked, id=572, stack(0x4f620000,0x4f670000)]
  0x466c8400 JavaThread "Java2D Disposer" daemon [_thread_blocked, id=2632, stack(0x48b90000,0x48be0000)]
  0x47e18800 JavaThread "Timer hack thread" daemon [_thread_blocked, id=5072, stack(0x49220000,0x49270000)]
  0x47ddd000 JavaThread "Snooper Timer" daemon [_thread_blocked, id=392, stack(0x470f0000,0x47140000)]
  0x4673ec00 JavaThread "Service Thread" daemon [_thread_blocked, id=3220, stack(0x470a0000,0x470f0000)]
  0x46712400 JavaThread "C1 CompilerThread0" daemon [_thread_blocked, id=4632, stack(0x46f70000,0x46fc0000)]
  0x4670f400 JavaThread "Attach Listener" daemon [_thread_blocked, id=5920, stack(0x47000000,0x47050000)]
  0x4670e400 JavaThread "Signal Dispatcher" daemon [_thread_blocked, id=3364, stack(0x46ed0000,0x46f20000)]
  0x46717800 JavaThread "Surrogate Locker Thread (Concurrent GC)" daemon [_thread_blocked, id=3700, stack(0x46e70000,0x46ec0000)]
  0x46701400 JavaThread "Finalizer" daemon [_thread_blocked, id=4524, stack(0x04590000,0x045e0000)]
  0x466fb000 JavaThread "Reference Handler" daemon [_thread_blocked, id=3460, stack(0x46d00000,0x46d50000)]
=>0x00b91400 JavaThread "Client thread" [_thread_in_native, id=4984, stack(0x00d60000,0x00db0000)]

Other Threads:
  0x466d8400 VMThread [stack: 0x46c30000,0x46c80000] [id=5696]
  0x46751000 WatcherThread [stack: 0x471e0000,0x47230000] [id=3196]

VM state:not at safepoint (normal execution)

VM Mutex/Monitor currently owned by a thread: None

Heap:
 par new generation   total 235968K, used 199728K [0x04a00000, 0x14a00000, 0x14a00000)
  eden space 209792K,  87% used [0x04a00000, 0x0fce2730, 0x116e0000)
  from space 26176K,  63% used [0x116e0000, 0x12709bb8, 0x13070000)
  to   space 26176K,   0% used [0x13070000, 0x13070000, 0x14a00000)
 concurrent mark-sweep generation total 786432K, used 122496K [0x14a00000, 0x44a00000, 0x44a00000)
 Metaspace       used 22671K, capacity 22903K, committed 23040K, reserved 23936K

Card table byte_map: [0x44a00000,0x44c10000] byte_map_base: 0x449db000

Marking Bits: (CMSBitMap*) 0x00c032e0
 Bits: [0x44da0000, 0x465a0000)

Mod Union Table: (CMSBitMap*) 0x00c03340
 Bits: [0x00200000, 0x00230000)

Polling page: 0x001d0000

CodeCache: size=32768Kb used=8526Kb max_used=9371Kb free=24241Kb
 bounds [0x02500000, 0x02e70000, 0x04500000]
 total_blobs=4027 nmethods=3625 adapters=330
 compilation: enabled

Compilation events (10 events):
Event: 93.538 Thread 0x46712400 4745             net.minecraft.nbt.NBTTagList::appendTag (50 bytes)
Event: 93.539 Thread 0x46712400 nmethod 4745 0x027ceb88 code [0x027cecc0, 0x027cee60]
Event: 93.549 Thread 0x46712400 4746             java.util.ArrayList::indexOf (67 bytes)
Event: 93.549 Thread 0x46712400 nmethod 4746 0x027d0c48 code [0x027d0d60, 0x027d0ecc]
Event: 93.561 Thread 0x46712400 4747             java.nio.DirectIntBufferU::put (17 bytes)
Event: 93.561 Thread 0x46712400 nmethod 4747 0x027ce888 code [0x027ce990, 0x027cea8c]
Event: 93.564 Thread 0x46712400 4748   !         net.minecraft.world.chunk.storage.AnvilChunkLoader::writeChunkToNBT (747 bytes)
Event: 93.567 Thread 0x46712400 nmethod 4748 0x027a5c08 code [0x027a61f0, 0x027a83b4]
Event: 93.576 Thread 0x46712400 4749             net.minecraft.nbt.NBTTagString::getId (3 bytes)
Event: 93.576 Thread 0x46712400 nmethod 4749 0x027b5888 code [0x027b5980, 0x027b5a00]

GC Heap History (10 events):
Event: 52.297 GC heap before
{Heap before GC invocations=15 (full 10):
 par new generation   total 235968K, used 217610K [0x04a00000, 0x14a00000, 0x14a00000)
  eden space 209792K,  92% used [0x04a00000, 0x1084dfe8, 0x116e0000)
  from space 26176K,  86% used [0x13070000, 0x146a48c0, 0x14a00000)
  to   space 26176K,   0% used [0x116e0000, 0x116e0000, 0x13070000)
 concurrent mark-sweep generation total 786432K, used 104672K [0x14a00000, 0x44a00000, 0x44a00000)
 Metaspace       used 22546K, capacity 22802K, committed 22912K, reserved 22912K
Event: 52.304 GC heap after
Heap after GC invocations=16 (full 10):
 par new generation   total 235968K, used 25182K [0x04a00000, 0x14a00000, 0x14a00000)
  eden space 209792K,   0% used [0x04a00000, 0x04a00000, 0x116e0000)
  from space 26176K,  96% used [0x116e0000, 0x12f77b50, 0x13070000)
  to   space 26176K,   0% used [0x13070000, 0x13070000, 0x14a00000)
 concurrent mark-sweep generation total 786432K, used 104672K [0x14a00000, 0x44a00000, 0x44a00000)
 Metaspace       used 22546K, capacity 22802K, committed 22912K, reserved 22912K
}
Event: 58.111 GC heap before
{Heap before GC invocations=16 (full 11):
 par new generation   total 235968K, used 234974K [0x04a00000, 0x14a00000, 0x14a00000)
  eden space 209792K, 100% used [0x04a00000, 0x116e0000, 0x116e0000)
  from space 26176K,  96% used [0x116e0000, 0x12f77b50, 0x13070000)
  to   space 26176K,   0% used [0x13070000, 0x13070000, 0x14a00000)
 concurrent mark-sweep generation total 786432K, used 104672K [0x14a00000, 0x44a00000, 0x44a00000)
 Metaspace       used 22575K, capacity 22834K, committed 22912K, reserved 22912K
Event: 58.123 GC heap after
Heap after GC invocations=17 (full 11):
 par new generation   total 235968K, used 22582K [0x04a00000, 0x14a00000, 0x14a00000)
  eden space 209792K,   0% used [0x04a00000, 0x04a00000, 0x116e0000)
  from space 26176K,  86% used [0x13070000, 0x1467d898, 0x14a00000)
  to   space 26176K,   0% used [0x116e0000, 0x116e0000, 0x13070000)
 concurrent mark-sweep generation total 786432K, used 114900K [0x14a00000, 0x44a00000, 0x44a00000)
 Metaspace       used 22575K, capacity 22834K, committed 22912K, reserved 22912K
}
Event: 66.572 GC heap before
{Heap before GC invocations=17 (full 11):
 par new generation   total 235968K, used 232374K [0x04a00000, 0x14a00000, 0x14a00000)
  eden space 209792K, 100% used [0x04a00000, 0x116e0000, 0x116e0000)
  from space 26176K,  86% used [0x13070000, 0x1467d898, 0x14a00000)
  to   space 26176K,   0% used [0x116e0000, 0x116e0000, 0x13070000)
 concurrent mark-sweep generation total 786432K, used 114900K [0x14a00000, 0x44a00000, 0x44a00000)
 Metaspace       used 22601K, capacity 22834K, committed 22912K, reserved 22912K
Event: 66.581 GC heap after
Heap after GC invocations=18 (full 11):
 par new generation   total 235968K, used 16728K [0x04a00000, 0x14a00000, 0x14a00000)
  eden space 209792K,   0% used [0x04a00000, 0x04a00000, 0x116e0000)
  from space 26176K,  63% used [0x116e0000, 0x127362a0, 0x13070000)
  to   space 26176K,   0% used [0x13070000, 0x13070000, 0x14a00000)
 concurrent mark-sweep generation total 786432K, used 123924K [0x14a00000, 0x44a00000, 0x44a00000)
 Metaspace       used 22601K, capacity 22834K, committed 22912K, reserved 22912K
}
Event: 76.761 GC heap before
{Heap before GC invocations=18 (full 11):
 par new generation   total 235968K, used 226520K [0x04a00000, 0x14a00000, 0x14a00000)
  eden space 209792K, 100% used [0x04a00000, 0x116e0000, 0x116e0000)
  from space 26176K,  63% used [0x116e0000, 0x127362a0, 0x13070000)
  to   space 26176K,   0% used [0x13070000, 0x13070000, 0x14a00000)
 concurrent mark-sweep generation total 786432K, used 122496K [0x14a00000, 0x44a00000, 0x44a00000)
 Metaspace       used 22604K, capacity 22834K, committed 22912K, reserved 22912K
Event: 76.765 GC heap after
Heap after GC invocations=19 (full 11):
 par new generation   total 235968K, used 13134K [0x04a00000, 0x14a00000, 0x14a00000)
  eden space 209792K,   0% used [0x04a00000, 0x04a00000, 0x116e0000)
  from space 26176K,  50% used [0x13070000, 0x13d439a8, 0x14a00000)
  to   space 26176K,   0% used [0x116e0000, 0x116e0000, 0x13070000)
 concurrent mark-sweep generation total 786432K, used 122496K [0x14a00000, 0x44a00000, 0x44a00000)
 Metaspace       used 22604K, capacity 22834K, committed 22912K, reserved 22912K
}
Event: 86.508 GC heap before
{Heap before GC invocations=19 (full 12):
 par new generation   total 235968K, used 222926K [0x04a00000, 0x14a00000, 0x14a00000)
  eden space 209792K, 100% used [0x04a00000, 0x116e0000, 0x116e0000)
  from space 26176K,  50% used [0x13070000, 0x13d439a8, 0x14a00000)
  to   space 26176K,   0% used [0x116e0000, 0x116e0000, 0x13070000)
 concurrent mark-sweep generation total 786432K, used 122496K [0x14a00000, 0x44a00000, 0x44a00000)
 Metaspace       used 22622K, capacity 22834K, committed 22912K, reserved 22912K
Event: 86.513 GC heap after
Heap after GC invocations=20 (full 12):
 par new generation   total 235968K, used 16550K [0x04a00000, 0x14a00000, 0x14a00000)
  eden space 209792K,   0% used [0x04a00000, 0x04a00000, 0x116e0000)
  from space 26176K,  63% used [0x116e0000, 0x12709bb8, 0x13070000)
  to   space 26176K,   0% used [0x13070000, 0x13070000, 0x14a00000)
 concurrent mark-sweep generation total 786432K, used 122496K [0x14a00000, 0x44a00000, 0x44a00000)
 Metaspace       used 22622K, capacity 22834K, committed 22912K, reserved 22912K
}

Deoptimization events (0 events):
No events

Internal exceptions (10 events):
Event: 93.533 Thread 0x6ee98400 Exception <a 'java/lang/InterruptedException': sleep interrupted> (0x0f3515e8) thrown at [C:\re\workspace\8-2-build-windows-i586-cygwin\jdk8u112\7884\hotspot\src\share\vm\prims\jvm.cpp, line 3228]
Event: 93.547 Thread 0x6ee98400 Exception <a 'java/lang/InterruptedException': sleep interrupted> (0x0f351868) thrown at [C:\re\workspace\8-2-build-windows-i586-cygwin\jdk8u112\7884\hotspot\src\share\vm\prims\jvm.cpp, line 3228]
Event: 93.560 Thread 0x6ee98400 Exception <a 'java/lang/InterruptedException': sleep interrupted> (0x0f351ae8) thrown at [C:\re\workspace\8-2-build-windows-i586-cygwin\jdk8u112\7884\hotspot\src\share\vm\prims\jvm.cpp, line 3228]
Event: 93.574 Thread 0x6ee98400 Exception <a 'java/lang/InterruptedException': sleep interrupted> (0x0f351d68) thrown at [C:\re\workspace\8-2-build-windows-i586-cygwin\jdk8u112\7884\hotspot\src\share\vm\prims\jvm.cpp, line 3228]
Event: 93.574 Thread 0x6ee98400 Exception <a 'java/lang/InterruptedException': sleep interrupted> (0x0f351fa8) thrown at [C:\re\workspace\8-2-build-windows-i586-cygwin\jdk8u112\7884\hotspot\src\share\vm\prims\jvm.cpp, line 3180]
Event: 93.575 Thread 0x6ee98400 Exception <a 'java/lang/InterruptedException': sleep interrupted> (0x0f3521e8) thrown at [C:\re\workspace\8-2-build-windows-i586-cygwin\jdk8u112\7884\hotspot\src\share\vm\prims\jvm.cpp, line 3228]
Event: 93.587 Thread 0x6ee98400 Exception <a 'java/lang/InterruptedException': sleep interrupted> (0x0f352468) thrown at [C:\re\workspace\8-2-build-windows-i586-cygwin\jdk8u112\7884\hotspot\src\share\vm\prims\jvm.cpp, line 3228]
Event: 93.600 Thread 0x6ee98400 Exception <a 'java/lang/InterruptedException': sleep interrupted> (0x0f3526e8) thrown at [C:\re\workspace\8-2-build-windows-i586-cygwin\jdk8u112\7884\hotspot\src\share\vm\prims\jvm.cpp, line 3228]
Event: 93.615 Thread 0x6ee98400 Exception <a 'java/lang/InterruptedException': sleep interrupted> (0x0f352968) thrown at [C:\re\workspace\8-2-build-windows-i586-cygwin\jdk8u112\7884\hotspot\src\share\vm\prims\jvm.cpp, line 3228]
Event: 93.616 Thread 0x6ee98400 Exception <a 'java/lang/InterruptedException': sleep interrupted> (0x0f352ba8) thrown at [C:\re\workspace\8-2-build-windows-i586-cygwin\jdk8u112\7884\hotspot\src\share\vm\prims\jvm.cpp, line 3228]

Events (10 events):
Event: 93.350 loading class org/apache/commons/io/output/NullOutputStream done
Event: 93.353 loading class org/apache/commons/io/FileExistsException
Event: 93.353 loading class org/apache/commons/io/FileExistsException done
Event: 93.399 loading class cpw/mods/fml/common/registry/GameData$GameDataSnapshot
Event: 93.399 loading class cpw/mods/fml/common/registry/GameData$GameDataSnapshot done
Event: 93.539 Thread 0x46712400 flushing nmethod 0x027d0b88
Event: 93.539 Thread 0x46712400 flushing nmethod 0x027d0e08
Event: 93.539 Thread 0x46712400 flushing nmethod 0x027d2988
Event: 93.539 Thread 0x46712400 flushing nmethod 0x027d30c8
Event: 93.539 Thread 0x46712400 flushing nmethod 0x027d3288


Dynamic libraries:
0x010c0000 - 0x010f3000 	C:\Program Files (x86)\Java\jre1.8.0_112\bin\javaw.exe
0x776e0000 - 0x77860000 	C:\Windows\SysWOW64\ntdll.dll
0x75ac0000 - 0x75bd0000 	C:\Windows\syswow64\kernel32.dll
0x76f20000 - 0x76f67000 	C:\Windows\syswow64\KERNELBASE.dll
0x770e0000 - 0x77181000 	C:\Windows\syswow64\ADVAPI32.dll
0x75bd0000 - 0x75c7c000 	C:\Windows\syswow64\msvcrt.dll
0x75100000 - 0x75119000 	C:\Windows\SysWOW64\sechost.dll
0x76f80000 - 0x77070000 	C:\Windows\syswow64\RPCRT4.dll
0x75060000 - 0x750c0000 	C:\Windows\syswow64\SspiCli.dll
0x75050000 - 0x7505c000 	C:\Windows\syswow64\CRYPTBASE.dll
0x76e20000 - 0x76f20000 	C:\Windows\syswow64\USER32.dll
0x75700000 - 0x75790000 	C:\Windows\syswow64\GDI32.dll
0x755f0000 - 0x755fa000 	C:\Windows\syswow64\LPK.dll
0x75550000 - 0x755ed000 	C:\Windows\syswow64\USP10.dll
0x72780000 - 0x7291e000 	C:\Windows\WinSxS\x86_microsoft.windows.common-controls_6595b64144ccf1df_6.0.7601.17514_none_41e6975e2bd6f2b2\COMCTL32.dll
0x77080000 - 0x770d7000 	C:\Windows\syswow64\SHLWAPI.dll
0x76d40000 - 0x76da0000 	C:\Windows\system32\IMM32.DLL
0x75290000 - 0x7535c000 	C:\Windows\syswow64\MSCTF.dll
0x5ce60000 - 0x5cf1f000 	C:\Program Files (x86)\Java\jre1.8.0_112\bin\msvcr100.dll
0x664c0000 - 0x6688e000 	C:\Program Files (x86)\Java\jre1.8.0_112\bin\client\jvm.dll
0x72f90000 - 0x72f97000 	C:\Windows\system32\WSOCK32.dll
0x75360000 - 0x75395000 	C:\Windows\syswow64\WS2_32.dll
0x76f70000 - 0x76f76000 	C:\Windows\syswow64\NSI.dll
0x74480000 - 0x744b2000 	C:\Windows\system32\WINMM.dll
0x74f80000 - 0x74f89000 	C:\Windows\system32\VERSION.dll
0x75120000 - 0x75125000 	C:\Windows\syswow64\PSAPI.DLL
0x6e170000 - 0x6e17c000 	C:\Program Files (x86)\Java\jre1.8.0_112\bin\verify.dll
0x6d0a0000 - 0x6d0c1000 	C:\Program Files (x86)\Java\jre1.8.0_112\bin\java.dll
0x6d870000 - 0x6d883000 	C:\Program Files (x86)\Java\jre1.8.0_112\bin\zip.dll
0x76090000 - 0x76cdb000 	C:\Windows\syswow64\SHELL32.dll
0x75130000 - 0x7528c000 	C:\Windows\syswow64\ole32.dll
0x750f0000 - 0x750fb000 	C:\Windows\syswow64\profapi.dll
0x6a5f0000 - 0x6a5fa000 	C:\Program Files (x86)\Java\jre1.8.0_112\bin\management.dll
0x6c7d0000 - 0x6c7e6000 	C:\Program Files (x86)\Java\jre1.8.0_112\bin\net.dll
0x72f00000 - 0x72f3c000 	C:\Windows\system32\mswsock.dll
0x71820000 - 0x71826000 	C:\Windows\System32\wship6.dll
0x6dfd0000 - 0x6dfdf000 	C:\Program Files (x86)\Java\jre1.8.0_112\bin\nio.dll
0x74ba0000 - 0x74bb0000 	C:\Windows\system32\NLAapi.dll
0x74bb0000 - 0x74bc0000 	C:\Windows\system32\napinsp.dll
0x74b80000 - 0x74b92000 	C:\Windows\system32\pnrpnsp.dll
0x74b30000 - 0x74b74000 	C:\Windows\system32\DNSAPI.dll
0x74b20000 - 0x74b28000 	C:\Windows\System32\winrnr.dll
0x74af0000 - 0x74b11000 	C:\Program Files (x86)\Bonjour\mdnsNSP.dll
0x72b20000 - 0x72b3c000 	C:\Windows\system32\Iphlpapi.DLL
0x72e90000 - 0x72e97000 	C:\Windows\system32\WINNSI.DLL
0x74ac0000 - 0x74ae7000 	C:\Program Files (x86)\Common Files\Microsoft Shared\Windows Live\WLIDNSP.DLL
0x72f40000 - 0x72f5e000 	C:\Program Files (x86)\Common Files\Netop\WebFilterLSP32.dll
0x75620000 - 0x756af000 	C:\Windows\syswow64\OLEAUT32.dll
0x747b0000 - 0x74819000 	C:\Windows\system32\MSVCP100.dll
0x750c0000 - 0x750ee000 	C:\Windows\syswow64\WINTRUST.dll
0x757a0000 - 0x758c0000 	C:\Windows\syswow64\CRYPT32.dll
0x753d0000 - 0x753dc000 	C:\Windows\syswow64\MSASN1.dll
0x72ee0000 - 0x72eeb000 	C:\Program Files (x86)\Common Files\Netop\WebFilterLogger32.dll
0x72ed0000 - 0x72ed5000 	C:\Windows\System32\wshtcpip.dll
0x74c00000 - 0x74c80000 	C:\Windows\system32\uxtheme.dll
0x77190000 - 0x77213000 	C:\Windows\syswow64\CLBCatQ.DLL
0x74a60000 - 0x74a66000 	C:\Windows\system32\rasadhlp.dll
0x74940000 - 0x74978000 	C:\Windows\System32\fwpuclnt.dll
0x72ea0000 - 0x72ecd000 	C:\Program Files (x86)\Netop\Vision\Plugins\WebLock\WebFilterMgr32.dll
0x72e60000 - 0x72e8f000 	C:\Windows\system32\XmlLite.dll
0x72e30000 - 0x72e56000 	C:\Windows\system32\ATL100.DLL
0x74ef0000 - 0x74f11000 	C:\Windows\system32\ntmarta.dll
0x756b0000 - 0x756f5000 	C:\Windows\syswow64\WLDAP32.dll
0x72970000 - 0x72986000 	C:\Windows\system32\CRYPTSP.dll
0x72930000 - 0x7296b000 	C:\Windows\system32\rsaenh.dll
0x72920000 - 0x7292e000 	C:\Windows\system32\RpcRtRemote.dll
0x72700000 - 0x72713000 	C:\Windows\system32\dwmapi.dll
0x47050000 - 0x4709d000 	C:\Users\1203038\.gradle\caches\minecraft\net\minecraft\minecraft_natives\1.7.10\lwjgl.dll
0x5cd90000 - 0x5ce58000 	C:\Windows\system32\OPENGL32.dll
0x5da90000 - 0x5dab2000 	C:\Windows\system32\GLU32.dll
0x5ad90000 - 0x5ae77000 	C:\Windows\system32\DDRAW.dll
0x6a800000 - 0x6a806000 	C:\Windows\system32\DCIMAN32.dll
0x75ec0000 - 0x7605d000 	C:\Windows\syswow64\SETUPAPI.dll
0x772b0000 - 0x772d7000 	C:\Windows\syswow64\CFGMGR32.dll
0x753e0000 - 0x753f2000 	C:\Windows\syswow64\DEVOBJ.dll
0x75600000 - 0x75617000 	C:\Windows\syswow64\USERENV.dll
0x74cb0000 - 0x74cbd000 	C:\Windows\system32\dhcpcsvc6.DLL
0x74c90000 - 0x74ca2000 	C:\Windows\system32\dhcpcsvc.DLL
0x5ac40000 - 0x5ad86000 	C:\Program Files (x86)\Java\jre1.8.0_112\bin\awt.dll
0x593d0000 - 0x5ac33000 	C:\Windows\system32\nvoglv32.DLL
0x72f80000 - 0x72f8d000 	C:\Windows\system32\WTSAPI32.dll
0x71aa0000 - 0x71b8b000 	C:\Windows\system32\dbghelp.dll
0x6b930000 - 0x6b9a9000 	C:\Windows\system32\mscms.dll
0x6c7f0000 - 0x6c828000 	C:\Windows\system32\icm32.dll
0x726b0000 - 0x726d9000 	C:\Windows\system32\WINSTA.dll
0x70a40000 - 0x70a7a000 	C:\Users\1203038\.gradle\caches\minecraft\net\minecraft\minecraft_natives\1.7.10\avutil-ttv-51.dll
0x65980000 - 0x6599d000 	C:\Users\1203038\.gradle\caches\minecraft\net\minecraft\minecraft_natives\1.7.10\swresample-ttv-0.dll
0x6eb80000 - 0x6ec09000 	C:\Users\1203038\.gradle\caches\minecraft\net\minecraft\minecraft_natives\1.7.10\libmp3lame-ttv.dll
0x58450000 - 0x593d0000 	C:\Users\1203038\.gradle\caches\minecraft\net\minecraft\minecraft_natives\1.7.10\libmfxsw32.dll
0x58340000 - 0x58443000 	C:\Users\1203038\.gradle\caches\minecraft\net\minecraft\minecraft_natives\1.7.10\twitchsdk.dll
0x758d0000 - 0x75ab4000 	C:\Windows\syswow64\WININET.dll
0x76070000 - 0x76074000 	C:\Windows\syswow64\api-ms-win-downlevel-user32-l1-1-0.dll
0x776b0000 - 0x776b4000 	C:\Windows\syswow64\api-ms-win-downlevel-shlwapi-l1-1-0.dll
0x758c0000 - 0x758c4000 	C:\Windows\syswow64\api-ms-win-downlevel-version-l1-1-0.dll
0x75790000 - 0x75793000 	C:\Windows\syswow64\api-ms-win-downlevel-normaliz-l1-1-0.dll
0x76060000 - 0x76063000 	C:\Windows\syswow64\normaliz.DLL
0x75c80000 - 0x75eb2000 	C:\Windows\syswow64\iertutil.dll
0x76080000 - 0x76085000 	C:\Windows\syswow64\api-ms-win-downlevel-advapi32-l1-1-0.dll
0x048f0000 - 0x04909000 	C:\Windows\system32\OpenAL32.dll
0x488b0000 - 0x488e9000 	C:\Windows\system32\MMDevAPI.DLL
0x71260000 - 0x71355000 	C:\Windows\system32\PROPSYS.dll
0x5da60000 - 0x5da90000 	C:\Windows\system32\wdmaud.drv
0x6e100000 - 0x6e104000 	C:\Windows\system32\ksuser.dll
0x6ff60000 - 0x6ff67000 	C:\Windows\system32\AVRT.dll
0x6fc10000 - 0x6fc46000 	C:\Windows\system32\AUDIOSES.DLL
0x6a290000 - 0x6a298000 	C:\Windows\system32\msacm32.drv
0x663e0000 - 0x663f4000 	C:\Windows\system32\MSACM32.dll
0x5da50000 - 0x5da57000 	C:\Windows\system32\midimap.dll
0x4a820000 - 0x4a892000 	C:\Windows\system32\dsound.dll
0x6df90000 - 0x6dfb5000 	C:\Windows\system32\POWRPROF.dll
0x659a0000 - 0x65df8000 	C:\Windows\system32\wrap_oal.dll
0x5d920000 - 0x5d985000 	C:\Users\1203038\.gradle\caches\minecraft\net\minecraft\minecraft_natives\1.7.10\OpenAL32.dll
0x049d0000 - 0x049f0000 	C:\Program Files (x86)\Java\jre1.8.0_112\bin\sunec.dll
0x717d0000 - 0x717d9000 	C:\Program Files (x86)\Java\jre1.8.0_112\bin\sunmscapi.dll

VM Arguments:
jvm_args: -Xincgc -Xmx1024M -Xms1024M -Dfile.encoding=Cp1252 
java_command: GradleStart
java_class_path (initial): G:\Eclipse_Workspace\Turd Mod\bin;C:\Users\1203038\.gradle\caches\minecraft\net\minecraftforge\forge\1.7.10-10.13.4.1614-1.7.10\forgeSrc-1.7.10-10.13.4.1614-1.7.10.jar;C:\Users\1203038\.gradle\caches\modules-2\files-2.1\net.minecraft\launchwrapper\1.12\111e7bea9c968cdb3d06ef4632bf7ff0824d0f36\launchwrapper-1.12.jar;C:\Users\1203038\.gradle\caches\modules-2\files-2.1\com.google.code.findbugs\jsr305\1.3.9\40719ea6961c0cb6afaeb6a921eaa1f6afd4cfdf\jsr305-1.3.9.jar;C:\Users\1203038\.gradle\caches\modules-2\files-2.1\org.ow2.asm\asm-debug-all\5.0.3\f9e364ae2a66ce2a543012a4668856e84e5dab74\asm-debug-all-5.0.3.jar;C:\Users\1203038\.gradle\caches\modules-2\files-2.1\com.typesafe.akka\akka-actor_2.11\2.3.3\ed62e9fc709ca0f2ff1a3220daa8b70a2870078e\akka-actor_2.11-2.3.3.jar;C:\Users\1203038\.gradle\caches\modules-2\files-2.1\com.typesafe\config\1.2.1\f771f71fdae3df231bcd54d5ca2d57f0bf93f467\config-1.2.1.jar;C:\Users\1203038\.gradle\caches\modules-2\files-2.1\org.scala-lang\scala-actors-migration_2.11\1.1.0\dfa8bc42b181d5b9f1a5dd147f8ae308b893eb6f\scala-actors-migration_2.11-1.1.0.jar;C:\Users\1203038\.gradle\caches\modules-2\files-2.1\org.scala-lang\scala-compiler\2.11.1\56ea2e6c025e0821f28d73ca271218b8dd04926a\scala-compiler-2.11.1.jar;C:\Users\1203038\.gradle\caches\modules-2\files-2.1\org.scala-lang.plugins\scala-continuations-library_2.11\1.0.2\e517c53a7e9acd6b1668c5a35eccbaa3bab9aac\scala-continuations-library_2.11-1.0.2.jar;C:\Users\1203038\.gradle\caches\modules-2\files-2.1\org.scala-lang.plugins\scala-continuations-plugin_2.11.1\1.0.2\f361a3283452c57fa30c1ee69448995de23c60f7\scala-continuations-plugin_2.11.1-1.0.2.jar;C:\Users\1203038\.gradle\caches\modules-2\files-2.1\org.scala-lang\scala-library\2.11.1\e11da23da3eabab9f4777b9220e60d44c1aab6a\scala-library-2.11.1.jar;C:\Users\1203038\.gradle\caches\modules-2\files-2.1\org.scala-lang\scala-parser-combinators_2.11\1.0.1\f05d7345bf5a58924f2837c6c1f4d73a938e1ff0\scala-parser-combinators_2.11-1.
Launcher Type: SUN_STANDARD

Environment Variables:
PATH=C:/Program Files (x86)/Java/jre1.8.0_112/bin/client;C:/Program Files (x86)/Java/jre1.8.0_112/bin;C:/Program Files (x86)/Java/jre1.8.0_112/lib/i386;C:\ProgramData\Oracle\Java\javapath;C:\Program Files\Common Files\Microsoft Shared\Windows Live;C:\Program Files (x86)\Common Files\Microsoft Shared\Windows Live;C:\Windows\system32;C:\Windows;C:\Windows\System32\Wbem;C:\Windows\System32\WindowsPowerShell\v1.0\;C:\Program Files (x86)\QuickTime\QTSystem\;C:\Program Files (x86)\Windows Live\Shared;C:\Program Files (x86)\Common Files\Netop\;C:\Program Files (x86)\Netop\Vision\XL\;C:\Windows\system32\config\systemprofile\.dnx\bin;C:\Program Files\Microsoft DNX\Dnvm\;C:\Program Files\Microsoft SQL Server\130\Tools\Binn\;C:\Program Files\Microsoft SQL Server\110\Tools\Binn\;C:\Program Files (x86)\Windows Kits\8.1\Windows Performance Toolkit\;C:\Program Files (x86)\nodejs\;C:\Program Files\Git\cmd;G:\Eclipse_Workspace\Turd Mod\src\main\java\com\turd\block;
USERNAME=1203038
OS=Windows_NT
PROCESSOR_IDENTIFIER=Intel64 Family 6 Model 60 Stepping 3, GenuineIntel



---------------  S Y S T E M  ---------------

OS: Windows 7 , 64 bit Build 7601 (6.1.7601.18409)

CPU:total 4 (4 cores per cpu, 1 threads per core) family 6 model 60 stepping 3, cmov, cx8, fxsr, mmx, sse, sse2, sse3, ssse3, sse4.1, sse4.2, popcnt, avx, avx2, aes, clmul, erms, lzcnt, tsc, tscinvbit, bmi1, bmi2

Memory: 4k page, physical 6213540k(3009492k free), swap 12425220k(8256476k free)

vm_info: Java HotSpot(TM) Client VM (25.112-b15) for windows-x86 JRE (1.8.0_112-b15), built on Sep 22 2016 21:03:20 by "java_re" with MS VC++ 10.0 (VS2010)

time: Thu Feb 02 12:32:22 2017
elapsed time: 93 seconds (0d 0h 1m 33s)

