#
# A fatal error has been detected by the Java Runtime Environment:
#
#  EXCEPTION_ACCESS_VIOLATION (0xc0000005) at pc=0x591c4d51, pid=2848, tid=0x0000127c
#
# JRE version: Java(TM) SE Runtime Environment (8.0_112-b15) (build 1.8.0_112-b15)
# Java VM: Java HotSpot(TM) Client VM (25.112-b15 mixed mode windows-x86 )
# Problematic frame:
# C  [nvoglv32.DLL+0xa84d51]
#
# Failed to write core dump. Minidumps are not enabled by default on client versions of Windows
#
# If you would like to submit a bug report, please visit:
#   http://bugreport.java.com/bugreport/crash.jsp
# The crash happened outside the Java Virtual Machine in native code.
# See problematic frame for where to report the bug.
#

---------------  T H R E A D  ---------------

Current thread (0x003f1400):  JavaThread "Client thread" [_thread_in_native, id=4732, stack(0x00680000,0x006d0000)]

siginfo: ExceptionCode=0xc0000005, reading address 0x00000008

Registers:
EAX=0x00000000, EBX=0x00000000, ECX=0x00000000, EDX=0x00000008
ESP=0x006ce054, EBP=0x006ce060, ESI=0x00000000, EDI=0x00000000
EIP=0x591c4d51, EFLAGS=0x00010246

Top of Stack: (sp=0x006ce054)
0x006ce054:   00000000 00000000 00000000 006ce080
0x006ce064:   591c8006 00000000 006ce510 4bb5f9b0
0x006ce074:   00000000 006ce0d0 4a5e071c 006ce0a8
0x006ce084:   591c673a 4a500020 00000000 006ce0d0
0x006ce094:   006ce510 00000000 4bb5f9b0 6b94af90
0x006ce0a4:   4a500020 006ce4e0 592b0123 4a500020
0x006ce0b4:   4bb5f9b0 6b94af90 006ce0d0 006ce510
0x006ce0c4:   006ce690 6b94af90 4bb5f9b0 00000000 

Instructions: (pc=0x591c4d51)
0x591c4d31:   cc cc cc cc cc cc cc cc cc cc cc cc cc cc cc 55
0x591c4d41:   8b ec 8b 45 08 8b 4d 08 53 56 8b 75 08 32 db 57
0x591c4d51:   0f b7 78 08 85 ff 7e 20 83 c0 24 8d 64 24 00 0f
0x591c4d61:   b7 50 fc 4a 74 22 83 ea 2c 75 07 b3 01 8b 08 8b 


Register to memory mapping:

EAX=0x00000000 is an unknown value
EBX=0x00000000 is an unknown value
ECX=0x00000000 is an unknown value
EDX=0x00000008 is an unknown value
ESP=0x006ce054 is pointing into the stack for thread: 0x003f1400
EBP=0x006ce060 is pointing into the stack for thread: 0x003f1400
ESI=0x00000000 is an unknown value
EDI=0x00000000 is an unknown value


Stack: [0x00680000,0x006d0000],  sp=0x006ce054,  free space=312k
Native frames: (J=compiled Java code, j=interpreted, Vv=VM code, C=native code)
C  [nvoglv32.DLL+0xa84d51]
C  [nvoglv32.DLL+0xa88006]
C  [nvoglv32.DLL+0xa8673a]
C  [nvoglv32.DLL+0xb70123]
C  [nvoglv32.DLL+0xb705f4]
C  [nvoglv32.DLL+0xaa31a9]
C  [nvoglv32.DLL+0xaa33e0]
C  [nvoglv32.DLL+0xaa380d]
C  [nvoglv32.DLL+0xb70bb6]
C  [nvoglv32.DLL+0xb691c0]
C  [nvoglv32.DLL+0xc29c5e]
C  [lwjgl.dll+0x9c03]
J 2170 C1 net.minecraft.client.renderer.Tessellator.draw()I (405 bytes) @ 0x02a9e89c [0x02a9e270+0x62c]
J 2942 C1 net.minecraft.client.renderer.entity.Render.renderAABB(Lnet/minecraft/util/AxisAlignedBB;)V (398 bytes) @ 0x02bedc00 [0x02bed870+0x390]
J 2941 C1 net.minecraft.client.renderer.WorldRenderer.setPosition(III)V (265 bytes) @ 0x02becb04 [0x02bec7c0+0x344]
J 2939 C1 net.minecraft.client.renderer.WorldRenderer.<init>(Lnet/minecraft/world/World;Ljava/util/List;IIII)V (75 bytes) @ 0x02bec248 [0x02bec0d0+0x178]
j  net.minecraft.client.renderer.RenderGlobal.loadRenderers()V+350
j  net.minecraft.client.settings.GameSettings.setOptionValue(Lnet/minecraft/client/settings/GameSettings$Options;I)V+306
j  net.minecraft.client.gui.GuiOptionsRowList$Row.mousePressed(IIIIII)Z+44
j  net.minecraft.client.gui.GuiListExtended.func_148179_a(III)Z+96
j  net.minecraft.client.gui.GuiVideoSettings.mouseClicked(III)V+23
j  net.minecraft.client.gui.GuiScreen.handleMouseInput()V+98
j  net.minecraft.client.gui.GuiScreen.handleInput()V+13
J 4009 C1 net.minecraft.client.Minecraft.runTick()V (2148 bytes) @ 0x02ea8160 [0x02ea7c30+0x530]
J 4301 C1 net.minecraft.client.Minecraft.runGameLoop()V (769 bytes) @ 0x02f29034 [0x02f28df0+0x244]
j  net.minecraft.client.Minecraft.run()V+61
j  net.minecraft.client.main.Main.main([Ljava/lang/String;)V+998
v  ~StubRoutines::call_stub
V  [jvm.dll+0x15a945]
V  [jvm.dll+0x220d0e]
V  [jvm.dll+0x15a9de]
V  [jvm.dll+0x167178]
V  [jvm.dll+0x1673e3]
V  [jvm.dll+0x103be3]
C  [java.dll+0x3b26]
j  sun.reflect.NativeMethodAccessorImpl.invoke(Ljava/lang/Object;[Ljava/lang/Object;)Ljava/lang/Object;+100
j  sun.reflect.DelegatingMethodAccessorImpl.invoke(Ljava/lang/Object;[Ljava/lang/Object;)Ljava/lang/Object;+6
j  java.lang.reflect.Method.invoke(Ljava/lang/Object;[Ljava/lang/Object;)Ljava/lang/Object;+56
j  net.minecraft.launchwrapper.Launch.launch([Ljava/lang/String;)V+661
j  net.minecraft.launchwrapper.Launch.main([Ljava/lang/String;)V+8
j  net.minecraftforge.gradle.GradleStartCommon.launch([Ljava/lang/String;)V+181
j  GradleStart.main([Ljava/lang/String;)V+11
v  ~StubRoutines::call_stub
V  [jvm.dll+0x15a945]
V  [jvm.dll+0x220d0e]
V  [jvm.dll+0x15a9de]
V  [jvm.dll+0xdc707]
V  [jvm.dll+0xe4c9f]
C  [javaw.exe+0x22ab]
C  [javaw.exe+0xaebf]
C  [javaw.exe+0xaf49]
C  [kernel32.dll+0x1338a]
C  [ntdll.dll+0x3bf32]
C  [ntdll.dll+0x3bf05]
C  0x00000000

Java frames: (J=compiled Java code, j=interpreted, Vv=VM code)
J 2185  org.lwjgl.opengl.GL11.nglDrawArrays(IIIJ)V (0 bytes) @ 0x02aa5fb6 [0x02aa5f60+0x56]
J 2170 C1 net.minecraft.client.renderer.Tessellator.draw()I (405 bytes) @ 0x02a9e89c [0x02a9e270+0x62c]
J 2942 C1 net.minecraft.client.renderer.entity.Render.renderAABB(Lnet/minecraft/util/AxisAlignedBB;)V (398 bytes) @ 0x02bedc00 [0x02bed870+0x390]
J 2941 C1 net.minecraft.client.renderer.WorldRenderer.setPosition(III)V (265 bytes) @ 0x02becb04 [0x02bec7c0+0x344]
J 2939 C1 net.minecraft.client.renderer.WorldRenderer.<init>(Lnet/minecraft/world/World;Ljava/util/List;IIII)V (75 bytes) @ 0x02bec248 [0x02bec0d0+0x178]
j  net.minecraft.client.renderer.RenderGlobal.loadRenderers()V+350
j  net.minecraft.client.settings.GameSettings.setOptionValue(Lnet/minecraft/client/settings/GameSettings$Options;I)V+306
j  net.minecraft.client.gui.GuiOptionsRowList$Row.mousePressed(IIIIII)Z+44
j  net.minecraft.client.gui.GuiListExtended.func_148179_a(III)Z+96
j  net.minecraft.client.gui.GuiVideoSettings.mouseClicked(III)V+23
j  net.minecraft.client.gui.GuiScreen.handleMouseInput()V+98
j  net.minecraft.client.gui.GuiScreen.handleInput()V+13
J 4009 C1 net.minecraft.client.Minecraft.runTick()V (2148 bytes) @ 0x02ea8160 [0x02ea7c30+0x530]
J 4301 C1 net.minecraft.client.Minecraft.runGameLoop()V (769 bytes) @ 0x02f29034 [0x02f28df0+0x244]
j  net.minecraft.client.Minecraft.run()V+61
j  net.minecraft.client.main.Main.main([Ljava/lang/String;)V+998
v  ~StubRoutines::call_stub
j  sun.reflect.NativeMethodAccessorImpl.invoke0(Ljava/lang/reflect/Method;Ljava/lang/Object;[Ljava/lang/Object;)Ljava/lang/Object;+0
j  sun.reflect.NativeMethodAccessorImpl.invoke(Ljava/lang/Object;[Ljava/lang/Object;)Ljava/lang/Object;+100
j  sun.reflect.DelegatingMethodAccessorImpl.invoke(Ljava/lang/Object;[Ljava/lang/Object;)Ljava/lang/Object;+6
j  java.lang.reflect.Method.invoke(Ljava/lang/Object;[Ljava/lang/Object;)Ljava/lang/Object;+56
j  net.minecraft.launchwrapper.Launch.launch([Ljava/lang/String;)V+661
j  net.minecraft.launchwrapper.Launch.main([Ljava/lang/String;)V+8
j  net.minecraftforge.gradle.GradleStartCommon.launch([Ljava/lang/String;)V+181
j  GradleStart.main([Ljava/lang/String;)V+11
v  ~StubRoutines::call_stub

---------------  P R O C E S S  ---------------

Java Threads: ( => current thread )
  0x67939000 JavaThread "File IO Thread" [_thread_blocked, id=5820, stack(0x6d6b0000,0x6d700000)]
  0x67938400 JavaThread "Netty IO #1" daemon [_thread_in_native, id=4552, stack(0x6c9b0000,0x6ca00000)]
  0x69e88c00 JavaThread "Netty Client IO #0" daemon [_thread_in_native, id=2448, stack(0x655c0000,0x65610000)]
  0x503d0800 JavaThread "Netty IO #0" daemon [_thread_in_native, id=5316, stack(0x63240000,0x63290000)]
  0x5ba7e400 JavaThread "Server thread" [_thread_blocked, id=264, stack(0x61af0000,0x61b40000)]
  0x64038400 JavaThread "Snooper Timer" daemon [_thread_blocked, id=3596, stack(0x61b70000,0x61bc0000)]
  0x51b14400 JavaThread "Thread-11" [_thread_blocked, id=3244, stack(0x61c70000,0x61cc0000)]
  0x54d92400 JavaThread "Thread-10" [_thread_blocked, id=4916, stack(0x4a020000,0x4a070000)]
  0x47918800 JavaThread "LWJGL Timer" daemon [_thread_blocked, id=4004, stack(0x4b8e0000,0x4b930000)]
  0x47de3400 JavaThread "Java2D Disposer" daemon [_thread_blocked, id=1628, stack(0x49710000,0x49760000)]
  0x478db000 JavaThread "Timer hack thread" daemon [_thread_blocked, id=6124, stack(0x49000000,0x49050000)]
  0x47eb8c00 JavaThread "Snooper Timer" daemon [_thread_blocked, id=2232, stack(0x490d0000,0x49120000)]
  0x4663cc00 JavaThread "Service Thread" daemon [_thread_blocked, id=3376, stack(0x47280000,0x472d0000)]
  0x46612400 JavaThread "C1 CompilerThread0" daemon [_thread_blocked, id=3456, stack(0x47230000,0x47280000)]
  0x4660f400 JavaThread "Attach Listener" daemon [_thread_blocked, id=1832, stack(0x470a0000,0x470f0000)]
  0x4660e400 JavaThread "Signal Dispatcher" daemon [_thread_blocked, id=4512, stack(0x47110000,0x47160000)]
  0x46617800 JavaThread "Surrogate Locker Thread (Concurrent GC)" daemon [_thread_blocked, id=2124, stack(0x46fd0000,0x47020000)]
  0x46601400 JavaThread "Finalizer" daemon [_thread_blocked, id=4036, stack(0x46dc0000,0x46e10000)]
  0x465fb400 JavaThread "Reference Handler" daemon [_thread_blocked, id=4408, stack(0x46d20000,0x46d70000)]
=>0x003f1400 JavaThread "Client thread" [_thread_in_native, id=4732, stack(0x00680000,0x006d0000)]

Other Threads:
  0x465d8800 VMThread [stack: 0x46c80000,0x46cd0000] [id=3300]
  0x4664b000 WatcherThread [stack: 0x47190000,0x471e0000] [id=5868]

VM state:not at safepoint (normal execution)

VM Mutex/Monitor currently owned by a thread: None

Heap:
 par new generation   total 235968K, used 111498K [0x04800000, 0x14800000, 0x14800000)
  eden space 209792K,  46% used [0x04800000, 0x0a724ee0, 0x114e0000)
  from space 26176K,  53% used [0x12e70000, 0x13c2dc20, 0x14800000)
  to   space 26176K,   0% used [0x114e0000, 0x114e0000, 0x12e70000)
 concurrent mark-sweep generation total 786432K, used 109825K [0x14800000, 0x44800000, 0x44800000)
 Metaspace       used 22820K, capacity 23065K, committed 23168K, reserved 23936K

Card table byte_map: [0x44800000,0x44a10000] byte_map_base: 0x447dc000

Marking Bits: (CMSBitMap*) 0x004634b8
 Bits: [0x44ba0000, 0x463a0000)

Mod Union Table: (CMSBitMap*) 0x00463518
 Bits: [0x002d0000, 0x00300000)

Polling page: 0x001c0000

CodeCache: size=32768Kb used=8202Kb max_used=9660Kb free=24565Kb
 bounds [0x02650000, 0x02fd0000, 0x04650000]
 total_blobs=3720 nmethods=3316 adapters=332
 compilation: enabled

Compilation events (10 events):
Event: 110.358 Thread 0x46612400 nmethod 5280 0x029c8288 code [0x029c83b0, 0x029c86d4]
Event: 110.364 Thread 0x46612400 5281             org.objectweb.asm.ClassReader::readFrame (500 bytes)
Event: 110.365 Thread 0x46612400 nmethod 5281 0x02962b88 code [0x02962cf0, 0x0296332c]
Event: 110.365 Thread 0x46612400 5282             org.objectweb.asm.MethodWriter::visitFrame (707 bytes)
Event: 110.366 Thread 0x46612400 nmethod 5282 0x02960a08 code [0x02960cf0, 0x02961928]
Event: 110.624 Thread 0x46612400 5283             java.nio.HeapByteBuffer::putLong (21 bytes)
Event: 110.624 Thread 0x46612400 nmethod 5283 0x027cfcc8 code [0x027cfde0, 0x027cfee4]
Event: 110.624 Thread 0x46612400 5284             java.nio.HeapByteBuffer::getLong (19 bytes)
Event: 110.624 Thread 0x46612400 nmethod 5284 0x02903708 code [0x02903820, 0x02903904]
Event: 111.024 Thread 0x46612400 5285             net.minecraft.client.renderer.RenderGlobal::loadRenderers (703 bytes)

GC Heap History (10 events):
Event: 63.652 GC heap before
{Heap before GC invocations=20 (full 11):
 par new generation   total 235968K, used 227377K [0x04800000, 0x14800000, 0x14800000)
  eden space 209792K,  99% used [0x04800000, 0x114d3570, 0x114e0000)
  from space 26176K,  67% used [0x114e0000, 0x12618ec8, 0x12e70000)
  to   space 26176K,   0% used [0x12e70000, 0x12e70000, 0x14800000)
 concurrent mark-sweep generation total 786432K, used 124351K [0x14800000, 0x44800000, 0x44800000)
 Metaspace       used 22720K, capacity 22967K, committed 23040K, reserved 23936K
Event: 63.658 GC heap after
Heap after GC invocations=21 (full 11):
 par new generation   total 235968K, used 18954K [0x04800000, 0x14800000, 0x14800000)
  eden space 209792K,   0% used [0x04800000, 0x04800000, 0x114e0000)
  from space 26176K,  72% used [0x12e70000, 0x140f2838, 0x14800000)
  to   space 26176K,   0% used [0x114e0000, 0x114e0000, 0x12e70000)
 concurrent mark-sweep generation total 786432K, used 127066K [0x14800000, 0x44800000, 0x44800000)
 Metaspace       used 22720K, capacity 22967K, committed 23040K, reserved 23936K
}
Event: 76.943 GC heap before
{Heap before GC invocations=21 (full 11):
 par new generation   total 235968K, used 228748K [0x04800000, 0x14800000, 0x14800000)
  eden space 209792K, 100% used [0x04800000, 0x114e0000, 0x114e0000)
  from space 26176K,  72% used [0x12e70000, 0x140f3308, 0x14800000)
  to   space 26176K,   0% used [0x114e0000, 0x114e0000, 0x12e70000)
 concurrent mark-sweep generation total 786432K, used 120242K [0x14800000, 0x44800000, 0x44800000)
 Metaspace       used 22773K, capacity 22999K, committed 23168K, reserved 23936K
Event: 76.950 GC heap after
Heap after GC invocations=22 (full 11):
 par new generation   total 235968K, used 20072K [0x04800000, 0x14800000, 0x14800000)
  eden space 209792K,   0% used [0x04800000, 0x04800000, 0x114e0000)
  from space 26176K,  76% used [0x114e0000, 0x1287a048, 0x12e70000)
  to   space 26176K,   0% used [0x12e70000, 0x12e70000, 0x14800000)
 concurrent mark-sweep generation total 786432K, used 120499K [0x14800000, 0x44800000, 0x44800000)
 Metaspace       used 22773K, capacity 22999K, committed 23168K, reserved 23936K
}
Event: 76.950 GC heap before
{Heap before GC invocations=22 (full 11):
 par new generation   total 235968K, used 21456K [0x04800000, 0x14800000, 0x14800000)
  eden space 209792K,   0% used [0x04800000, 0x0495a278, 0x114e0000)
  from space 26176K,  76% used [0x114e0000, 0x1287a048, 0x12e70000)
  to   space 26176K,   0% used [0x12e70000, 0x12e70000, 0x14800000)
 concurrent mark-sweep generation total 786432K, used 120499K [0x14800000, 0x44800000, 0x44800000)
 Metaspace       used 22773K, capacity 22999K, committed 23168K, reserved 23936K
Event: 76.957 GC heap after
Heap after GC invocations=23 (full 11):
 par new generation   total 235968K, used 17792K [0x04800000, 0x14800000, 0x14800000)
  eden space 209792K,   0% used [0x04800000, 0x04800000, 0x114e0000)
  from space 26176K,  67% used [0x12e70000, 0x13fd03e0, 0x14800000)
  to   space 26176K,   0% used [0x114e0000, 0x114e0000, 0x12e70000)
 concurrent mark-sweep generation total 786432K, used 124803K [0x14800000, 0x44800000, 0x44800000)
 Metaspace       used 22773K, capacity 22999K, committed 23168K, reserved 23936K
}
Event: 87.994 GC heap before
{Heap before GC invocations=23 (full 12):
 par new generation   total 235968K, used 227584K [0x04800000, 0x14800000, 0x14800000)
  eden space 209792K, 100% used [0x04800000, 0x114e0000, 0x114e0000)
  from space 26176K,  67% used [0x12e70000, 0x13fd03e0, 0x14800000)
  to   space 26176K,   0% used [0x114e0000, 0x114e0000, 0x12e70000)
 concurrent mark-sweep generation total 786432K, used 124803K [0x14800000, 0x44800000, 0x44800000)
 Metaspace       used 22776K, capacity 23001K, committed 23168K, reserved 23936K
Event: 88.000 GC heap after
Heap after GC invocations=24 (full 12):
 par new generation   total 235968K, used 15562K [0x04800000, 0x14800000, 0x14800000)
  eden space 209792K,   0% used [0x04800000, 0x04800000, 0x114e0000)
  from space 26176K,  59% used [0x114e0000, 0x12412980, 0x12e70000)
  to   space 26176K,   0% used [0x12e70000, 0x12e70000, 0x14800000)
 concurrent mark-sweep generation total 786432K, used 124803K [0x14800000, 0x44800000, 0x44800000)
 Metaspace       used 22776K, capacity 23001K, committed 23168K, reserved 23936K
}
Event: 100.145 GC heap before
{Heap before GC invocations=24 (full 12):
 par new generation   total 235968K, used 225354K [0x04800000, 0x14800000, 0x14800000)
  eden space 209792K, 100% used [0x04800000, 0x114e0000, 0x114e0000)
  from space 26176K,  59% used [0x114e0000, 0x12412980, 0x12e70000)
  to   space 26176K,   0% used [0x12e70000, 0x12e70000, 0x14800000)
 concurrent mark-sweep generation total 786432K, used 124803K [0x14800000, 0x44800000, 0x44800000)
 Metaspace       used 22776K, capacity 23001K, committed 23168K, reserved 23936K
Event: 100.150 GC heap after
Heap after GC invocations=25 (full 12):
 par new generation   total 235968K, used 14071K [0x04800000, 0x14800000, 0x14800000)
  eden space 209792K,   0% used [0x04800000, 0x04800000, 0x114e0000)
  from space 26176K,  53% used [0x12e70000, 0x13c2dc20, 0x14800000)
  to   space 26176K,   0% used [0x114e0000, 0x114e0000, 0x12e70000)
 concurrent mark-sweep generation total 786432K, used 124803K [0x14800000, 0x44800000, 0x44800000)
 Metaspace       used 22776K, capacity 23001K, committed 23168K, reserved 23936K
}

Deoptimization events (0 events):
No events

Internal exceptions (10 events):
Event: 110.890 Thread 0x54d92400 Exception <a 'java/lang/InterruptedException': sleep interrupted> (0x0a3b14c8) thrown at [C:\re\workspace\8-2-build-windows-i586-cygwin\jdk8u112\7884\hotspot\src\share\vm\prims\jvm.cpp, line 3228]
Event: 110.904 Thread 0x54d92400 Exception <a 'java/lang/InterruptedException': sleep interrupted> (0x0a3b1748) thrown at [C:\re\workspace\8-2-build-windows-i586-cygwin\jdk8u112\7884\hotspot\src\share\vm\prims\jvm.cpp, line 3228]
Event: 110.917 Thread 0x54d92400 Exception <a 'java/lang/InterruptedException': sleep interrupted> (0x0a3b19c8) thrown at [C:\re\workspace\8-2-build-windows-i586-cygwin\jdk8u112\7884\hotspot\src\share\vm\prims\jvm.cpp, line 3228]
Event: 110.930 Thread 0x54d92400 Exception <a 'java/lang/InterruptedException': sleep interrupted> (0x0a3b1c48) thrown at [C:\re\workspace\8-2-build-windows-i586-cygwin\jdk8u112\7884\hotspot\src\share\vm\prims\jvm.cpp, line 3228]
Event: 110.944 Thread 0x54d92400 Exception <a 'java/lang/InterruptedException': sleep interrupted> (0x0a3b1ec8) thrown at [C:\re\workspace\8-2-build-windows-i586-cygwin\jdk8u112\7884\hotspot\src\share\vm\prims\jvm.cpp, line 3228]
Event: 110.957 Thread 0x54d92400 Exception <a 'java/lang/InterruptedException': sleep interrupted> (0x0a3b2148) thrown at [C:\re\workspace\8-2-build-windows-i586-cygwin\jdk8u112\7884\hotspot\src\share\vm\prims\jvm.cpp, line 3228]
Event: 110.970 Thread 0x54d92400 Exception <a 'java/lang/InterruptedException': sleep interrupted> (0x0a3b23c8) thrown at [C:\re\workspace\8-2-build-windows-i586-cygwin\jdk8u112\7884\hotspot\src\share\vm\prims\jvm.cpp, line 3228]
Event: 110.984 Thread 0x54d92400 Exception <a 'java/lang/InterruptedException': sleep interrupted> (0x0a3b2648) thrown at [C:\re\workspace\8-2-build-windows-i586-cygwin\jdk8u112\7884\hotspot\src\share\vm\prims\jvm.cpp, line 3228]
Event: 110.997 Thread 0x54d92400 Exception <a 'java/lang/InterruptedException': sleep interrupted> (0x0a3b28c8) thrown at [C:\re\workspace\8-2-build-windows-i586-cygwin\jdk8u112\7884\hotspot\src\share\vm\prims\jvm.cpp, line 3228]
Event: 111.010 Thread 0x54d92400 Exception <a 'java/lang/InterruptedException': sleep interrupted> (0x0a3b2b48) thrown at [C:\re\workspace\8-2-build-windows-i586-cygwin\jdk8u112\7884\hotspot\src\share\vm\prims\jvm.cpp, line 3228]

Events (10 events):
Event: 110.335 loading class net/minecraft/client/gui/GuiListExtended
Event: 110.335 loading class net/minecraft/client/gui/GuiListExtended done
Event: 110.342 loading class net/minecraft/client/gui/GuiOptionsRowList
Event: 110.342 loading class net/minecraft/client/gui/GuiOptionsRowList done
Event: 110.348 loading class net/minecraft/client/gui/GuiListExtended$IGuiListEntry
Event: 110.348 loading class net/minecraft/client/gui/GuiListExtended$IGuiListEntry done
Event: 110.353 loading class net/minecraft/client/gui/GuiOptionsRowList$Row
Event: 110.353 loading class net/minecraft/client/gui/GuiOptionsRowList$Row done
Event: 110.359 loading class net/minecraft/client/settings/GameSettings$SwitchOptions
Event: 110.359 loading class net/minecraft/client/settings/GameSettings$SwitchOptions done


Dynamic libraries:
0x00210000 - 0x00243000 	C:\Program Files (x86)\Java\jre1.8.0_112\bin\javaw.exe
0x77270000 - 0x773f0000 	C:\Windows\SysWOW64\ntdll.dll
0x75520000 - 0x75630000 	C:\Windows\syswow64\kernel32.dll
0x769b0000 - 0x769f7000 	C:\Windows\syswow64\KERNELBASE.dll
0x75630000 - 0x756d1000 	C:\Windows\syswow64\ADVAPI32.dll
0x76a30000 - 0x76adc000 	C:\Windows\syswow64\msvcrt.dll
0x74e10000 - 0x74e29000 	C:\Windows\SysWOW64\sechost.dll
0x76c00000 - 0x76cf0000 	C:\Windows\syswow64\RPCRT4.dll
0x74bf0000 - 0x74c50000 	C:\Windows\syswow64\SspiCli.dll
0x74be0000 - 0x74bec000 	C:\Windows\syswow64\CRYPTBASE.dll
0x76ae0000 - 0x76be0000 	C:\Windows\syswow64\USER32.dll
0x74e80000 - 0x74f10000 	C:\Windows\syswow64\GDI32.dll
0x74e30000 - 0x74e3a000 	C:\Windows\syswow64\LPK.dll
0x76d40000 - 0x76ddd000 	C:\Windows\syswow64\USP10.dll
0x72310000 - 0x724ae000 	C:\Windows\WinSxS\x86_microsoft.windows.common-controls_6595b64144ccf1df_6.0.7601.17514_none_41e6975e2bd6f2b2\COMCTL32.dll
0x75b80000 - 0x75bd7000 	C:\Windows\syswow64\SHLWAPI.dll
0x74f10000 - 0x74f70000 	C:\Windows\system32\IMM32.DLL
0x74c50000 - 0x74d1c000 	C:\Windows\syswow64\MSCTF.dll
0x61cd0000 - 0x61d8f000 	C:\Program Files (x86)\Java\jre1.8.0_112\bin\msvcr100.dll
0x5d430000 - 0x5d7fe000 	C:\Program Files (x86)\Java\jre1.8.0_112\bin\client\jvm.dll
0x72b20000 - 0x72b27000 	C:\Windows\system32\WSOCK32.dll
0x756e0000 - 0x75715000 	C:\Windows\syswow64\WS2_32.dll
0x74d20000 - 0x74d26000 	C:\Windows\syswow64\NSI.dll
0x74410000 - 0x74442000 	C:\Windows\system32\WINMM.dll
0x74b10000 - 0x74b19000 	C:\Windows\system32\VERSION.dll
0x76d00000 - 0x76d05000 	C:\Windows\syswow64\PSAPI.DLL
0x6dcd0000 - 0x6dcdc000 	C:\Program Files (x86)\Java\jre1.8.0_112\bin\verify.dll
0x6cb20000 - 0x6cb41000 	C:\Program Files (x86)\Java\jre1.8.0_112\bin\java.dll
0x6d7a0000 - 0x6d7b3000 	C:\Program Files (x86)\Java\jre1.8.0_112\bin\zip.dll
0x75d50000 - 0x7699b000 	C:\Windows\syswow64\SHELL32.dll
0x75bf0000 - 0x75d4c000 	C:\Windows\syswow64\ole32.dll
0x75be0000 - 0x75beb000 	C:\Windows\syswow64\profapi.dll
0x72200000 - 0x7220a000 	C:\Program Files (x86)\Java\jre1.8.0_112\bin\management.dll
0x6d700000 - 0x6d716000 	C:\Program Files (x86)\Java\jre1.8.0_112\bin\net.dll
0x72a90000 - 0x72acc000 	C:\Windows\system32\mswsock.dll
0x6e980000 - 0x6e986000 	C:\Windows\System32\wship6.dll
0x6dcc0000 - 0x6dccf000 	C:\Program Files (x86)\Java\jre1.8.0_112\bin\nio.dll
0x72190000 - 0x721a0000 	C:\Windows\system32\NLAapi.dll
0x72180000 - 0x72190000 	C:\Windows\system32\napinsp.dll
0x72160000 - 0x72172000 	C:\Windows\system32\pnrpnsp.dll
0x72050000 - 0x72094000 	C:\Windows\system32\DNSAPI.dll
0x72150000 - 0x72158000 	C:\Windows\System32\winrnr.dll
0x72020000 - 0x72041000 	C:\Program Files (x86)\Bonjour\mdnsNSP.dll
0x726d0000 - 0x726ec000 	C:\Windows\system32\Iphlpapi.DLL
0x726c0000 - 0x726c7000 	C:\Windows\system32\WINNSI.DLL
0x71ff0000 - 0x72017000 	C:\Program Files (x86)\Common Files\Microsoft Shared\Windows Live\WLIDNSP.DLL
0x72ad0000 - 0x72aee000 	C:\Program Files (x86)\Common Files\Netop\WebFilterLSP32.dll
0x74f70000 - 0x74fff000 	C:\Windows\syswow64\OLEAUT32.dll
0x74740000 - 0x747a9000 	C:\Windows\system32\MSVCP100.dll
0x75200000 - 0x7522e000 	C:\Windows\syswow64\WINTRUST.dll
0x75380000 - 0x754a0000 	C:\Windows\syswow64\CRYPT32.dll
0x75980000 - 0x7598c000 	C:\Windows\syswow64\MSASN1.dll
0x72a80000 - 0x72a8b000 	C:\Program Files (x86)\Common Files\Netop\WebFilterLogger32.dll
0x72a70000 - 0x72a75000 	C:\Windows\System32\wshtcpip.dll
0x720c0000 - 0x72140000 	C:\Windows\system32\uxtheme.dll
0x72140000 - 0x72146000 	C:\Windows\system32\rasadhlp.dll
0x76de0000 - 0x76e63000 	C:\Windows\syswow64\CLBCatQ.DLL
0x71cd0000 - 0x71d08000 	C:\Windows\System32\fwpuclnt.dll
0x72a40000 - 0x72a6d000 	C:\Program Files (x86)\Netop\Vision\Plugins\WebLock\WebFilterMgr32.dll
0x72a10000 - 0x72a3f000 	C:\Windows\system32\XmlLite.dll
0x729e0000 - 0x72a06000 	C:\Windows\system32\ATL100.DLL
0x74a80000 - 0x74aa1000 	C:\Windows\system32\ntmarta.dll
0x74d30000 - 0x74d75000 	C:\Windows\syswow64\WLDAP32.dll
0x72510000 - 0x72526000 	C:\Windows\system32\CRYPTSP.dll
0x724d0000 - 0x7250b000 	C:\Windows\system32\rsaenh.dll
0x724c0000 - 0x724ce000 	C:\Windows\system32\RpcRtRemote.dll
0x71fb0000 - 0x71fc3000 	C:\Windows\system32\dwmapi.dll
0x48620000 - 0x4866d000 	C:\Users\1203038\.gradle\caches\minecraft\net\minecraft\minecraft_natives\1.7.10\lwjgl.dll
0x5eab0000 - 0x5eb78000 	C:\Windows\system32\OPENGL32.dll
0x632c0000 - 0x632e2000 	C:\Windows\system32\GLU32.dll
0x5e9c0000 - 0x5eaa7000 	C:\Windows\system32\DDRAW.dll
0x721f0000 - 0x721f6000 	C:\Windows\system32\DCIMAN32.dll
0x75060000 - 0x751fd000 	C:\Windows\syswow64\SETUPAPI.dll
0x76a00000 - 0x76a27000 	C:\Windows\syswow64\CFGMGR32.dll
0x75960000 - 0x75972000 	C:\Windows\syswow64\DEVOBJ.dll
0x76be0000 - 0x76bf7000 	C:\Windows\syswow64\USERENV.dll
0x72230000 - 0x7223d000 	C:\Windows\system32\dhcpcsvc6.DLL
0x72210000 - 0x72222000 	C:\Windows\system32\dhcpcsvc.DLL
0x5e870000 - 0x5e9b6000 	C:\Program Files (x86)\Java\jre1.8.0_112\bin\awt.dll
0x58740000 - 0x59fa3000 	C:\Windows\system32\nvoglv32.DLL
0x72b10000 - 0x72b1d000 	C:\Windows\system32\WTSAPI32.dll
0x711c0000 - 0x712ab000 	C:\Windows\system32\dbghelp.dll
0x6e480000 - 0x6e4f9000 	C:\Windows\system32\mscms.dll
0x6e440000 - 0x6e478000 	C:\Windows\system32\icm32.dll
0x72240000 - 0x72269000 	C:\Windows\system32\WINSTA.dll
0x70a40000 - 0x70a7a000 	C:\Users\1203038\.gradle\caches\minecraft\net\minecraft\minecraft_natives\1.7.10\avutil-ttv-51.dll
0x65980000 - 0x6599d000 	C:\Users\1203038\.gradle\caches\minecraft\net\minecraft\minecraft_natives\1.7.10\swresample-ttv-0.dll
0x6eb80000 - 0x6ec09000 	C:\Users\1203038\.gradle\caches\minecraft\net\minecraft\minecraft_natives\1.7.10\libmp3lame-ttv.dll
0x577c0000 - 0x58740000 	C:\Users\1203038\.gradle\caches\minecraft\net\minecraft\minecraft_natives\1.7.10\libmfxsw32.dll
0x5cfd0000 - 0x5d0d3000 	C:\Users\1203038\.gradle\caches\minecraft\net\minecraft\minecraft_natives\1.7.10\twitchsdk.dll
0x75990000 - 0x75b74000 	C:\Windows\syswow64\WININET.dll
0x77240000 - 0x77244000 	C:\Windows\syswow64\api-ms-win-downlevel-user32-l1-1-0.dll
0x74e60000 - 0x74e64000 	C:\Windows\syswow64\api-ms-win-downlevel-shlwapi-l1-1-0.dll
0x74e70000 - 0x74e74000 	C:\Windows\syswow64\api-ms-win-downlevel-version-l1-1-0.dll
0x769a0000 - 0x769a3000 	C:\Windows\syswow64\api-ms-win-downlevel-normaliz-l1-1-0.dll
0x74e40000 - 0x74e43000 	C:\Windows\syswow64\normaliz.DLL
0x75720000 - 0x75952000 	C:\Windows\syswow64\iertutil.dll
0x74e50000 - 0x74e55000 	C:\Windows\syswow64\api-ms-win-downlevel-advapi32-l1-1-0.dll
0x46bd0000 - 0x46be9000 	C:\Windows\system32\OpenAL32.dll
0x6dd90000 - 0x6ddc9000 	C:\Windows\system32\MMDevAPI.DLL
0x71830000 - 0x71925000 	C:\Windows\system32\PROPSYS.dll
0x63290000 - 0x632c0000 	C:\Windows\system32\wdmaud.drv
0x71390000 - 0x71394000 	C:\Windows\system32\ksuser.dll
0x713a0000 - 0x713a7000 	C:\Windows\system32\AVRT.dll
0x6ddd0000 - 0x6de06000 	C:\Windows\system32\AUDIOSES.DLL
0x721e0000 - 0x721e8000 	C:\Windows\system32\msacm32.drv
0x47160000 - 0x47174000 	C:\Windows\system32\MSACM32.dll
0x721d0000 - 0x721d7000 	C:\Windows\system32\midimap.dll
0x4a170000 - 0x4a1e2000 	C:\Windows\system32\dsound.dll
0x712e0000 - 0x71305000 	C:\Windows\system32\POWRPROF.dll
0x62d60000 - 0x631b8000 	C:\Windows\system32\wrap_oal.dll
0x4f640000 - 0x4f6a5000 	C:\Users\1203038\.gradle\caches\minecraft\net\minecraft\minecraft_natives\1.7.10\OpenAL32.dll
0x46ed0000 - 0x46ef0000 	C:\Program Files (x86)\Java\jre1.8.0_112\bin\sunec.dll
0x46cd0000 - 0x46cd9000 	C:\Program Files (x86)\Java\jre1.8.0_112\bin\sunmscapi.dll

VM Arguments:
jvm_args: -Xincgc -Xmx1024M -Xms1024M -Dfile.encoding=Cp1252 
java_command: GradleStart
java_class_path (initial): G:\Eclipse_Workspace\Turd Mod\bin;C:\Users\1203038\.gradle\caches\minecraft\net\minecraftforge\forge\1.7.10-10.13.4.1614-1.7.10\forgeSrc-1.7.10-10.13.4.1614-1.7.10.jar;C:\Users\1203038\.gradle\caches\modules-2\files-2.1\net.minecraft\launchwrapper\1.12\111e7bea9c968cdb3d06ef4632bf7ff0824d0f36\launchwrapper-1.12.jar;C:\Users\1203038\.gradle\caches\modules-2\files-2.1\com.google.code.findbugs\jsr305\1.3.9\40719ea6961c0cb6afaeb6a921eaa1f6afd4cfdf\jsr305-1.3.9.jar;C:\Users\1203038\.gradle\caches\modules-2\files-2.1\org.ow2.asm\asm-debug-all\5.0.3\f9e364ae2a66ce2a543012a4668856e84e5dab74\asm-debug-all-5.0.3.jar;C:\Users\1203038\.gradle\caches\modules-2\files-2.1\com.typesafe.akka\akka-actor_2.11\2.3.3\ed62e9fc709ca0f2ff1a3220daa8b70a2870078e\akka-actor_2.11-2.3.3.jar;C:\Users\1203038\.gradle\caches\modules-2\files-2.1\com.typesafe\config\1.2.1\f771f71fdae3df231bcd54d5ca2d57f0bf93f467\config-1.2.1.jar;C:\Users\1203038\.gradle\caches\modules-2\files-2.1\org.scala-lang\scala-actors-migration_2.11\1.1.0\dfa8bc42b181d5b9f1a5dd147f8ae308b893eb6f\scala-actors-migration_2.11-1.1.0.jar;C:\Users\1203038\.gradle\caches\modules-2\files-2.1\org.scala-lang\scala-compiler\2.11.1\56ea2e6c025e0821f28d73ca271218b8dd04926a\scala-compiler-2.11.1.jar;C:\Users\1203038\.gradle\caches\modules-2\files-2.1\org.scala-lang.plugins\scala-continuations-library_2.11\1.0.2\e517c53a7e9acd6b1668c5a35eccbaa3bab9aac\scala-continuations-library_2.11-1.0.2.jar;C:\Users\1203038\.gradle\caches\modules-2\files-2.1\org.scala-lang.plugins\scala-continuations-plugin_2.11.1\1.0.2\f361a3283452c57fa30c1ee69448995de23c60f7\scala-continuations-plugin_2.11.1-1.0.2.jar;C:\Users\1203038\.gradle\caches\modules-2\files-2.1\org.scala-lang\scala-library\2.11.1\e11da23da3eabab9f4777b9220e60d44c1aab6a\scala-library-2.11.1.jar;C:\Users\1203038\.gradle\caches\modules-2\files-2.1\org.scala-lang\scala-parser-combinators_2.11\1.0.1\f05d7345bf5a58924f2837c6c1f4d73a938e1ff0\scala-parser-combinators_2.11-1.
Launcher Type: SUN_STANDARD

Environment Variables:
PATH=C:/Program Files (x86)/Java/jre1.8.0_112/bin/client;C:/Program Files (x86)/Java/jre1.8.0_112/bin;C:/Program Files (x86)/Java/jre1.8.0_112/lib/i386;C:\ProgramData\Oracle\Java\javapath;C:\Program Files\Common Files\Microsoft Shared\Windows Live;C:\Program Files (x86)\Common Files\Microsoft Shared\Windows Live;C:\Windows\system32;C:\Windows;C:\Windows\System32\Wbem;C:\Windows\System32\WindowsPowerShell\v1.0\;C:\Program Files (x86)\QuickTime\QTSystem\;C:\Program Files (x86)\Windows Live\Shared;C:\Program Files (x86)\Common Files\Netop\;C:\Program Files (x86)\Netop\Vision\XL\;C:\Windows\system32\config\systemprofile\.dnx\bin;C:\Program Files\Microsoft DNX\Dnvm\;C:\Program Files\Microsoft SQL Server\130\Tools\Binn\;C:\Program Files\Microsoft SQL Server\110\Tools\Binn\;C:\Program Files (x86)\Windows Kits\8.1\Windows Performance Toolkit\;C:\Program Files (x86)\nodejs\;C:\Program Files\Git\cmd;G:\Eclipse_Workspace\Turd Mod\src\main\java\com\turd\block;
USERNAME=1203038
OS=Windows_NT
PROCESSOR_IDENTIFIER=Intel64 Family 6 Model 60 Stepping 3, GenuineIntel



---------------  S Y S T E M  ---------------

OS:Call to GetFileVersionInfoSize failed

CPU:total 4 (4 cores per cpu, 1 threads per core) family 6 model 60 stepping 3, cmov, cx8, fxsr, mmx, sse, sse2, sse3, ssse3, sse4.1, sse4.2, popcnt, avx, avx2, aes, clmul, erms, lzcnt, tsc, tscinvbit, bmi1, bmi2

Memory: 4k page, physical 6213540k(2751444k free), swap 12425220k(7907872k free)

vm_info: Java HotSpot(TM) Client VM (25.112-b15) for windows-x86 JRE (1.8.0_112-b15), built on Sep 22 2016 21:03:20 by "java_re" with MS VC++ 10.0 (VS2010)

time: Tue Jan 31 14:01:30 2017
elapsed time: 111 seconds (0d 0h 1m 51s)

