#
# A fatal error has been detected by the Java Runtime Environment:
#
#  EXCEPTION_ACCESS_VIOLATION (0xc0000005) at pc=0x56a14d51, pid=4264, tid=0x00000624
#
# JRE version: Java(TM) SE Runtime Environment (8.0_112-b15) (build 1.8.0_112-b15)
# Java VM: Java HotSpot(TM) Client VM (25.112-b15 mixed mode windows-x86 )
# Problematic frame:
# C  [nvoglv32.DLL+0xa84d51]
#
# Failed to write core dump. Minidumps are not enabled by default on client versions of Windows
#
# If you would like to submit a bug report, please visit:
#   http://bugreport.java.com/bugreport/crash.jsp
# The crash happened outside the Java Virtual Machine in native code.
# See problematic frame for where to report the bug.
#

---------------  T H R E A D  ---------------

Current thread (0x01ca1400):  JavaThread "Client thread" [_thread_in_native, id=1572, stack(0x02290000,0x022e0000)]

siginfo: ExceptionCode=0xc0000005, reading address 0x00000008

Registers:
EAX=0x00000000, EBX=0x00000000, ECX=0x00000000, EDX=0x00000008
ESP=0x022dd6f4, EBP=0x022dd700, ESI=0x00000000, EDI=0x00000000
EIP=0x56a14d51, EFLAGS=0x00010246

Top of Stack: (sp=0x022dd6f4)
0x022dd6f4:   00000000 00000000 00000000 022dd720
0x022dd704:   56a18006 00000000 022ddd2c 022ddbb4
0x022dd714:   00000000 022dd838 022ddbb4 022dd748
0x022dd724:   56a1548f 4ac10020 00000000 022dd838
0x022dd734:   022ddd2c 00000001 4ac10020 6cd8f960
0x022dd744:   022ddbb4 022ddb78 56abfe51 4ac10020
0x022dd754:   022ddbb4 6cd8f960 022dd838 022ddd2c
0x022dd764:   49820000 022deb10 022ddd8c 00000000 

Instructions: (pc=0x56a14d51)
0x56a14d31:   cc cc cc cc cc cc cc cc cc cc cc cc cc cc cc 55
0x56a14d41:   8b ec 8b 45 08 8b 4d 08 53 56 8b 75 08 32 db 57
0x56a14d51:   0f b7 78 08 85 ff 7e 20 83 c0 24 8d 64 24 00 0f
0x56a14d61:   b7 50 fc 4a 74 22 83 ea 2c 75 07 b3 01 8b 08 8b 


Register to memory mapping:

EAX=0x00000000 is an unknown value
EBX=0x00000000 is an unknown value
ECX=0x00000000 is an unknown value
EDX=0x00000008 is an unknown value
ESP=0x022dd6f4 is pointing into the stack for thread: 0x01ca1400
EBP=0x022dd700 is pointing into the stack for thread: 0x01ca1400
ESI=0x00000000 is an unknown value
EDI=0x00000000 is an unknown value


Stack: [0x02290000,0x022e0000],  sp=0x022dd6f4,  free space=309k
Native frames: (J=compiled Java code, j=interpreted, Vv=VM code, C=native code)
C  [nvoglv32.DLL+0xa84d51]
C  [nvoglv32.DLL+0xa88006]
C  [nvoglv32.DLL+0xa8548f]
C  [nvoglv32.DLL+0xb2fe51]
C  [nvoglv32.DLL+0xb53134]
C  [nvoglv32.DLL+0xaa31a9]
C  [nvoglv32.DLL+0xaa33e0]
C  [nvoglv32.DLL+0xaa380d]
C  [nvoglv32.DLL+0xb53e31]
C  [nvoglv32.DLL+0xb4cf88]
C  [nvoglv32.DLL+0xbb5a5]
C  [nvoglv32.DLL+0x8c67b4]
C  [nvoglv32.DLL+0x8c6296]
C  [nvoglv32.DLL+0x146668]
C  [lwjgl.dll+0x88ac]
J 11909 C1 net.minecraft.client.gui.GuiMainMenu.rotateAndBlurSkybox(F)V (244 bytes) @ 0x02c65bac [0x02c65960+0x24c]
C  0x00000000

Java frames: (J=compiled Java code, j=interpreted, Vv=VM code)
j  org.lwjgl.opengl.GL11.nglCopyTexSubImage2D(IIIIIIIIJ)V+0
J 11909 C1 net.minecraft.client.gui.GuiMainMenu.rotateAndBlurSkybox(F)V (244 bytes) @ 0x02c65bac [0x02c65960+0x24c]
j  net.minecraft.client.gui.GuiMainMenu.renderSkybox(IIF)V+30
j  net.minecraft.client.gui.GuiMainMenu.drawScreen(IIF)V+10
J 4370 C1 net.minecraft.client.renderer.EntityRenderer.updateCameraAndRender(F)V (874 bytes) @ 0x02ee74f8 [0x02ee6140+0x13b8]
J 4332 C1 net.minecraft.client.Minecraft.runGameLoop()V (769 bytes) @ 0x02e977e0 [0x02e96fb0+0x830]
J 7765% C1 net.minecraft.client.Minecraft.run()V (211 bytes) @ 0x029e2910 [0x029e28a0+0x70]
j  net.minecraft.client.main.Main.main([Ljava/lang/String;)V+998
v  ~StubRoutines::call_stub
j  sun.reflect.NativeMethodAccessorImpl.invoke0(Ljava/lang/reflect/Method;Ljava/lang/Object;[Ljava/lang/Object;)Ljava/lang/Object;+0
j  sun.reflect.NativeMethodAccessorImpl.invoke(Ljava/lang/Object;[Ljava/lang/Object;)Ljava/lang/Object;+100
j  sun.reflect.DelegatingMethodAccessorImpl.invoke(Ljava/lang/Object;[Ljava/lang/Object;)Ljava/lang/Object;+6
j  java.lang.reflect.Method.invoke(Ljava/lang/Object;[Ljava/lang/Object;)Ljava/lang/Object;+56
j  net.minecraft.launchwrapper.Launch.launch([Ljava/lang/String;)V+661
j  net.minecraft.launchwrapper.Launch.main([Ljava/lang/String;)V+8
j  net.minecraftforge.gradle.GradleStartCommon.launch([Ljava/lang/String;)V+181
j  GradleStart.main([Ljava/lang/String;)V+11
v  ~StubRoutines::call_stub

---------------  P R O C E S S  ---------------

Java Threads: ( => current thread )
  0x60cc9c00 JavaThread "File IO Thread" [_thread_blocked, id=3868, stack(0x6e580000,0x6e5d0000)]
  0x60cc9000 JavaThread "Chunk I/O Executor Thread-1" daemon [_thread_blocked, id=2592, stack(0x66420000,0x66470000)]
  0x60cc8800 JavaThread "Netty IO #1" daemon [_thread_in_native, id=5296, stack(0x59190000,0x591e0000)]
  0x60cc8400 JavaThread "Netty Client IO #0" daemon [_thread_in_native, id=1972, stack(0x661e0000,0x66230000)]
  0x5e180800 JavaThread "Netty IO #0" daemon [_thread_in_native, id=4700, stack(0x65370000,0x653c0000)]
  0x6b1ea400 JavaThread "Thread-11" [_thread_blocked, id=5328, stack(0x58d60000,0x58db0000)]
  0x52351800 JavaThread "Thread-10" [_thread_blocked, id=1676, stack(0x4a930000,0x4a980000)]
  0x47e68400 JavaThread "LWJGL Timer" daemon [_thread_blocked, id=3188, stack(0x4a0c0000,0x4a110000)]
  0x47c9dc00 JavaThread "Java2D Disposer" daemon [_thread_blocked, id=5888, stack(0x49740000,0x49790000)]
  0x47946800 JavaThread "Timer hack thread" daemon [_thread_blocked, id=5432, stack(0x492e0000,0x49330000)]
  0x47ae2400 JavaThread "Snooper Timer" daemon [_thread_blocked, id=3460, stack(0x49260000,0x492b0000)]
  0x46769400 JavaThread "Service Thread" daemon [_thread_blocked, id=5664, stack(0x47150000,0x471a0000)]
  0x46765000 JavaThread "C1 CompilerThread0" daemon [_thread_blocked, id=2728, stack(0x46fd0000,0x47020000)]
  0x46762400 JavaThread "Attach Listener" daemon [_thread_blocked, id=504, stack(0x47100000,0x47150000)]
  0x46761800 JavaThread "Signal Dispatcher" daemon [_thread_blocked, id=4612, stack(0x04760000,0x047b0000)]
  0x4676ac00 JavaThread "Surrogate Locker Thread (Concurrent GC)" daemon [_thread_blocked, id=2356, stack(0x048d0000,0x04920000)]
  0x46754400 JavaThread "Finalizer" daemon [_thread_blocked, id=2656, stack(0x46c70000,0x46cc0000)]
  0x4674ec00 JavaThread "Reference Handler" daemon [_thread_blocked, id=2740, stack(0x46ce0000,0x46d30000)]
=>0x01ca1400 JavaThread "Client thread" [_thread_in_native, id=1572, stack(0x02290000,0x022e0000)]

Other Threads:
  0x4672c000 VMThread [stack: 0x046d0000,0x04720000] [id=4112]
  0x46799800 WatcherThread [stack: 0x04610000,0x04660000] [id=6048]

VM state:not at safepoint (normal execution)

VM Mutex/Monitor currently owned by a thread: None

Heap:
 par new generation   total 235968K, used 4011K [0x04a00000, 0x14a00000, 0x14a00000)
  eden space 209792K,   1% used [0x04a00000, 0x04dead80, 0x116e0000)
  from space 26176K,   0% used [0x116e0000, 0x116e0000, 0x13070000)
  to   space 26176K,   0% used [0x13070000, 0x13070000, 0x14a00000)
 concurrent mark-sweep generation total 786432K, used 121734K [0x14a00000, 0x44a00000, 0x44a00000)
 Metaspace       used 22888K, capacity 23105K, committed 23168K, reserved 23936K

Card table byte_map: [0x44a00000,0x44c10000] byte_map_base: 0x449db000

Marking Bits: (CMSBitMap*) 0x01d16ea0
 Bits: [0x44da0000, 0x465a0000)

Mod Union Table: (CMSBitMap*) 0x01d16f00
 Bits: [0x001c0000, 0x001f0000)

Polling page: 0x00140000

CodeCache: size=32768Kb used=6513Kb max_used=10156Kb free=26255Kb
 bounds [0x025b0000, 0x02fa0000, 0x045b0000]
 total_blobs=2957 nmethods=2552 adapters=332
 compilation: enabled

Compilation events (10 events):
Event: 424.363 Thread 0x46765000 11906             net.minecraft.client.gui.FontRenderer::doDraw (288 bytes)
Event: 424.364 Thread 0x46765000 nmethod 11906 0x02c9a708 code [0x02c9a9f0, 0x02c9b590]
Event: 424.396 Thread 0x46765000 11907             net.minecraft.client.renderer.Tessellator::setColorRGBA_F (30 bytes)
Event: 424.396 Thread 0x46765000 nmethod 11907 0x02c49588 code [0x02c496d0, 0x02c4981c]
Event: 424.930 Thread 0x46765000 11908  s          org.lwjgl.opengl.EventQueue::putEvent (80 bytes)
Event: 424.930 Thread 0x46765000 nmethod 11908 0x028817c8 code [0x02881930, 0x02881db4]
Event: 425.095 Thread 0x46765000 11909             net.minecraft.client.gui.GuiMainMenu::rotateAndBlurSkybox (244 bytes)
Event: 425.097 Thread 0x46765000 nmethod 11909 0x02c65548 code [0x02c65960, 0x02c66b7c]
Event: 425.097 Thread 0x46765000 11910             java.nio.DirectIntBufferU::put (18 bytes)
Event: 425.097 Thread 0x46765000 nmethod 11910 0x0271c708 code [0x0271c800, 0x0271c8b0]

GC Heap History (10 events):
Event: 375.985 GC heap before
{Heap before GC invocations=50 (full 14):
 par new generation   total 235968K, used 219858K [0x04a00000, 0x14a00000, 0x14a00000)
  eden space 209792K, 100% used [0x04a00000, 0x116e0000, 0x116e0000)
  from space 26176K,  38% used [0x116e0000, 0x120b4a30, 0x13070000)
  to   space 26176K,   0% used [0x13070000, 0x13070000, 0x14a00000)
 concurrent mark-sweep generation total 786432K, used 130800K [0x14a00000, 0x44a00000, 0x44a00000)
 Metaspace       used 22867K, capacity 23105K, committed 23168K, reserved 23936K
Event: 375.990 GC heap after
Heap after GC invocations=51 (full 14):
 par new generation   total 235968K, used 12759K [0x04a00000, 0x14a00000, 0x14a00000)
  eden space 209792K,   0% used [0x04a00000, 0x04a00000, 0x116e0000)
  from space 26176K,  48% used [0x13070000, 0x13ce5cc0, 0x14a00000)
  to   space 26176K,   0% used [0x116e0000, 0x116e0000, 0x13070000)
 concurrent mark-sweep generation total 786432K, used 131017K [0x14a00000, 0x44a00000, 0x44a00000)
 Metaspace       used 22867K, capacity 23105K, committed 23168K, reserved 23936K
}
Event: 389.599 GC heap before
{Heap before GC invocations=51 (full 14):
 par new generation   total 235968K, used 222551K [0x04a00000, 0x14a00000, 0x14a00000)
  eden space 209792K, 100% used [0x04a00000, 0x116e0000, 0x116e0000)
  from space 26176K,  48% used [0x13070000, 0x13ce5cc0, 0x14a00000)
  to   space 26176K,   0% used [0x116e0000, 0x116e0000, 0x13070000)
 concurrent mark-sweep generation total 786432K, used 131017K [0x14a00000, 0x44a00000, 0x44a00000)
 Metaspace       used 22867K, capacity 23105K, committed 23168K, reserved 23936K
Event: 389.603 GC heap after
Heap after GC invocations=52 (full 14):
 par new generation   total 235968K, used 12711K [0x04a00000, 0x14a00000, 0x14a00000)
  eden space 209792K,   0% used [0x04a00000, 0x04a00000, 0x116e0000)
  from space 26176K,  48% used [0x116e0000, 0x12349d80, 0x13070000)
  to   space 26176K,   0% used [0x13070000, 0x13070000, 0x14a00000)
 concurrent mark-sweep generation total 786432K, used 132148K [0x14a00000, 0x44a00000, 0x44a00000)
 Metaspace       used 22867K, capacity 23105K, committed 23168K, reserved 23936K
}
Event: 401.889 GC heap before
{Heap before GC invocations=52 (full 14):
 par new generation   total 235968K, used 222503K [0x04a00000, 0x14a00000, 0x14a00000)
  eden space 209792K, 100% used [0x04a00000, 0x116e0000, 0x116e0000)
  from space 26176K,  48% used [0x116e0000, 0x12349d80, 0x13070000)
  to   space 26176K,   0% used [0x13070000, 0x13070000, 0x14a00000)
 concurrent mark-sweep generation total 786432K, used 132148K [0x14a00000, 0x44a00000, 0x44a00000)
 Metaspace       used 22867K, capacity 23105K, committed 23168K, reserved 23936K
Event: 401.894 GC heap after
Heap after GC invocations=53 (full 14):
 par new generation   total 235968K, used 14524K [0x04a00000, 0x14a00000, 0x14a00000)
  eden space 209792K,   0% used [0x04a00000, 0x04a00000, 0x116e0000)
  from space 26176K,  55% used [0x13070000, 0x13e9f110, 0x14a00000)
  to   space 26176K,   0% used [0x116e0000, 0x116e0000, 0x13070000)
 concurrent mark-sweep generation total 786432K, used 132150K [0x14a00000, 0x44a00000, 0x44a00000)
 Metaspace       used 22867K, capacity 23105K, committed 23168K, reserved 23936K
}
Event: 414.398 GC heap before
{Heap before GC invocations=53 (full 14):
 par new generation   total 235968K, used 224316K [0x04a00000, 0x14a00000, 0x14a00000)
  eden space 209792K, 100% used [0x04a00000, 0x116e0000, 0x116e0000)
  from space 26176K,  55% used [0x13070000, 0x13e9f110, 0x14a00000)
  to   space 26176K,   0% used [0x116e0000, 0x116e0000, 0x13070000)
 concurrent mark-sweep generation total 786432K, used 132150K [0x14a00000, 0x44a00000, 0x44a00000)
 Metaspace       used 22867K, capacity 23105K, committed 23168K, reserved 23936K
Event: 414.402 GC heap after
Heap after GC invocations=54 (full 14):
 par new generation   total 235968K, used 7793K [0x04a00000, 0x14a00000, 0x14a00000)
  eden space 209792K,   0% used [0x04a00000, 0x04a00000, 0x116e0000)
  from space 26176K,  29% used [0x116e0000, 0x11e7c5e8, 0x13070000)
  to   space 26176K,   0% used [0x13070000, 0x13070000, 0x14a00000)
 concurrent mark-sweep generation total 786432K, used 133011K [0x14a00000, 0x44a00000, 0x44a00000)
 Metaspace       used 22867K, capacity 23105K, committed 23168K, reserved 23936K
}
Event: 424.135 GC heap before
{Heap before GC invocations=54 (full 14):
 par new generation   total 235968K, used 183025K [0x04a00000, 0x14a00000, 0x14a00000)
  eden space 209792K,  83% used [0x04a00000, 0x0f5201d0, 0x116e0000)
  from space 26176K,  29% used [0x116e0000, 0x11e7c5e8, 0x13070000)
  to   space 26176K,   0% used [0x13070000, 0x13070000, 0x14a00000)
 concurrent mark-sweep generation total 786432K, used 133011K [0x14a00000, 0x44a00000, 0x44a00000)
 Metaspace       used 22884K, capacity 23105K, committed 23168K, reserved 23936K
Event: 424.292 GC heap after
Heap after GC invocations=55 (full 15):
 par new generation   total 235968K, used 0K [0x04a00000, 0x14a00000, 0x14a00000)
  eden space 209792K,   0% used [0x04a00000, 0x04a00000, 0x116e0000)
  from space 26176K,   0% used [0x116e0000, 0x116e0000, 0x13070000)
  to   space 26176K,   0% used [0x13070000, 0x13070000, 0x14a00000)
 concurrent mark-sweep generation total 786432K, used 121734K [0x14a00000, 0x44a00000, 0x44a00000)
 Metaspace       used 22884K, capacity 23105K, committed 23168K, reserved 23936K
}

Deoptimization events (0 events):
No events

Internal exceptions (10 events):
Event: 423.661 Thread 0x52351800 Exception <a 'java/lang/InterruptedException': sleep interrupted> (0x0f1666e0) thrown at [C:\re\workspace\8-2-build-windows-i586-cygwin\jdk8u112\7884\hotspot\src\share\vm\prims\jvm.cpp, line 3228]
Event: 423.674 Thread 0x52351800 Exception <a 'java/lang/InterruptedException': sleep interrupted> (0x0f166960) thrown at [C:\re\workspace\8-2-build-windows-i586-cygwin\jdk8u112\7884\hotspot\src\share\vm\prims\jvm.cpp, line 3228]
Event: 423.688 Thread 0x52351800 Exception <a 'java/lang/InterruptedException': sleep interrupted> (0x0f166be0) thrown at [C:\re\workspace\8-2-build-windows-i586-cygwin\jdk8u112\7884\hotspot\src\share\vm\prims\jvm.cpp, line 3228]
Event: 423.701 Thread 0x52351800 Exception <a 'java/lang/InterruptedException': sleep interrupted> (0x0f166e60) thrown at [C:\re\workspace\8-2-build-windows-i586-cygwin\jdk8u112\7884\hotspot\src\share\vm\prims\jvm.cpp, line 3228]
Event: 423.714 Thread 0x52351800 Exception <a 'java/lang/InterruptedException': sleep interrupted> (0x0f1670e0) thrown at [C:\re\workspace\8-2-build-windows-i586-cygwin\jdk8u112\7884\hotspot\src\share\vm\prims\jvm.cpp, line 3228]
Event: 423.728 Thread 0x52351800 Exception <a 'java/lang/InterruptedException': sleep interrupted> (0x0f167360) thrown at [C:\re\workspace\8-2-build-windows-i586-cygwin\jdk8u112\7884\hotspot\src\share\vm\prims\jvm.cpp, line 3228]
Event: 423.741 Thread 0x52351800 Exception <a 'java/lang/InterruptedException': sleep interrupted> (0x0f1675e0) thrown at [C:\re\workspace\8-2-build-windows-i586-cygwin\jdk8u112\7884\hotspot\src\share\vm\prims\jvm.cpp, line 3228]
Event: 423.741 Thread 0x52351800 Exception <a 'java/lang/InterruptedException': sleep interrupted> (0x0f168360) thrown at [C:\re\workspace\8-2-build-windows-i586-cygwin\jdk8u112\7884\hotspot\src\share\vm\prims\jvm.cpp, line 3180]
Event: 424.135 Thread 0x52351800 Exception <a 'java/lang/InterruptedException': sleep interrupted> (0x0f1685a0) thrown at [C:\re\workspace\8-2-build-windows-i586-cygwin\jdk8u112\7884\hotspot\src\share\vm\prims\jvm.cpp, line 3228]
Event: 424.292 Thread 0x52351800 Exception <a 'java/lang/InterruptedException': sleep interrupted> (0x04a00040) thrown at [C:\re\workspace\8-2-build-windows-i586-cygwin\jdk8u112\7884\hotspot\src\share\vm\prims\jvm.cpp, line 3180]

Events (10 events):
Event: 424.297 Thread 0x46765000 flushing nmethod 0x02d44dc8
Event: 424.297 Thread 0x46765000 flushing nmethod 0x02d44f88
Event: 424.297 Thread 0x46765000 flushing nmethod 0x02d45148
Event: 424.297 Thread 0x46765000 flushing nmethod 0x02d45308
Event: 424.297 Thread 0x46765000 flushing nmethod 0x02d46408
Event: 424.297 Thread 0x46765000 flushing nmethod 0x02d99c48
Event: 424.297 Thread 0x46765000 flushing nmethod 0x02d9bc08
Event: 424.305 loading class sun/reflect/UnsafeBooleanFieldAccessorImpl
Event: 424.305 loading class sun/reflect/UnsafeBooleanFieldAccessorImpl done
Event: 424.305 Thread 0x504b7c00 Thread exited: 0x504b7c00


Dynamic libraries:
0x00300000 - 0x00333000 	C:\Program Files (x86)\Java\jre1.8.0_112\bin\javaw.exe
0x776e0000 - 0x77860000 	C:\Windows\SysWOW64\ntdll.dll
0x75ac0000 - 0x75bd0000 	C:\Windows\syswow64\kernel32.dll
0x76f20000 - 0x76f67000 	C:\Windows\syswow64\KERNELBASE.dll
0x770e0000 - 0x77181000 	C:\Windows\syswow64\ADVAPI32.dll
0x75bd0000 - 0x75c7c000 	C:\Windows\syswow64\msvcrt.dll
0x75100000 - 0x75119000 	C:\Windows\SysWOW64\sechost.dll
0x76f80000 - 0x77070000 	C:\Windows\syswow64\RPCRT4.dll
0x75060000 - 0x750c0000 	C:\Windows\syswow64\SspiCli.dll
0x75050000 - 0x7505c000 	C:\Windows\syswow64\CRYPTBASE.dll
0x76e20000 - 0x76f20000 	C:\Windows\syswow64\USER32.dll
0x75700000 - 0x75790000 	C:\Windows\syswow64\GDI32.dll
0x755f0000 - 0x755fa000 	C:\Windows\syswow64\LPK.dll
0x75550000 - 0x755ed000 	C:\Windows\syswow64\USP10.dll
0x72780000 - 0x7291e000 	C:\Windows\WinSxS\x86_microsoft.windows.common-controls_6595b64144ccf1df_6.0.7601.17514_none_41e6975e2bd6f2b2\COMCTL32.dll
0x77080000 - 0x770d7000 	C:\Windows\syswow64\SHLWAPI.dll
0x76d40000 - 0x76da0000 	C:\Windows\system32\IMM32.DLL
0x75290000 - 0x7535c000 	C:\Windows\syswow64\MSCTF.dll
0x6eb30000 - 0x6ebef000 	C:\Program Files (x86)\Java\jre1.8.0_112\bin\msvcr100.dll
0x664c0000 - 0x6688e000 	C:\Program Files (x86)\Java\jre1.8.0_112\bin\client\jvm.dll
0x72f90000 - 0x72f97000 	C:\Windows\system32\WSOCK32.dll
0x75360000 - 0x75395000 	C:\Windows\syswow64\WS2_32.dll
0x76f70000 - 0x76f76000 	C:\Windows\syswow64\NSI.dll
0x74480000 - 0x744b2000 	C:\Windows\system32\WINMM.dll
0x74f80000 - 0x74f89000 	C:\Windows\system32\VERSION.dll
0x75120000 - 0x75125000 	C:\Windows\syswow64\PSAPI.DLL
0x6e170000 - 0x6e17c000 	C:\Program Files (x86)\Java\jre1.8.0_112\bin\verify.dll
0x6d0a0000 - 0x6d0c1000 	C:\Program Files (x86)\Java\jre1.8.0_112\bin\java.dll
0x6d870000 - 0x6d883000 	C:\Program Files (x86)\Java\jre1.8.0_112\bin\zip.dll
0x76090000 - 0x76cdb000 	C:\Windows\syswow64\SHELL32.dll
0x75130000 - 0x7528c000 	C:\Windows\syswow64\ole32.dll
0x750f0000 - 0x750fb000 	C:\Windows\syswow64\profapi.dll
0x71810000 - 0x7181a000 	C:\Program Files (x86)\Java\jre1.8.0_112\bin\management.dll
0x6c7d0000 - 0x6c7e6000 	C:\Program Files (x86)\Java\jre1.8.0_112\bin\net.dll
0x72f00000 - 0x72f3c000 	C:\Windows\system32\mswsock.dll
0x71820000 - 0x71826000 	C:\Windows\System32\wship6.dll
0x6dfd0000 - 0x6dfdf000 	C:\Program Files (x86)\Java\jre1.8.0_112\bin\nio.dll
0x74ba0000 - 0x74bb0000 	C:\Windows\system32\NLAapi.dll
0x74bb0000 - 0x74bc0000 	C:\Windows\system32\napinsp.dll
0x74b80000 - 0x74b92000 	C:\Windows\system32\pnrpnsp.dll
0x74b30000 - 0x74b74000 	C:\Windows\system32\DNSAPI.dll
0x74b20000 - 0x74b28000 	C:\Windows\System32\winrnr.dll
0x74af0000 - 0x74b11000 	C:\Program Files (x86)\Bonjour\mdnsNSP.dll
0x72b20000 - 0x72b3c000 	C:\Windows\system32\Iphlpapi.DLL
0x72e90000 - 0x72e97000 	C:\Windows\system32\WINNSI.DLL
0x74ac0000 - 0x74ae7000 	C:\Program Files (x86)\Common Files\Microsoft Shared\Windows Live\WLIDNSP.DLL
0x72f40000 - 0x72f5e000 	C:\Program Files (x86)\Common Files\Netop\WebFilterLSP32.dll
0x75620000 - 0x756af000 	C:\Windows\syswow64\OLEAUT32.dll
0x747b0000 - 0x74819000 	C:\Windows\system32\MSVCP100.dll
0x750c0000 - 0x750ee000 	C:\Windows\syswow64\WINTRUST.dll
0x757a0000 - 0x758c0000 	C:\Windows\syswow64\CRYPT32.dll
0x753d0000 - 0x753dc000 	C:\Windows\syswow64\MSASN1.dll
0x72ee0000 - 0x72eeb000 	C:\Program Files (x86)\Common Files\Netop\WebFilterLogger32.dll
0x72ed0000 - 0x72ed5000 	C:\Windows\System32\wshtcpip.dll
0x74c00000 - 0x74c80000 	C:\Windows\system32\uxtheme.dll
0x77190000 - 0x77213000 	C:\Windows\syswow64\CLBCatQ.DLL
0x74a60000 - 0x74a66000 	C:\Windows\system32\rasadhlp.dll
0x72ea0000 - 0x72ecd000 	C:\Program Files (x86)\Netop\Vision\Plugins\WebLock\WebFilterMgr32.dll
0x72e60000 - 0x72e8f000 	C:\Windows\system32\XmlLite.dll
0x72e30000 - 0x72e56000 	C:\Windows\system32\ATL100.DLL
0x74940000 - 0x74978000 	C:\Windows\System32\fwpuclnt.dll
0x74ef0000 - 0x74f11000 	C:\Windows\system32\ntmarta.dll
0x756b0000 - 0x756f5000 	C:\Windows\syswow64\WLDAP32.dll
0x72970000 - 0x72986000 	C:\Windows\system32\CRYPTSP.dll
0x72930000 - 0x7296b000 	C:\Windows\system32\rsaenh.dll
0x72920000 - 0x7292e000 	C:\Windows\system32\RpcRtRemote.dll
0x72700000 - 0x72713000 	C:\Windows\system32\dwmapi.dll
0x471a0000 - 0x471ed000 	C:\Users\1203038\.gradle\caches\minecraft\net\minecraft\minecraft_natives\1.7.10\lwjgl.dll
0x6ea60000 - 0x6eb28000 	C:\Windows\system32\OPENGL32.dll
0x717e0000 - 0x71802000 	C:\Windows\system32\GLU32.dll
0x6e970000 - 0x6ea57000 	C:\Windows\system32\DDRAW.dll
0x71830000 - 0x71836000 	C:\Windows\system32\DCIMAN32.dll
0x75ec0000 - 0x7605d000 	C:\Windows\syswow64\SETUPAPI.dll
0x772b0000 - 0x772d7000 	C:\Windows\syswow64\CFGMGR32.dll
0x753e0000 - 0x753f2000 	C:\Windows\syswow64\DEVOBJ.dll
0x75600000 - 0x75617000 	C:\Windows\syswow64\USERENV.dll
0x74cb0000 - 0x74cbd000 	C:\Windows\system32\dhcpcsvc6.DLL
0x74c90000 - 0x74ca2000 	C:\Windows\system32\dhcpcsvc.DLL
0x6e820000 - 0x6e966000 	C:\Program Files (x86)\Java\jre1.8.0_112\bin\awt.dll
0x55f90000 - 0x577f3000 	C:\Windows\system32\nvoglv32.DLL
0x72f80000 - 0x72f8d000 	C:\Windows\system32\WTSAPI32.dll
0x71aa0000 - 0x71b8b000 	C:\Windows\system32\dbghelp.dll
0x6b930000 - 0x6b9a9000 	C:\Windows\system32\mscms.dll
0x6c7f0000 - 0x6c828000 	C:\Windows\system32\icm32.dll
0x726b0000 - 0x726d9000 	C:\Windows\system32\WINSTA.dll
0x70a40000 - 0x70a7a000 	C:\Users\1203038\.gradle\caches\minecraft\net\minecraft\minecraft_natives\1.7.10\avutil-ttv-51.dll
0x65980000 - 0x6599d000 	C:\Users\1203038\.gradle\caches\minecraft\net\minecraft\minecraft_natives\1.7.10\swresample-ttv-0.dll
0x49dc0000 - 0x49e49000 	C:\Users\1203038\.gradle\caches\minecraft\net\minecraft\minecraft_natives\1.7.10\libmp3lame-ttv.dll
0x592c0000 - 0x5a240000 	C:\Users\1203038\.gradle\caches\minecraft\net\minecraft\minecraft_natives\1.7.10\libmfxsw32.dll
0x6e710000 - 0x6e813000 	C:\Users\1203038\.gradle\caches\minecraft\net\minecraft\minecraft_natives\1.7.10\twitchsdk.dll
0x758d0000 - 0x75ab4000 	C:\Windows\syswow64\WININET.dll
0x76070000 - 0x76074000 	C:\Windows\syswow64\api-ms-win-downlevel-user32-l1-1-0.dll
0x776b0000 - 0x776b4000 	C:\Windows\syswow64\api-ms-win-downlevel-shlwapi-l1-1-0.dll
0x758c0000 - 0x758c4000 	C:\Windows\syswow64\api-ms-win-downlevel-version-l1-1-0.dll
0x75790000 - 0x75793000 	C:\Windows\syswow64\api-ms-win-downlevel-normaliz-l1-1-0.dll
0x76060000 - 0x76063000 	C:\Windows\syswow64\normaliz.DLL
0x75c80000 - 0x75eb2000 	C:\Windows\syswow64\iertutil.dll
0x76080000 - 0x76085000 	C:\Windows\syswow64\api-ms-win-downlevel-advapi32-l1-1-0.dll
0x46d30000 - 0x46d49000 	C:\Windows\system32\OpenAL32.dll
0x6fbd0000 - 0x6fc09000 	C:\Windows\system32\MMDevAPI.DLL
0x71260000 - 0x71355000 	C:\Windows\system32\PROPSYS.dll
0x6e6e0000 - 0x6e710000 	C:\Windows\system32\wdmaud.drv
0x6e100000 - 0x6e104000 	C:\Windows\system32\ksuser.dll
0x6ff60000 - 0x6ff67000 	C:\Windows\system32\AVRT.dll
0x6fc10000 - 0x6fc46000 	C:\Windows\system32\AUDIOSES.DLL
0x70e00000 - 0x70e08000 	C:\Windows\system32\msacm32.drv
0x6fc50000 - 0x6fc64000 	C:\Windows\system32\MSACM32.dll
0x6e6d0000 - 0x6e6d7000 	C:\Windows\system32\midimap.dll
0x6e650000 - 0x6e6c2000 	C:\Windows\system32\dsound.dll
0x6df90000 - 0x6dfb5000 	C:\Windows\system32\POWRPROF.dll
0x587d0000 - 0x58c28000 	C:\Windows\system32\wrap_oal.dll
0x4f770000 - 0x4f7d5000 	C:\Users\1203038\.gradle\caches\minecraft\net\minecraft\minecraft_natives\1.7.10\OpenAL32.dll
0x6c3b0000 - 0x6c3d0000 	C:\Program Files (x86)\Java\jre1.8.0_112\bin\sunec.dll
0x717d0000 - 0x717d9000 	C:\Program Files (x86)\Java\jre1.8.0_112\bin\sunmscapi.dll

VM Arguments:
jvm_args: -Xincgc -Xmx1024M -Xms1024M -Dfile.encoding=Cp1252 
java_command: GradleStart
java_class_path (initial): G:\Eclipse_Workspace\Turd Mod\bin;C:\Users\1203038\.gradle\caches\minecraft\net\minecraftforge\forge\1.7.10-10.13.4.1614-1.7.10\forgeSrc-1.7.10-10.13.4.1614-1.7.10.jar;C:\Users\1203038\.gradle\caches\modules-2\files-2.1\net.minecraft\launchwrapper\1.12\111e7bea9c968cdb3d06ef4632bf7ff0824d0f36\launchwrapper-1.12.jar;C:\Users\1203038\.gradle\caches\modules-2\files-2.1\com.google.code.findbugs\jsr305\1.3.9\40719ea6961c0cb6afaeb6a921eaa1f6afd4cfdf\jsr305-1.3.9.jar;C:\Users\1203038\.gradle\caches\modules-2\files-2.1\org.ow2.asm\asm-debug-all\5.0.3\f9e364ae2a66ce2a543012a4668856e84e5dab74\asm-debug-all-5.0.3.jar;C:\Users\1203038\.gradle\caches\modules-2\files-2.1\com.typesafe.akka\akka-actor_2.11\2.3.3\ed62e9fc709ca0f2ff1a3220daa8b70a2870078e\akka-actor_2.11-2.3.3.jar;C:\Users\1203038\.gradle\caches\modules-2\files-2.1\com.typesafe\config\1.2.1\f771f71fdae3df231bcd54d5ca2d57f0bf93f467\config-1.2.1.jar;C:\Users\1203038\.gradle\caches\modules-2\files-2.1\org.scala-lang\scala-actors-migration_2.11\1.1.0\dfa8bc42b181d5b9f1a5dd147f8ae308b893eb6f\scala-actors-migration_2.11-1.1.0.jar;C:\Users\1203038\.gradle\caches\modules-2\files-2.1\org.scala-lang\scala-compiler\2.11.1\56ea2e6c025e0821f28d73ca271218b8dd04926a\scala-compiler-2.11.1.jar;C:\Users\1203038\.gradle\caches\modules-2\files-2.1\org.scala-lang.plugins\scala-continuations-library_2.11\1.0.2\e517c53a7e9acd6b1668c5a35eccbaa3bab9aac\scala-continuations-library_2.11-1.0.2.jar;C:\Users\1203038\.gradle\caches\modules-2\files-2.1\org.scala-lang.plugins\scala-continuations-plugin_2.11.1\1.0.2\f361a3283452c57fa30c1ee69448995de23c60f7\scala-continuations-plugin_2.11.1-1.0.2.jar;C:\Users\1203038\.gradle\caches\modules-2\files-2.1\org.scala-lang\scala-library\2.11.1\e11da23da3eabab9f4777b9220e60d44c1aab6a\scala-library-2.11.1.jar;C:\Users\1203038\.gradle\caches\modules-2\files-2.1\org.scala-lang\scala-parser-combinators_2.11\1.0.1\f05d7345bf5a58924f2837c6c1f4d73a938e1ff0\scala-parser-combinators_2.11-1.
Launcher Type: SUN_STANDARD

Environment Variables:
PATH=C:/Program Files (x86)/Java/jre1.8.0_112/bin/client;C:/Program Files (x86)/Java/jre1.8.0_112/bin;C:/Program Files (x86)/Java/jre1.8.0_112/lib/i386;C:\ProgramData\Oracle\Java\javapath;C:\Program Files\Common Files\Microsoft Shared\Windows Live;C:\Program Files (x86)\Common Files\Microsoft Shared\Windows Live;C:\Windows\system32;C:\Windows;C:\Windows\System32\Wbem;C:\Windows\System32\WindowsPowerShell\v1.0\;C:\Program Files (x86)\QuickTime\QTSystem\;C:\Program Files (x86)\Windows Live\Shared;C:\Program Files (x86)\Common Files\Netop\;C:\Program Files (x86)\Netop\Vision\XL\;C:\Windows\system32\config\systemprofile\.dnx\bin;C:\Program Files\Microsoft DNX\Dnvm\;C:\Program Files\Microsoft SQL Server\130\Tools\Binn\;C:\Program Files\Microsoft SQL Server\110\Tools\Binn\;C:\Program Files (x86)\Windows Kits\8.1\Windows Performance Toolkit\;C:\Program Files (x86)\nodejs\;C:\Program Files\Git\cmd;G:\Eclipse_Workspace\Turd Mod\src\main\java\com\turd\block;
USERNAME=1203038
OS=Windows_NT
PROCESSOR_IDENTIFIER=Intel64 Family 6 Model 60 Stepping 3, GenuineIntel



---------------  S Y S T E M  ---------------

OS:Call to GetFileVersionInfoSize failed

CPU:total 4 (4 cores per cpu, 1 threads per core) family 6 model 60 stepping 3, cmov, cx8, fxsr, mmx, sse, sse2, sse3, ssse3, sse4.1, sse4.2, popcnt, avx, avx2, aes, clmul, erms, lzcnt, tsc, tscinvbit, bmi1, bmi2

Memory: 4k page, physical 6213540k(2986352k free), swap 12425220k(8182192k free)

vm_info: Java HotSpot(TM) Client VM (25.112-b15) for windows-x86 JRE (1.8.0_112-b15), built on Sep 22 2016 21:03:20 by "java_re" with MS VC++ 10.0 (VS2010)

time: Thu Feb 02 12:53:22 2017
elapsed time: 425 seconds (0d 0h 7m 5s)

