#
# A fatal error has been detected by the Java Runtime Environment:
#
#  EXCEPTION_ACCESS_VIOLATION (0xc0000005) at pc=0x57b34d51, pid=5764, tid=5404
#
# JRE version: Java(TM) SE Runtime Environment (8.0_71-b15) (build 1.8.0_71-b15)
# Java VM: Java HotSpot(TM) Client VM (25.71-b15 mixed mode windows-x86 )
# Problematic frame:
# C  [nvoglv32.DLL+0xa84d51]
#
# Failed to write core dump. Minidumps are not enabled by default on client versions of Windows
#
# If you would like to submit a bug report, please visit:
#   http://bugreport.java.com/bugreport/crash.jsp
# The crash happened outside the Java Virtual Machine in native code.
# See problematic frame for where to report the bug.
#

---------------  T H R E A D  ---------------

Current thread (0x00b91400):  JavaThread "Client thread" [_thread_in_native, id=5404, stack(0x00260000,0x002b0000)]

siginfo: ExceptionCode=0xc0000005, reading address 0x00000008

Registers:
EAX=0x00000000, EBX=0x00000000, ECX=0x00000000, EDX=0x00000008
ESP=0x002ad504, EBP=0x002ad510, ESI=0x00000000, EDI=0x00000000
EIP=0x57b34d51, EFLAGS=0x00010246

Top of Stack: (sp=0x002ad504)
0x002ad504:   00000000 00000000 00000000 002ad530
0x002ad514:   57b38006 00000000 002adb3c 002ad9c4
0x002ad524:   00000000 002ad648 002ad9c4 002ad558
0x002ad534:   57b3548f 4abe0020 00000000 002ad648
0x002ad544:   002adb3c 00000001 4abe0020 7bc7fa08
0x002ad554:   002ad9c4 002ad988 57bdfe51 4abe0020
0x002ad564:   002ad9c4 7bc7fa08 002ad648 002adb3c
0x002ad574:   495e0000 002ae920 002adb9c 00000000 

Instructions: (pc=0x57b34d51)
0x57b34d31:   cc cc cc cc cc cc cc cc cc cc cc cc cc cc cc 55
0x57b34d41:   8b ec 8b 45 08 8b 4d 08 53 56 8b 75 08 32 db 57
0x57b34d51:   0f b7 78 08 85 ff 7e 20 83 c0 24 8d 64 24 00 0f
0x57b34d61:   b7 50 fc 4a 74 22 83 ea 2c 75 07 b3 01 8b 08 8b 


Register to memory mapping:

EAX=0x00000000 is an unknown value
EBX=0x00000000 is an unknown value
ECX=0x00000000 is an unknown value
EDX=0x00000008 is an unknown value
ESP=0x002ad504 is pointing into the stack for thread: 0x00b91400
EBP=0x002ad510 is pointing into the stack for thread: 0x00b91400
ESI=0x00000000 is an unknown value
EDI=0x00000000 is an unknown value


Stack: [0x00260000,0x002b0000],  sp=0x002ad504,  free space=309k
Native frames: (J=compiled Java code, j=interpreted, Vv=VM code, C=native code)
C  [nvoglv32.DLL+0xa84d51]
C  [nvoglv32.DLL+0xa88006]
C  [nvoglv32.DLL+0xa8548f]
C  [nvoglv32.DLL+0xb2fe51]
C  [nvoglv32.DLL+0xb53134]
C  [nvoglv32.DLL+0xaa31a9]
C  [nvoglv32.DLL+0xaa33e0]
C  [nvoglv32.DLL+0xaa380d]
C  [nvoglv32.DLL+0xb53e31]
C  [nvoglv32.DLL+0xb4cf88]
C  [nvoglv32.DLL+0xbb5a5]
C  [nvoglv32.DLL+0x8c67b4]
C  [nvoglv32.DLL+0x8c6296]
C  [nvoglv32.DLL+0x146668]
C  [lwjgl.dll+0x88ac]
j  org.lwjgl.opengl.GL11.glCopyTexSubImage2D(IIIIIIII)V+31
j  net.minecraft.client.gui.GuiMainMenu.rotateAndBlurSkybox(F)V+52
j  net.minecraft.client.gui.GuiMainMenu.renderSkybox(IIF)V+30
j  net.minecraft.client.gui.GuiMainMenu.drawScreen(IIF)V+10
J 4455 C1 net.minecraft.client.renderer.EntityRenderer.updateCameraAndRender(F)V (874 bytes) @ 0x029b36f0 [0x029b2340+0x13b0]
J 2349 C1 net.minecraft.client.Minecraft.runGameLoop()V (769 bytes) @ 0x02bfb66c [0x02bfae70+0x7fc]
J 8346% C1 net.minecraft.client.Minecraft.run()V (211 bytes) @ 0x02c20dd0 [0x02c20d60+0x70]
j  net.minecraft.client.main.Main.main([Ljava/lang/String;)V+998
v  ~StubRoutines::call_stub
V  [jvm.dll+0x158bf5]
V  [jvm.dll+0x21e0be]
V  [jvm.dll+0x158c8e]
V  [jvm.dll+0x165408]
V  [jvm.dll+0x165673]
V  [jvm.dll+0x102393]
C  [java.dll+0x3b26]
j  sun.reflect.NativeMethodAccessorImpl.invoke(Ljava/lang/Object;[Ljava/lang/Object;)Ljava/lang/Object;+100
j  sun.reflect.DelegatingMethodAccessorImpl.invoke(Ljava/lang/Object;[Ljava/lang/Object;)Ljava/lang/Object;+6
j  java.lang.reflect.Method.invoke(Ljava/lang/Object;[Ljava/lang/Object;)Ljava/lang/Object;+56
j  net.minecraft.launchwrapper.Launch.launch([Ljava/lang/String;)V+661
j  net.minecraft.launchwrapper.Launch.main([Ljava/lang/String;)V+8
j  net.minecraftforge.gradle.GradleStartCommon.launch([Ljava/lang/String;)V+181
j  GradleStart.main([Ljava/lang/String;)V+11
v  ~StubRoutines::call_stub
V  [jvm.dll+0x158bf5]
V  [jvm.dll+0x21e0be]
V  [jvm.dll+0x158c8e]
V  [jvm.dll+0xdaca7]
V  [jvm.dll+0xe323f]
C  [javaw.exe+0x229a]
C  [javaw.exe+0xaebf]
C  [javaw.exe+0xaf49]
C  [kernel32.dll+0x1338a]
C  [ntdll.dll+0x3bf32]
C  [ntdll.dll+0x3bf05]
C  0x00000000

Java frames: (J=compiled Java code, j=interpreted, Vv=VM code)
j  org.lwjgl.opengl.GL11.nglCopyTexSubImage2D(IIIIIIIIJ)V+0
j  org.lwjgl.opengl.GL11.glCopyTexSubImage2D(IIIIIIII)V+31
j  net.minecraft.client.gui.GuiMainMenu.rotateAndBlurSkybox(F)V+52
j  net.minecraft.client.gui.GuiMainMenu.renderSkybox(IIF)V+30
j  net.minecraft.client.gui.GuiMainMenu.drawScreen(IIF)V+10
J 4455 C1 net.minecraft.client.renderer.EntityRenderer.updateCameraAndRender(F)V (874 bytes) @ 0x029b36f0 [0x029b2340+0x13b0]
J 2349 C1 net.minecraft.client.Minecraft.runGameLoop()V (769 bytes) @ 0x02bfb66c [0x02bfae70+0x7fc]
J 8346% C1 net.minecraft.client.Minecraft.run()V (211 bytes) @ 0x02c20dd0 [0x02c20d60+0x70]
j  net.minecraft.client.main.Main.main([Ljava/lang/String;)V+998
v  ~StubRoutines::call_stub
j  sun.reflect.NativeMethodAccessorImpl.invoke0(Ljava/lang/reflect/Method;Ljava/lang/Object;[Ljava/lang/Object;)Ljava/lang/Object;+0
j  sun.reflect.NativeMethodAccessorImpl.invoke(Ljava/lang/Object;[Ljava/lang/Object;)Ljava/lang/Object;+100
j  sun.reflect.DelegatingMethodAccessorImpl.invoke(Ljava/lang/Object;[Ljava/lang/Object;)Ljava/lang/Object;+6
j  java.lang.reflect.Method.invoke(Ljava/lang/Object;[Ljava/lang/Object;)Ljava/lang/Object;+56
j  net.minecraft.launchwrapper.Launch.launch([Ljava/lang/String;)V+661
j  net.minecraft.launchwrapper.Launch.main([Ljava/lang/String;)V+8
j  net.minecraftforge.gradle.GradleStartCommon.launch([Ljava/lang/String;)V+181
j  GradleStart.main([Ljava/lang/String;)V+11
v  ~StubRoutines::call_stub

---------------  P R O C E S S  ---------------

Java Threads: ( => current thread )
  0x6b058c00 JavaThread "File IO Thread" [_thread_blocked, id=1768, stack(0x4a020000,0x4a070000)]
  0x6b057800 JavaThread "Chunk I/O Executor Thread-1" daemon [_thread_blocked, id=5752, stack(0x4e770000,0x4e7c0000)]
  0x6b057400 JavaThread "Netty IO #1" daemon [_thread_in_native, id=5680, stack(0x6ca70000,0x6cac0000)]
  0x5b807400 JavaThread "Netty Client IO #0" daemon [_thread_in_native, id=5712, stack(0x65c80000,0x65cd0000)]
  0x5317f400 JavaThread "Netty IO #0" daemon [_thread_in_native, id=5356, stack(0x65930000,0x65980000)]
  0x55410400 JavaThread "Thread-11" [_thread_blocked, id=4800, stack(0x65cf0000,0x65d40000)]
  0x5f1c8800 JavaThread "Thread-10" [_thread_blocked, id=5484, stack(0x4fc70000,0x4fcc0000)]
  0x47a3a000 JavaThread "LWJGL Timer" daemon [_thread_blocked, id=5212, stack(0x4fcc0000,0x4fd10000)]
  0x47ad8800 JavaThread "Java2D Disposer" daemon [_thread_blocked, id=3976, stack(0x494d0000,0x49520000)]
  0x47d6f800 JavaThread "Timer hack thread" daemon [_thread_blocked, id=3348, stack(0x48780000,0x487d0000)]
  0x47d40400 JavaThread "Snooper Timer" daemon [_thread_blocked, id=2628, stack(0x49060000,0x490b0000)]
  0x4673cc00 JavaThread "Service Thread" daemon [_thread_blocked, id=3056, stack(0x46cd0000,0x46d20000)]
  0x46712000 JavaThread "C1 CompilerThread0" daemon [_thread_blocked, id=2752, stack(0x46ff0000,0x47040000)]
  0x4670f000 JavaThread "Attach Listener" daemon [_thread_blocked, id=384, stack(0x47100000,0x47150000)]
  0x4670e000 JavaThread "Signal Dispatcher" daemon [_thread_blocked, id=1852, stack(0x46ed0000,0x46f20000)]
  0x46717800 JavaThread "Surrogate Locker Thread (Concurrent GC)" daemon [_thread_blocked, id=3648, stack(0x00340000,0x00390000)]
  0x466df800 JavaThread "Finalizer" daemon [_thread_blocked, id=3784, stack(0x04760000,0x047b0000)]
  0x466db000 JavaThread "Reference Handler" daemon [_thread_blocked, id=3604, stack(0x048b0000,0x04900000)]
=>0x00b91400 JavaThread "Client thread" [_thread_in_native, id=5404, stack(0x00260000,0x002b0000)]

Other Threads:
  0x466d8400 VMThread [stack: 0x46d20000,0x46d70000] [id=3764]
  0x4674ac00 WatcherThread [stack: 0x471d0000,0x47220000] [id=3952]

VM state:not at safepoint (normal execution)

VM Mutex/Monitor currently owned by a thread: None

Heap:
 par new generation   total 235968K, used 4128K [0x04a00000, 0x14a00000, 0x14a00000)
  eden space 209792K,   1% used [0x04a00000, 0x04e080b0, 0x116e0000)
  from space 26176K,   0% used [0x13070000, 0x13070000, 0x14a00000)
  to   space 26176K,   0% used [0x116e0000, 0x116e0000, 0x13070000)
 concurrent mark-sweep generation total 786432K, used 138522K [0x14a00000, 0x44a00000, 0x44a00000)
 Metaspace       used 22885K, capacity 23110K, committed 23296K, reserved 23936K

Card table byte_map: [0x44a00000,0x44c10000] byte_map_base: 0x449db000

Marking Bits: (CMSBitMap*) 0x00c032c0
 Bits: [0x44da0000, 0x465a0000)

Mod Union Table: (CMSBitMap*) 0x00c03320
 Bits: [0x00220000, 0x00250000)

Polling page: 0x00120000

CodeCache: size=32768Kb used=7294Kb max_used=8668Kb free=25473Kb
 bounds [0x02750000, 0x03030000, 0x04750000]
 total_blobs=3172 nmethods=2762 adapters=337
 compilation: enabled

Compilation events (10 events):
Event: 650.541 Thread 0x46712000 nmethod 16819 0x02b21988 code [0x02b21bd0, 0x02b228f0]
Event: 650.541 Thread 0x46712000 16820             sun.misc.FDBigInteger::multAndCarryBy10 (50 bytes)
Event: 650.541 Thread 0x46712000 nmethod 16820 0x02b3b4c8 code [0x02b3b5c0, 0x02b3b720]
Event: 650.541 Thread 0x46712000 16821             java.lang.AbstractStringBuilder::append (50 bytes)
Event: 650.541 Thread 0x46712000 nmethod 16821 0x02dbd288 code [0x02dbd3a0, 0x02dbd4e4]
Event: 650.700 Thread 0x46712000 16822   !         java.io.BufferedReader::readLine (304 bytes)
Event: 650.701 Thread 0x46712000 nmethod 16822 0x02931688 code [0x02931840, 0x029323a4]
Event: 650.702 Thread 0x46712000 16823   !         java.lang.ref.ReferenceQueue::enqueue (119 bytes)
Event: 650.702 Thread 0x46712000 nmethod 16823 0x028aee08 code [0x028aef20, 0x028af26c]
Event: 650.703 Thread 0x46712000 16824             sun.nio.cs.UTF_8$Decoder::decodeArrayLoop (691 bytes)

GC Heap History (10 events):
Event: 610.331 GC heap before
{Heap before GC invocations=62 (full 13):
 par new generation   total 235968K, used 225789K [0x04a00000, 0x14a00000, 0x14a00000)
  eden space 209792K, 100% used [0x04a00000, 0x116e0000, 0x116e0000)
  from space 26176K,  61% used [0x13070000, 0x1400f558, 0x14a00000)
  to   space 26176K,   0% used [0x116e0000, 0x116e0000, 0x13070000)
 concurrent mark-sweep generation total 786432K, used 214177K [0x14a00000, 0x44a00000, 0x44a00000)
 Metaspace       used 22860K, capacity 23110K, committed 23296K, reserved 23936K
Event: 610.337 GC heap after
Heap after GC invocations=63 (full 13):
 par new generation   total 235968K, used 18257K [0x04a00000, 0x14a00000, 0x14a00000)
  eden space 209792K,   0% used [0x04a00000, 0x04a00000, 0x116e0000)
  from space 26176K,  69% used [0x116e0000, 0x128b46b8, 0x13070000)
  to   space 26176K,   0% used [0x13070000, 0x13070000, 0x14a00000)
 concurrent mark-sweep generation total 786432K, used 214177K [0x14a00000, 0x44a00000, 0x44a00000)
 Metaspace       used 22860K, capacity 23110K, committed 23296K, reserved 23936K
}
Event: 620.783 GC heap before
{Heap before GC invocations=63 (full 13):
 par new generation   total 235968K, used 227977K [0x04a00000, 0x14a00000, 0x14a00000)
  eden space 209792K,  99% used [0x04a00000, 0x116cdfa8, 0x116e0000)
  from space 26176K,  69% used [0x116e0000, 0x128b46b8, 0x13070000)
  to   space 26176K,   0% used [0x13070000, 0x13070000, 0x14a00000)
 concurrent mark-sweep generation total 786432K, used 214177K [0x14a00000, 0x44a00000, 0x44a00000)
 Metaspace       used 22860K, capacity 23110K, committed 23296K, reserved 23936K
Event: 620.789 GC heap after
Heap after GC invocations=64 (full 13):
 par new generation   total 235968K, used 16917K [0x04a00000, 0x14a00000, 0x14a00000)
  eden space 209792K,   0% used [0x04a00000, 0x04a00000, 0x116e0000)
  from space 26176K,  64% used [0x13070000, 0x140f5400, 0x14a00000)
  to   space 26176K,   0% used [0x116e0000, 0x116e0000, 0x13070000)
 concurrent mark-sweep generation total 786432K, used 215602K [0x14a00000, 0x44a00000, 0x44a00000)
 Metaspace       used 22860K, capacity 23110K, committed 23296K, reserved 23936K
}
Event: 632.623 GC heap before
{Heap before GC invocations=64 (full 13):
 par new generation   total 235968K, used 226709K [0x04a00000, 0x14a00000, 0x14a00000)
  eden space 209792K, 100% used [0x04a00000, 0x116e0000, 0x116e0000)
  from space 26176K,  64% used [0x13070000, 0x140f5400, 0x14a00000)
  to   space 26176K,   0% used [0x116e0000, 0x116e0000, 0x13070000)
 concurrent mark-sweep generation total 786432K, used 215602K [0x14a00000, 0x44a00000, 0x44a00000)
 Metaspace       used 22860K, capacity 23110K, committed 23296K, reserved 23936K
Event: 632.629 GC heap after
Heap after GC invocations=65 (full 13):
 par new generation   total 235968K, used 18213K [0x04a00000, 0x14a00000, 0x14a00000)
  eden space 209792K,   0% used [0x04a00000, 0x04a00000, 0x116e0000)
  from space 26176K,  69% used [0x116e0000, 0x128a96d0, 0x13070000)
  to   space 26176K,   0% used [0x13070000, 0x13070000, 0x14a00000)
 concurrent mark-sweep generation total 786432K, used 215602K [0x14a00000, 0x44a00000, 0x44a00000)
 Metaspace       used 22860K, capacity 23110K, committed 23296K, reserved 23936K
}
Event: 644.683 GC heap before
{Heap before GC invocations=65 (full 13):
 par new generation   total 235968K, used 228005K [0x04a00000, 0x14a00000, 0x14a00000)
  eden space 209792K, 100% used [0x04a00000, 0x116e0000, 0x116e0000)
  from space 26176K,  69% used [0x116e0000, 0x128a96d0, 0x13070000)
  to   space 26176K,   0% used [0x13070000, 0x13070000, 0x14a00000)
 concurrent mark-sweep generation total 786432K, used 215602K [0x14a00000, 0x44a00000, 0x44a00000)
 Metaspace       used 22860K, capacity 23110K, committed 23296K, reserved 23936K
Event: 644.689 GC heap after
Heap after GC invocations=66 (full 13):
 par new generation   total 235968K, used 16627K [0x04a00000, 0x14a00000, 0x14a00000)
  eden space 209792K,   0% used [0x04a00000, 0x04a00000, 0x116e0000)
  from space 26176K,  63% used [0x13070000, 0x140acfd8, 0x14a00000)
  to   space 26176K,   0% used [0x116e0000, 0x116e0000, 0x13070000)
 concurrent mark-sweep generation total 786432K, used 219018K [0x14a00000, 0x44a00000, 0x44a00000)
 Metaspace       used 22860K, capacity 23110K, committed 23296K, reserved 23936K
}
Event: 650.543 GC heap before
{Heap before GC invocations=66 (full 13):
 par new generation   total 235968K, used 115231K [0x04a00000, 0x14a00000, 0x14a00000)
  eden space 209792K,  47% used [0x04a00000, 0x0aa4b000, 0x116e0000)
  from space 26176K,  63% used [0x13070000, 0x140acfd8, 0x14a00000)
  to   space 26176K,   0% used [0x116e0000, 0x116e0000, 0x13070000)
 concurrent mark-sweep generation total 786432K, used 219018K [0x14a00000, 0x44a00000, 0x44a00000)
 Metaspace       used 22882K, capacity 23110K, committed 23296K, reserved 23936K
Event: 650.700 GC heap after
Heap after GC invocations=67 (full 14):
 par new generation   total 235968K, used 0K [0x04a00000, 0x14a00000, 0x14a00000)
  eden space 209792K,   0% used [0x04a00000, 0x04a00000, 0x116e0000)
  from space 26176K,   0% used [0x13070000, 0x13070000, 0x14a00000)
  to   space 26176K,   0% used [0x116e0000, 0x116e0000, 0x13070000)
 concurrent mark-sweep generation total 786432K, used 138522K [0x14a00000, 0x44a00000, 0x44a00000)
 Metaspace       used 22882K, capacity 23110K, committed 23296K, reserved 23936K
}

Deoptimization events (0 events):
No events

Internal exceptions (10 events):
Event: 649.689 Thread 0x5f1c8800 Exception <a 'java/lang/InterruptedException': sleep interrupted> (0x09bef6a8) thrown at [C:\re\workspace\8-2-build-windows-i586-cygwin\jdk8u71\5731\hotspot\src\share\vm\prims\jvm.cpp, line 3215]
Event: 649.702 Thread 0x5f1c8800 Exception <a 'java/lang/InterruptedException': sleep interrupted> (0x09bef928) thrown at [C:\re\workspace\8-2-build-windows-i586-cygwin\jdk8u71\5731\hotspot\src\share\vm\prims\jvm.cpp, line 3215]
Event: 649.715 Thread 0x5f1c8800 Exception <a 'java/lang/InterruptedException': sleep interrupted> (0x0a074610) thrown at [C:\re\workspace\8-2-build-windows-i586-cygwin\jdk8u71\5731\hotspot\src\share\vm\prims\jvm.cpp, line 3215]
Event: 649.728 Thread 0x5f1c8800 Exception <a 'java/lang/InterruptedException': sleep interrupted> (0x0a074890) thrown at [C:\re\workspace\8-2-build-windows-i586-cygwin\jdk8u71\5731\hotspot\src\share\vm\prims\jvm.cpp, line 3215]
Event: 649.742 Thread 0x5f1c8800 Exception <a 'java/lang/InterruptedException': sleep interrupted> (0x0a074b10) thrown at [C:\re\workspace\8-2-build-windows-i586-cygwin\jdk8u71\5731\hotspot\src\share\vm\prims\jvm.cpp, line 3215]
Event: 649.755 Thread 0x5f1c8800 Exception <a 'java/lang/InterruptedException': sleep interrupted> (0x0a074d90) thrown at [C:\re\workspace\8-2-build-windows-i586-cygwin\jdk8u71\5731\hotspot\src\share\vm\prims\jvm.cpp, line 3215]
Event: 649.769 Thread 0x5f1c8800 Exception <a 'java/lang/InterruptedException': sleep interrupted> (0x0a075010) thrown at [C:\re\workspace\8-2-build-windows-i586-cygwin\jdk8u71\5731\hotspot\src\share\vm\prims\jvm.cpp, line 3215]
Event: 649.769 Thread 0x5f1c8800 Exception <a 'java/lang/InterruptedException': sleep interrupted> (0x0a075d90) thrown at [C:\re\workspace\8-2-build-windows-i586-cygwin\jdk8u71\5731\hotspot\src\share\vm\prims\jvm.cpp, line 3167]
Event: 650.542 Thread 0x5f1c8800 Exception <a 'java/lang/InterruptedException': sleep interrupted> (0x0a075fd0) thrown at [C:\re\workspace\8-2-build-windows-i586-cygwin\jdk8u71\5731\hotspot\src\share\vm\prims\jvm.cpp, line 3215]
Event: 650.700 Thread 0x5f1c8800 Exception <a 'java/lang/InterruptedException': sleep interrupted> (0x04e03838) thrown at [C:\re\workspace\8-2-build-windows-i586-cygwin\jdk8u71\5731\hotspot\src\share\vm\prims\jvm.cpp, line 3167]

Events (10 events):
Event: 650.702 Thread 0x46712000 flushing nmethod 0x028b05c8
Event: 650.702 Thread 0x46712000 flushing nmethod 0x028bf988
Event: 650.702 Thread 0x46712000 flushing nmethod 0x028bfb48
Event: 650.702 Thread 0x46712000 flushing nmethod 0x028bfd48
Event: 650.702 Thread 0x46712000 flushing nmethod 0x028db8c8
Event: 650.702 Thread 0x46712000 flushing nmethod 0x028dbc08
Event: 650.702 Thread 0x46712000 flushing nmethod 0x02961b88
Event: 650.703 Thread 0x46712000 flushing nmethod 0x02aab048
Event: 650.703 Thread 0x46712000 flushing nmethod 0x02aab448
Event: 650.703 Thread 0x46712000 flushing nmethod 0x02ac0488


Dynamic libraries:
0x01310000 - 0x01343000 	C:\Program Files (x86)\Java\jre1.8.0_71\bin\javaw.exe
0x77080000 - 0x77200000 	C:\Windows\SysWOW64\ntdll.dll
0x75760000 - 0x75870000 	C:\Windows\syswow64\kernel32.dll
0x76b10000 - 0x76b57000 	C:\Windows\syswow64\KERNELBASE.dll
0x765a0000 - 0x76641000 	C:\Windows\syswow64\ADVAPI32.dll
0x756b0000 - 0x7575c000 	C:\Windows\syswow64\msvcrt.dll
0x75870000 - 0x75889000 	C:\Windows\SysWOW64\sechost.dll
0x768e0000 - 0x769d0000 	C:\Windows\syswow64\RPCRT4.dll
0x74a00000 - 0x74a60000 	C:\Windows\syswow64\SspiCli.dll
0x749f0000 - 0x749fc000 	C:\Windows\syswow64\CRYPTBASE.dll
0x755a0000 - 0x756a0000 	C:\Windows\syswow64\USER32.dll
0x74f30000 - 0x74fc0000 	C:\Windows\syswow64\GDI32.dll
0x76a70000 - 0x76a7a000 	C:\Windows\syswow64\LPK.dll
0x76500000 - 0x7659d000 	C:\Windows\syswow64\USP10.dll
0x72190000 - 0x7232e000 	C:\Windows\WinSxS\x86_microsoft.windows.common-controls_6595b64144ccf1df_6.0.7601.17514_none_41e6975e2bd6f2b2\COMCTL32.dll
0x74df0000 - 0x74e47000 	C:\Windows\syswow64\SHLWAPI.dll
0x74e50000 - 0x74eb0000 	C:\Windows\system32\IMM32.DLL
0x75480000 - 0x7554c000 	C:\Windows\syswow64\MSCTF.dll
0x5b9a0000 - 0x5ba5f000 	C:\Program Files (x86)\Java\jre1.8.0_71\bin\msvcr100.dll
0x58920000 - 0x58ce8000 	C:\Program Files (x86)\Java\jre1.8.0_71\bin\client\jvm.dll
0x72d30000 - 0x72d37000 	C:\Windows\system32\WSOCK32.dll
0x751f0000 - 0x75225000 	C:\Windows\syswow64\WS2_32.dll
0x764f0000 - 0x764f6000 	C:\Windows\syswow64\NSI.dll
0x74220000 - 0x74252000 	C:\Windows\system32\WINMM.dll
0x74920000 - 0x74929000 	C:\Windows\system32\VERSION.dll
0x74ec0000 - 0x74ec5000 	C:\Windows\syswow64\PSAPI.DLL
0x66260000 - 0x6626c000 	C:\Program Files (x86)\Java\jre1.8.0_71\bin\verify.dll
0x61960000 - 0x61981000 	C:\Program Files (x86)\Java\jre1.8.0_71\bin\java.dll
0x619a0000 - 0x619b3000 	C:\Program Files (x86)\Java\jre1.8.0_71\bin\zip.dll
0x75890000 - 0x764db000 	C:\Windows\syswow64\SHELL32.dll
0x74a60000 - 0x74bbc000 	C:\Windows\syswow64\ole32.dll
0x76710000 - 0x7671b000 	C:\Windows\syswow64\profapi.dll
0x66270000 - 0x6627a000 	C:\Program Files (x86)\Java\jre1.8.0_71\bin\management.dll
0x66150000 - 0x66166000 	C:\Program Files (x86)\Java\jre1.8.0_71\bin\net.dll
0x72ca0000 - 0x72cdc000 	C:\Windows\system32\mswsock.dll
0x715e0000 - 0x715e6000 	C:\Windows\System32\wship6.dll
0x61990000 - 0x6199f000 	C:\Program Files (x86)\Java\jre1.8.0_71\bin\nio.dll
0x71fa0000 - 0x71fb0000 	C:\Windows\system32\NLAapi.dll
0x71f90000 - 0x71fa0000 	C:\Windows\system32\napinsp.dll
0x71f70000 - 0x71f82000 	C:\Windows\system32\pnrpnsp.dll
0x71f20000 - 0x71f64000 	C:\Windows\system32\DNSAPI.dll
0x71f10000 - 0x71f18000 	C:\Windows\System32\winrnr.dll
0x71ee0000 - 0x71f01000 	C:\Program Files (x86)\Bonjour\mdnsNSP.dll
0x728e0000 - 0x728fc000 	C:\Windows\system32\Iphlpapi.DLL
0x728d0000 - 0x728d7000 	C:\Windows\system32\WINNSI.DLL
0x71eb0000 - 0x71ed7000 	C:\Program Files (x86)\Common Files\Microsoft Shared\Windows Live\WLIDNSP.DLL
0x72ce0000 - 0x72cfe000 	C:\Program Files (x86)\Common Files\Netop\WebFilterLSP32.dll
0x76a80000 - 0x76b0f000 	C:\Windows\syswow64\OLEAUT32.dll
0x74550000 - 0x745b9000 	C:\Windows\system32\MSVCP100.dll
0x766e0000 - 0x7670e000 	C:\Windows\syswow64\WINTRUST.dll
0x76b60000 - 0x76c80000 	C:\Windows\syswow64\CRYPT32.dll
0x756a0000 - 0x756ac000 	C:\Windows\syswow64\MSASN1.dll
0x72c90000 - 0x72c9b000 	C:\Program Files (x86)\Common Files\Netop\WebFilterLogger32.dll
0x72c80000 - 0x72c85000 	C:\Windows\System32\wshtcpip.dll
0x71fb0000 - 0x72030000 	C:\Windows\system32\uxtheme.dll
0x71e10000 - 0x71e16000 	C:\Windows\system32\rasadhlp.dll
0x76650000 - 0x766d3000 	C:\Windows\syswow64\CLBCatQ.DLL
0x71e20000 - 0x71e58000 	C:\Windows\System32\fwpuclnt.dll
0x72c50000 - 0x72c7d000 	C:\Program Files (x86)\Netop\Vision\Plugins\WebLock\WebFilterMgr32.dll
0x72c20000 - 0x72c4f000 	C:\Windows\system32\XmlLite.dll
0x72bf0000 - 0x72c16000 	C:\Windows\system32\ATL100.DLL
0x74890000 - 0x748b1000 	C:\Windows\system32\ntmarta.dll
0x75550000 - 0x75595000 	C:\Windows\syswow64\WLDAP32.dll
0x720a0000 - 0x720b6000 	C:\Windows\system32\CRYPTSP.dll
0x72060000 - 0x7209b000 	C:\Windows\system32\rsaenh.dll
0x72050000 - 0x7205e000 	C:\Windows\system32\RpcRtRemote.dll
0x6f6a0000 - 0x6f6b3000 	C:\Windows\system32\dwmapi.dll
0x470b0000 - 0x470fd000 	C:\Users\1203038\.gradle\caches\minecraft\net\minecraft\minecraft_natives\1.7.10\lwjgl.dll
0x5b8d0000 - 0x5b998000 	C:\Windows\system32\OPENGL32.dll
0x61910000 - 0x61932000 	C:\Windows\system32\GLU32.dll
0x59840000 - 0x59927000 	C:\Windows\system32\DDRAW.dll
0x66130000 - 0x66136000 	C:\Windows\system32\DCIMAN32.dll
0x76740000 - 0x768dd000 	C:\Windows\syswow64\SETUPAPI.dll
0x74bf0000 - 0x74c17000 	C:\Windows\syswow64\CFGMGR32.dll
0x76720000 - 0x76732000 	C:\Windows\syswow64\DEVOBJ.dll
0x74bc0000 - 0x74bd7000 	C:\Windows\syswow64\USERENV.dll
0x72110000 - 0x7211d000 	C:\Windows\system32\dhcpcsvc6.DLL
0x720f0000 - 0x72102000 	C:\Windows\system32\dhcpcsvc.DLL
0x596f0000 - 0x59835000 	C:\Program Files (x86)\Java\jre1.8.0_71\bin\awt.dll
0x570b0000 - 0x58913000 	C:\Windows\system32\nvoglv32.DLL
0x72d20000 - 0x72d2d000 	C:\Windows\system32\WTSAPI32.dll
0x6f760000 - 0x6f84b000 	C:\Windows\system32\dbghelp.dll
0x6ebd0000 - 0x6ec49000 	C:\Windows\system32\mscms.dll
0x660f0000 - 0x66128000 	C:\Windows\system32\icm32.dll
0x720c0000 - 0x720e9000 	C:\Windows\system32\WINSTA.dll
0x70a40000 - 0x70a7a000 	C:\Users\1203038\.gradle\caches\minecraft\net\minecraft\minecraft_natives\1.7.10\avutil-ttv-51.dll
0x65980000 - 0x6599d000 	C:\Users\1203038\.gradle\caches\minecraft\net\minecraft\minecraft_natives\1.7.10\swresample-ttv-0.dll
0x4a3c0000 - 0x4a449000 	C:\Users\1203038\.gradle\caches\minecraft\net\minecraft\minecraft_natives\1.7.10\libmp3lame-ttv.dll
0x56130000 - 0x570b0000 	C:\Users\1203038\.gradle\caches\minecraft\net\minecraft\minecraft_natives\1.7.10\libmfxsw32.dll
0x595e0000 - 0x596e3000 	C:\Users\1203038\.gradle\caches\minecraft\net\minecraft\minecraft_natives\1.7.10\twitchsdk.dll
0x75000000 - 0x751e4000 	C:\Windows\syswow64\WININET.dll
0x74eb0000 - 0x74eb4000 	C:\Windows\syswow64\api-ms-win-downlevel-user32-l1-1-0.dll
0x77050000 - 0x77054000 	C:\Windows\syswow64\api-ms-win-downlevel-shlwapi-l1-1-0.dll
0x76a60000 - 0x76a64000 	C:\Windows\syswow64\api-ms-win-downlevel-version-l1-1-0.dll
0x764e0000 - 0x764e3000 	C:\Windows\syswow64\api-ms-win-downlevel-normaliz-l1-1-0.dll
0x74ff0000 - 0x74ff3000 	C:\Windows\syswow64\normaliz.DLL
0x75240000 - 0x75472000 	C:\Windows\syswow64\iertutil.dll
0x75230000 - 0x75235000 	C:\Windows\syswow64\api-ms-win-downlevel-advapi32-l1-1-0.dll
0x47040000 - 0x47059000 	C:\Windows\system32\OpenAL32.dll
0x6ed90000 - 0x6edc9000 	C:\Windows\system32\MMDevAPI.DLL
0x72460000 - 0x72555000 	C:\Windows\system32\PROPSYS.dll
0x618b0000 - 0x618e0000 	C:\Windows\system32\wdmaud.drv
0x707c0000 - 0x707c4000 	C:\Windows\system32\ksuser.dll
0x707d0000 - 0x707d7000 	C:\Windows\system32\AVRT.dll
0x6edd0000 - 0x6ee06000 	C:\Windows\system32\AUDIOSES.DLL
0x61950000 - 0x61958000 	C:\Windows\system32\msacm32.drv
0x61890000 - 0x618a4000 	C:\Windows\system32\MSACM32.dll
0x61900000 - 0x61907000 	C:\Windows\system32\midimap.dll
0x4a7d0000 - 0x4a842000 	C:\Windows\system32\dsound.dll
0x47f20000 - 0x47f45000 	C:\Windows\system32\POWRPROF.dll
0x60d80000 - 0x611d8000 	C:\Windows\system32\wrap_oal.dll
0x4f630000 - 0x4f695000 	C:\Users\1203038\.gradle\caches\minecraft\net\minecraft\minecraft_natives\1.7.10\OpenAL32.dll
0x46cb0000 - 0x46cd0000 	C:\Program Files (x86)\Java\jre1.8.0_71\bin\sunec.dll

VM Arguments:
jvm_args: -Xincgc -Xmx1024M -Xms1024M -Dfile.encoding=Cp1252 
java_command: GradleStart
java_class_path (initial): G:\Eclipse_Workspace\Turd Mod\bin;C:\Users\1203038\.gradle\caches\minecraft\net\minecraftforge\forge\1.7.10-10.13.4.1614-1.7.10\forgeSrc-1.7.10-10.13.4.1614-1.7.10.jar;C:\Users\1203038\.gradle\caches\modules-2\files-2.1\net.minecraft\launchwrapper\1.12\111e7bea9c968cdb3d06ef4632bf7ff0824d0f36\launchwrapper-1.12.jar;C:\Users\1203038\.gradle\caches\modules-2\files-2.1\com.google.code.findbugs\jsr305\1.3.9\40719ea6961c0cb6afaeb6a921eaa1f6afd4cfdf\jsr305-1.3.9.jar;C:\Users\1203038\.gradle\caches\modules-2\files-2.1\org.ow2.asm\asm-debug-all\5.0.3\f9e364ae2a66ce2a543012a4668856e84e5dab74\asm-debug-all-5.0.3.jar;C:\Users\1203038\.gradle\caches\modules-2\files-2.1\com.typesafe.akka\akka-actor_2.11\2.3.3\ed62e9fc709ca0f2ff1a3220daa8b70a2870078e\akka-actor_2.11-2.3.3.jar;C:\Users\1203038\.gradle\caches\modules-2\files-2.1\com.typesafe\config\1.2.1\f771f71fdae3df231bcd54d5ca2d57f0bf93f467\config-1.2.1.jar;C:\Users\1203038\.gradle\caches\modules-2\files-2.1\org.scala-lang\scala-actors-migration_2.11\1.1.0\dfa8bc42b181d5b9f1a5dd147f8ae308b893eb6f\scala-actors-migration_2.11-1.1.0.jar;C:\Users\1203038\.gradle\caches\modules-2\files-2.1\org.scala-lang\scala-compiler\2.11.1\56ea2e6c025e0821f28d73ca271218b8dd04926a\scala-compiler-2.11.1.jar;C:\Users\1203038\.gradle\caches\modules-2\files-2.1\org.scala-lang.plugins\scala-continuations-library_2.11\1.0.2\e517c53a7e9acd6b1668c5a35eccbaa3bab9aac\scala-continuations-library_2.11-1.0.2.jar;C:\Users\1203038\.gradle\caches\modules-2\files-2.1\org.scala-lang.plugins\scala-continuations-plugin_2.11.1\1.0.2\f361a3283452c57fa30c1ee69448995de23c60f7\scala-continuations-plugin_2.11.1-1.0.2.jar;C:\Users\1203038\.gradle\caches\modules-2\files-2.1\org.scala-lang\scala-library\2.11.1\e11da23da3eabab9f4777b9220e60d44c1aab6a\scala-library-2.11.1.jar;C:\Users\1203038\.gradle\caches\modules-2\files-2.1\org.scala-lang\scala-parser-combinators_2.11\1.0.1\f05d7345bf5a58924f2837c6c1f4d73a938e1ff0\scala-parser-combinators_2.11-1.
Launcher Type: SUN_STANDARD

Environment Variables:
PATH=C:/Program Files (x86)/Java/jre1.8.0_112/bin/client;C:/Program Files (x86)/Java/jre1.8.0_112/bin;C:/Program Files (x86)/Java/jre1.8.0_112/lib/i386;C:\ProgramData\Oracle\Java\javapath;C:\Program Files\Common Files\Microsoft Shared\Windows Live;C:\Program Files (x86)\Common Files\Microsoft Shared\Windows Live;C:\Windows\system32;C:\Windows;C:\Windows\System32\Wbem;C:\Windows\System32\WindowsPowerShell\v1.0\;C:\Program Files (x86)\QuickTime\QTSystem\;C:\Program Files (x86)\Windows Live\Shared;C:\Program Files (x86)\Common Files\Netop\;C:\Program Files (x86)\Netop\Vision\XL\;C:\Windows\system32\config\systemprofile\.dnx\bin;C:\Program Files\Microsoft DNX\Dnvm\;C:\Program Files\Microsoft SQL Server\130\Tools\Binn\;C:\Program Files\Microsoft SQL Server\110\Tools\Binn\;C:\Program Files (x86)\Windows Kits\8.1\Windows Performance Toolkit\;C:\Program Files (x86)\nodejs\;C:\Program Files\Git\cmd;G:\Eclipse_Workspace\Turd Mod\src\main\java\com\turd\block;
USERNAME=1203038
OS=Windows_NT
PROCESSOR_IDENTIFIER=Intel64 Family 6 Model 60 Stepping 3, GenuineIntel



---------------  S Y S T E M  ---------------

OS:Call to GetFileVersionInfoSize failed

CPU:total 4 (4 cores per cpu, 1 threads per core) family 6 model 60 stepping 3, cmov, cx8, fxsr, mmx, sse, sse2, sse3, ssse3, sse4.1, sse4.2, popcnt, avx, avx2, aes, clmul, erms, lzcnt, tsc, tscinvbit, bmi1, bmi2

Memory: 4k page, physical 6213540k(3037068k free), swap 12425220k(8272616k free)

vm_info: Java HotSpot(TM) Client VM (25.71-b15) for windows-x86 JRE (1.8.0_71-b15), built on Dec 22 2015 17:22:59 by "java_re" with MS VC++ 10.0 (VS2010)

time: Fri Jan 13 13:40:35 2017
elapsed time: 650 seconds (0d 0h 10m 50s)

